{"C:\\Users\\User\\Desktop\\Hacktiv8\\fase3\\Final Project\\MyRecipes\\server\\app.js": {"path":"C:\\Users\\User\\Desktop\\Hacktiv8\\fase3\\Final Project\\MyRecipes\\server\\app.js","statementMap":{"0":{"start":{"line":1,"column":0},"end":{"line":1,"column":26}},"1":{"start":{"line":2,"column":16},"end":{"line":2,"column":34}},"2":{"start":{"line":3,"column":12},"end":{"line":3,"column":21}},"3":{"start":{"line":4,"column":13},"end":{"line":4,"column":28}},"4":{"start":{"line":5,"column":13},"end":{"line":5,"column":37}},"5":{"start":{"line":6,"column":15},"end":{"line":6,"column":34}},"6":{"start":{"line":7,"column":90},"end":{"line":7,"column":130}},"7":{"start":{"line":13,"column":0},"end":{"line":13,"column":45}},"8":{"start":{"line":14,"column":0},"end":{"line":14,"column":23}},"9":{"start":{"line":15,"column":0},"end":{"line":15,"column":15}},"10":{"start":{"line":17,"column":0},"end":{"line":17,"column":16}},"11":{"start":{"line":20,"column":0},"end":{"line":20,"column":31}},"12":{"start":{"line":22,"column":0},"end":{"line":22,"column":55}},"13":{"start":{"line":24,"column":0},"end":{"line":24,"column":47}},"14":{"start":{"line":26,"column":0},"end":{"line":26,"column":40}},"15":{"start":{"line":28,"column":0},"end":{"line":30,"column":2}},"16":{"start":{"line":29,"column":4},"end":{"line":29,"column":60}},"17":{"start":{"line":63,"column":0},"end":{"line":63,"column":20}}},"fnMap":{"0":{"name":"(anonymous_0)","decl":{"start":{"line":28,"column":17},"end":{"line":28,"column":18}},"loc":{"start":{"line":28,"column":23},"end":{"line":30,"column":1}},"line":28}},"branchMap":{"0":{"loc":{"start":{"line":5,"column":13},"end":{"line":5,"column":37}},"type":"binary-expr","locations":[{"start":{"line":5,"column":13},"end":{"line":5,"column":29}},{"start":{"line":5,"column":33},"end":{"line":5,"column":37}}],"line":5}},"s":{"0":1,"1":1,"2":1,"3":1,"4":1,"5":1,"6":1,"7":1,"8":1,"9":1,"10":1,"11":1,"12":1,"13":1,"14":1,"15":1,"16":0,"17":1},"f":{"0":0},"b":{"0":[1,0]},"_coverageSchema":"1a1c01bbd47fc00a2c39e90264f33305004495a9","hash":"f2caa7169b44d42ded57a123da44153aa195da86"}
,"C:\\Users\\User\\Desktop\\Hacktiv8\\fase3\\Final Project\\MyRecipes\\server\\apis\\imagekitAxios.js": {"path":"C:\\Users\\User\\Desktop\\Hacktiv8\\fase3\\Final Project\\MyRecipes\\server\\apis\\imagekitAxios.js","statementMap":{"0":{"start":{"line":1,"column":14},"end":{"line":1,"column":30}},"1":{"start":{"line":3,"column":22},"end":{"line":8,"column":2}},"2":{"start":{"line":11,"column":0},"end":{"line":11,"column":30}}},"fnMap":{},"branchMap":{},"s":{"0":1,"1":1,"2":1},"f":{},"b":{},"_coverageSchema":"1a1c01bbd47fc00a2c39e90264f33305004495a9","hash":"967b64af2b56a72377b1ab419d308d57fd57d657"}
,"C:\\Users\\User\\Desktop\\Hacktiv8\\fase3\\Final Project\\MyRecipes\\server\\controller\\categoryController.js": {"path":"C:\\Users\\User\\Desktop\\Hacktiv8\\fase3\\Final Project\\MyRecipes\\server\\controller\\categoryController.js","statementMap":{"0":{"start":{"line":1,"column":21},"end":{"line":1,"column":41}},"1":{"start":{"line":5,"column":8},"end":{"line":10,"column":9}},"2":{"start":{"line":6,"column":29},"end":{"line":6,"column":53}},"3":{"start":{"line":7,"column":12},"end":{"line":7,"column":45}},"4":{"start":{"line":9,"column":12},"end":{"line":9,"column":29}},"5":{"start":{"line":14,"column":8},"end":{"line":24,"column":9}},"6":{"start":{"line":15,"column":25},"end":{"line":18,"column":13}},"7":{"start":{"line":19,"column":29},"end":{"line":19,"column":56}},"8":{"start":{"line":20,"column":12},"end":{"line":20,"column":45}},"9":{"start":{"line":22,"column":12},"end":{"line":22,"column":29}},"10":{"start":{"line":23,"column":12},"end":{"line":23,"column":38}},"11":{"start":{"line":28,"column":8},"end":{"line":35,"column":9}},"12":{"start":{"line":29,"column":35},"end":{"line":29,"column":45}},"13":{"start":{"line":30,"column":29},"end":{"line":30,"column":64}},"14":{"start":{"line":31,"column":12},"end":{"line":31,"column":45}},"15":{"start":{"line":33,"column":12},"end":{"line":33,"column":29}},"16":{"start":{"line":34,"column":12},"end":{"line":34,"column":37}},"17":{"start":{"line":39,"column":8},"end":{"line":61,"column":9}},"18":{"start":{"line":40,"column":35},"end":{"line":40,"column":45}},"19":{"start":{"line":41,"column":34},"end":{"line":41,"column":69}},"20":{"start":{"line":42,"column":12},"end":{"line":44,"column":13}},"21":{"start":{"line":43,"column":16},"end":{"line":43,"column":40}},"22":{"start":{"line":46,"column":25},"end":{"line":49,"column":13}},"23":{"start":{"line":51,"column":29},"end":{"line":56,"column":14}},"24":{"start":{"line":57,"column":12},"end":{"line":57,"column":58}},"25":{"start":{"line":59,"column":12},"end":{"line":59,"column":29}},"26":{"start":{"line":60,"column":12},"end":{"line":60,"column":38}},"27":{"start":{"line":65,"column":8},"end":{"line":83,"column":9}},"28":{"start":{"line":66,"column":35},"end":{"line":66,"column":45}},"29":{"start":{"line":67,"column":34},"end":{"line":67,"column":69}},"30":{"start":{"line":68,"column":12},"end":{"line":70,"column":13}},"31":{"start":{"line":69,"column":16},"end":{"line":69,"column":40}},"32":{"start":{"line":72,"column":12},"end":{"line":76,"column":14}},"33":{"start":{"line":77,"column":12},"end":{"line":79,"column":14}},"34":{"start":{"line":81,"column":12},"end":{"line":81,"column":29}},"35":{"start":{"line":82,"column":12},"end":{"line":82,"column":38}},"36":{"start":{"line":87,"column":0},"end":{"line":87,"column":28}}},"fnMap":{"0":{"name":"(anonymous_0)","decl":{"start":{"line":4,"column":4},"end":{"line":4,"column":5}},"loc":{"start":{"line":4,"column":47},"end":{"line":11,"column":5}},"line":4},"1":{"name":"(anonymous_1)","decl":{"start":{"line":13,"column":4},"end":{"line":13,"column":5}},"loc":{"start":{"line":13,"column":45},"end":{"line":25,"column":5}},"line":13},"2":{"name":"(anonymous_2)","decl":{"start":{"line":27,"column":4},"end":{"line":27,"column":5}},"loc":{"start":{"line":27,"column":50},"end":{"line":36,"column":5}},"line":27},"3":{"name":"(anonymous_3)","decl":{"start":{"line":38,"column":4},"end":{"line":38,"column":5}},"loc":{"start":{"line":38,"column":46},"end":{"line":62,"column":5}},"line":38},"4":{"name":"(anonymous_4)","decl":{"start":{"line":64,"column":4},"end":{"line":64,"column":5}},"loc":{"start":{"line":64,"column":48},"end":{"line":84,"column":5}},"line":64}},"branchMap":{"0":{"loc":{"start":{"line":42,"column":12},"end":{"line":44,"column":13}},"type":"if","locations":[{"start":{"line":42,"column":12},"end":{"line":44,"column":13}},{"start":{},"end":{}}],"line":42},"1":{"loc":{"start":{"line":68,"column":12},"end":{"line":70,"column":13}},"type":"if","locations":[{"start":{"line":68,"column":12},"end":{"line":70,"column":13}},{"start":{},"end":{}}],"line":68}},"s":{"0":1,"1":0,"2":0,"3":0,"4":0,"5":0,"6":0,"7":0,"8":0,"9":0,"10":0,"11":0,"12":0,"13":0,"14":0,"15":0,"16":0,"17":0,"18":0,"19":0,"20":0,"21":0,"22":0,"23":0,"24":0,"25":0,"26":0,"27":0,"28":0,"29":0,"30":0,"31":0,"32":0,"33":0,"34":0,"35":0,"36":1},"f":{"0":0,"1":0,"2":0,"3":0,"4":0},"b":{"0":[0,0],"1":[0,0]},"_coverageSchema":"1a1c01bbd47fc00a2c39e90264f33305004495a9","hash":"83d24068cc64f9af16d72c7131977ae547ce8e39"}
,"C:\\Users\\User\\Desktop\\Hacktiv8\\fase3\\Final Project\\MyRecipes\\server\\controller\\classController.js": {"path":"C:\\Users\\User\\Desktop\\Hacktiv8\\fase3\\Final Project\\MyRecipes\\server\\controller\\classController.js","statementMap":{"0":{"start":{"line":1,"column":35},"end":{"line":1,"column":55}},"1":{"start":{"line":6,"column":8},"end":{"line":11,"column":9}},"2":{"start":{"line":7,"column":28},"end":{"line":7,"column":49}},"3":{"start":{"line":8,"column":12},"end":{"line":8,"column":41}},"4":{"start":{"line":10,"column":12},"end":{"line":10,"column":21}},"5":{"start":{"line":15,"column":8},"end":{"line":21,"column":9}},"6":{"start":{"line":16,"column":32},"end":{"line":16,"column":42}},"7":{"start":{"line":17,"column":29},"end":{"line":17,"column":58}},"8":{"start":{"line":18,"column":12},"end":{"line":18,"column":42}},"9":{"start":{"line":20,"column":12},"end":{"line":20,"column":21}},"10":{"start":{"line":25,"column":8},"end":{"line":33,"column":9}},"11":{"start":{"line":26,"column":48},"end":{"line":26,"column":56}},"12":{"start":{"line":27,"column":26},"end":{"line":27,"column":44}},"13":{"start":{"line":28,"column":28},"end":{"line":28,"column":42}},"14":{"start":{"line":29,"column":33},"end":{"line":29,"column":96}},"15":{"start":{"line":30,"column":12},"end":{"line":30,"column":46}},"16":{"start":{"line":32,"column":12},"end":{"line":32,"column":21}},"17":{"start":{"line":37,"column":8},"end":{"line":58,"column":9}},"18":{"start":{"line":38,"column":32},"end":{"line":38,"column":42}},"19":{"start":{"line":39,"column":48},"end":{"line":39,"column":56}},"20":{"start":{"line":40,"column":26},"end":{"line":40,"column":44}},"21":{"start":{"line":41,"column":31},"end":{"line":41,"column":33}},"22":{"start":{"line":42,"column":12},"end":{"line":54,"column":13}},"23":{"start":{"line":43,"column":16},"end":{"line":47,"column":18}},"24":{"start":{"line":49,"column":16},"end":{"line":53,"column":18}},"25":{"start":{"line":55,"column":12},"end":{"line":55,"column":88}},"26":{"start":{"line":57,"column":12},"end":{"line":57,"column":21}},"27":{"start":{"line":62,"column":8},"end":{"line":68,"column":9}},"28":{"start":{"line":63,"column":32},"end":{"line":63,"column":42}},"29":{"start":{"line":64,"column":12},"end":{"line":64,"column":59}},"30":{"start":{"line":65,"column":12},"end":{"line":65,"column":94}},"31":{"start":{"line":67,"column":12},"end":{"line":67,"column":21}},"32":{"start":{"line":74,"column":8},"end":{"line":102,"column":9}},"33":{"start":{"line":75,"column":12},"end":{"line":75,"column":47}},"34":{"start":{"line":76,"column":23},"end":{"line":76,"column":34}},"35":{"start":{"line":77,"column":32},"end":{"line":77,"column":42}},"36":{"start":{"line":78,"column":29},"end":{"line":78,"column":58}},"37":{"start":{"line":79,"column":32},"end":{"line":79,"column":55}},"38":{"start":{"line":80,"column":12},"end":{"line":80,"column":59}},"39":{"start":{"line":81,"column":12},"end":{"line":81,"column":52}},"40":{"start":{"line":82,"column":12},"end":{"line":84,"column":13}},"41":{"start":{"line":83,"column":16},"end":{"line":83,"column":52}},"42":{"start":{"line":85,"column":28},"end":{"line":88,"column":15}},"43":{"start":{"line":89,"column":12},"end":{"line":91,"column":13}},"44":{"start":{"line":90,"column":16},"end":{"line":90,"column":57}},"45":{"start":{"line":92,"column":12},"end":{"line":96,"column":14}},"46":{"start":{"line":97,"column":28},"end":{"line":97,"column":62}},"47":{"start":{"line":98,"column":12},"end":{"line":98,"column":55}},"48":{"start":{"line":99,"column":12},"end":{"line":99,"column":69}},"49":{"start":{"line":101,"column":12},"end":{"line":101,"column":21}},"50":{"start":{"line":106,"column":8},"end":{"line":117,"column":9}},"51":{"start":{"line":107,"column":23},"end":{"line":107,"column":34}},"52":{"start":{"line":108,"column":30},"end":{"line":108,"column":40}},"53":{"start":{"line":109,"column":31},"end":{"line":109,"column":86}},"54":{"start":{"line":110,"column":12},"end":{"line":112,"column":13}},"55":{"start":{"line":111,"column":16},"end":{"line":111,"column":50}},"56":{"start":{"line":113,"column":12},"end":{"line":113,"column":67}},"57":{"start":{"line":114,"column":12},"end":{"line":114,"column":67}},"58":{"start":{"line":116,"column":12},"end":{"line":116,"column":21}},"59":{"start":{"line":121,"column":8},"end":{"line":144,"column":9}},"60":{"start":{"line":122,"column":23},"end":{"line":122,"column":34}},"61":{"start":{"line":123,"column":28},"end":{"line":140,"column":14}},"62":{"start":{"line":141,"column":12},"end":{"line":141,"column":41}},"63":{"start":{"line":143,"column":12},"end":{"line":143,"column":21}},"64":{"start":{"line":148,"column":0},"end":{"line":148,"column":32}}},"fnMap":{"0":{"name":"(anonymous_0)","decl":{"start":{"line":5,"column":4},"end":{"line":5,"column":5}},"loc":{"start":{"line":5,"column":46},"end":{"line":12,"column":5}},"line":5},"1":{"name":"(anonymous_1)","decl":{"start":{"line":14,"column":4},"end":{"line":14,"column":5}},"loc":{"start":{"line":14,"column":44},"end":{"line":22,"column":5}},"line":14},"2":{"name":"(anonymous_2)","decl":{"start":{"line":24,"column":4},"end":{"line":24,"column":5}},"loc":{"start":{"line":24,"column":42},"end":{"line":34,"column":5}},"line":24},"3":{"name":"(anonymous_3)","decl":{"start":{"line":36,"column":4},"end":{"line":36,"column":5}},"loc":{"start":{"line":36,"column":43},"end":{"line":59,"column":5}},"line":36},"4":{"name":"(anonymous_4)","decl":{"start":{"line":61,"column":4},"end":{"line":61,"column":5}},"loc":{"start":{"line":61,"column":45},"end":{"line":69,"column":5}},"line":61},"5":{"name":"(anonymous_5)","decl":{"start":{"line":73,"column":4},"end":{"line":73,"column":5}},"loc":{"start":{"line":73,"column":47},"end":{"line":103,"column":5}},"line":73},"6":{"name":"(anonymous_6)","decl":{"start":{"line":105,"column":4},"end":{"line":105,"column":5}},"loc":{"start":{"line":105,"column":45},"end":{"line":118,"column":5}},"line":105},"7":{"name":"(anonymous_7)","decl":{"start":{"line":120,"column":4},"end":{"line":120,"column":5}},"loc":{"start":{"line":120,"column":50},"end":{"line":145,"column":5}},"line":120}},"branchMap":{"0":{"loc":{"start":{"line":42,"column":12},"end":{"line":54,"column":13}},"type":"if","locations":[{"start":{"line":42,"column":12},"end":{"line":54,"column":13}},{"start":{"line":48,"column":19},"end":{"line":54,"column":13}}],"line":42},"1":{"loc":{"start":{"line":82,"column":12},"end":{"line":84,"column":13}},"type":"if","locations":[{"start":{"line":82,"column":12},"end":{"line":84,"column":13}},{"start":{},"end":{}}],"line":82},"2":{"loc":{"start":{"line":82,"column":16},"end":{"line":82,"column":83}},"type":"binary-expr","locations":[{"start":{"line":82,"column":16},"end":{"line":82,"column":43}},{"start":{"line":82,"column":47},"end":{"line":82,"column":83}}],"line":82},"3":{"loc":{"start":{"line":89,"column":12},"end":{"line":91,"column":13}},"type":"if","locations":[{"start":{"line":89,"column":12},"end":{"line":91,"column":13}},{"start":{},"end":{}}],"line":89},"4":{"loc":{"start":{"line":110,"column":12},"end":{"line":112,"column":13}},"type":"if","locations":[{"start":{"line":110,"column":12},"end":{"line":112,"column":13}},{"start":{},"end":{}}],"line":110}},"s":{"0":1,"1":1,"2":1,"3":1,"4":0,"5":1,"6":1,"7":1,"8":1,"9":0,"10":6,"11":6,"12":6,"13":6,"14":6,"15":1,"16":5,"17":2,"18":2,"19":2,"20":2,"21":2,"22":2,"23":1,"24":1,"25":2,"26":0,"27":1,"28":1,"29":1,"30":1,"31":0,"32":3,"33":3,"34":3,"35":3,"36":3,"37":3,"38":3,"39":3,"40":3,"41":1,"42":2,"43":2,"44":1,"45":1,"46":1,"47":1,"48":1,"49":2,"50":2,"51":2,"52":2,"53":2,"54":2,"55":1,"56":1,"57":1,"58":1,"59":1,"60":1,"61":1,"62":1,"63":0,"64":1},"f":{"0":1,"1":1,"2":6,"3":2,"4":1,"5":3,"6":2,"7":1},"b":{"0":[1,1],"1":[1,2],"2":[3,3],"3":[1,1],"4":[1,1]},"_coverageSchema":"1a1c01bbd47fc00a2c39e90264f33305004495a9","hash":"2f3a6120e6ba678e170d1abc8c8db658593cfd9d"}
,"C:\\Users\\User\\Desktop\\Hacktiv8\\fase3\\Final Project\\MyRecipes\\server\\controller\\ingridientController.js": {"path":"C:\\Users\\User\\Desktop\\Hacktiv8\\fase3\\Final Project\\MyRecipes\\server\\controller\\ingridientController.js","statementMap":{"0":{"start":{"line":1,"column":23},"end":{"line":1,"column":43}},"1":{"start":{"line":5,"column":8},"end":{"line":11,"column":9}},"2":{"start":{"line":6,"column":29},"end":{"line":6,"column":55}},"3":{"start":{"line":7,"column":12},"end":{"line":7,"column":43}},"4":{"start":{"line":9,"column":12},"end":{"line":9,"column":29}},"5":{"start":{"line":10,"column":12},"end":{"line":10,"column":38}},"6":{"start":{"line":15,"column":8},"end":{"line":27,"column":9}},"7":{"start":{"line":16,"column":25},"end":{"line":19,"column":13}},"8":{"start":{"line":21,"column":29},"end":{"line":21,"column":58}},"9":{"start":{"line":23,"column":12},"end":{"line":23,"column":45}},"10":{"start":{"line":25,"column":12},"end":{"line":25,"column":29}},"11":{"start":{"line":26,"column":12},"end":{"line":26,"column":38}},"12":{"start":{"line":31,"column":8},"end":{"line":41,"column":9}},"13":{"start":{"line":32,"column":37},"end":{"line":32,"column":47}},"14":{"start":{"line":34,"column":29},"end":{"line":34,"column":68}},"15":{"start":{"line":37,"column":12},"end":{"line":37,"column":45}},"16":{"start":{"line":39,"column":12},"end":{"line":39,"column":29}},"17":{"start":{"line":40,"column":12},"end":{"line":40,"column":38}},"18":{"start":{"line":45,"column":8},"end":{"line":68,"column":9}},"19":{"start":{"line":46,"column":37},"end":{"line":46,"column":47}},"20":{"start":{"line":47,"column":25},"end":{"line":50,"column":13}},"21":{"start":{"line":52,"column":36},"end":{"line":52,"column":75}},"22":{"start":{"line":53,"column":12},"end":{"line":55,"column":13}},"23":{"start":{"line":54,"column":16},"end":{"line":54,"column":43}},"24":{"start":{"line":57,"column":29},"end":{"line":62,"column":14}},"25":{"start":{"line":64,"column":12},"end":{"line":64,"column":59}},"26":{"start":{"line":66,"column":12},"end":{"line":66,"column":29}},"27":{"start":{"line":67,"column":12},"end":{"line":67,"column":38}},"28":{"start":{"line":72,"column":8},"end":{"line":90,"column":9}},"29":{"start":{"line":73,"column":37},"end":{"line":73,"column":47}},"30":{"start":{"line":75,"column":36},"end":{"line":75,"column":75}},"31":{"start":{"line":76,"column":12},"end":{"line":78,"column":13}},"32":{"start":{"line":77,"column":16},"end":{"line":77,"column":43}},"33":{"start":{"line":80,"column":12},"end":{"line":84,"column":15}},"34":{"start":{"line":86,"column":12},"end":{"line":86,"column":88}},"35":{"start":{"line":88,"column":12},"end":{"line":88,"column":29}},"36":{"start":{"line":89,"column":12},"end":{"line":89,"column":38}},"37":{"start":{"line":94,"column":0},"end":{"line":94,"column":28}}},"fnMap":{"0":{"name":"(anonymous_0)","decl":{"start":{"line":4,"column":4},"end":{"line":4,"column":5}},"loc":{"start":{"line":4,"column":48},"end":{"line":12,"column":5}},"line":4},"1":{"name":"(anonymous_1)","decl":{"start":{"line":14,"column":4},"end":{"line":14,"column":5}},"loc":{"start":{"line":14,"column":47},"end":{"line":28,"column":5}},"line":14},"2":{"name":"(anonymous_2)","decl":{"start":{"line":30,"column":4},"end":{"line":30,"column":5}},"loc":{"start":{"line":30,"column":52},"end":{"line":42,"column":5}},"line":30},"3":{"name":"(anonymous_3)","decl":{"start":{"line":44,"column":4},"end":{"line":44,"column":5}},"loc":{"start":{"line":44,"column":48},"end":{"line":69,"column":5}},"line":44},"4":{"name":"(anonymous_4)","decl":{"start":{"line":71,"column":4},"end":{"line":71,"column":5}},"loc":{"start":{"line":71,"column":50},"end":{"line":91,"column":5}},"line":71}},"branchMap":{"0":{"loc":{"start":{"line":53,"column":12},"end":{"line":55,"column":13}},"type":"if","locations":[{"start":{"line":53,"column":12},"end":{"line":55,"column":13}},{"start":{},"end":{}}],"line":53},"1":{"loc":{"start":{"line":76,"column":12},"end":{"line":78,"column":13}},"type":"if","locations":[{"start":{"line":76,"column":12},"end":{"line":78,"column":13}},{"start":{},"end":{}}],"line":76}},"s":{"0":1,"1":0,"2":0,"3":0,"4":0,"5":0,"6":0,"7":0,"8":0,"9":0,"10":0,"11":0,"12":0,"13":0,"14":0,"15":0,"16":0,"17":0,"18":0,"19":0,"20":0,"21":0,"22":0,"23":0,"24":0,"25":0,"26":0,"27":0,"28":0,"29":0,"30":0,"31":0,"32":0,"33":0,"34":0,"35":0,"36":0,"37":1},"f":{"0":0,"1":0,"2":0,"3":0,"4":0},"b":{"0":[0,0],"1":[0,0]},"_coverageSchema":"1a1c01bbd47fc00a2c39e90264f33305004495a9","hash":"322dad840ba944b0819b1ef6a7233d8d6736f5af"}
,"C:\\Users\\User\\Desktop\\Hacktiv8\\fase3\\Final Project\\MyRecipes\\server\\controller\\recipeController.js": {"path":"C:\\Users\\User\\Desktop\\Hacktiv8\\fase3\\Final Project\\MyRecipes\\server\\controller\\recipeController.js","statementMap":{"0":{"start":{"line":1,"column":54},"end":{"line":1,"column":74}},"1":{"start":{"line":3,"column":19},"end":{"line":13,"column":1}},"2":{"start":{"line":4,"column":2},"end":{"line":12,"column":3}},"3":{"start":{"line":7,"column":21},"end":{"line":7,"column":43}},"4":{"start":{"line":8,"column":4},"end":{"line":8,"column":29}},"5":{"start":{"line":8,"column":19},"end":{"line":8,"column":29}},"6":{"start":{"line":9,"column":4},"end":{"line":9,"column":35}},"7":{"start":{"line":11,"column":4},"end":{"line":11,"column":14}},"8":{"start":{"line":15,"column":33},"end":{"line":31,"column":1}},"9":{"start":{"line":16,"column":2},"end":{"line":30,"column":3}},"10":{"start":{"line":18,"column":19},"end":{"line":18,"column":30}},"11":{"start":{"line":19,"column":21},"end":{"line":22,"column":6}},"12":{"start":{"line":23,"column":4},"end":{"line":23,"column":29}},"13":{"start":{"line":23,"column":19},"end":{"line":23,"column":29}},"14":{"start":{"line":24,"column":20},"end":{"line":26,"column":6}},"15":{"start":{"line":25,"column":6},"end":{"line":25,"column":27}},"16":{"start":{"line":27,"column":4},"end":{"line":27,"column":56}},"17":{"start":{"line":29,"column":4},"end":{"line":29,"column":14}},"18":{"start":{"line":33,"column":31},"end":{"line":42,"column":1}},"19":{"start":{"line":34,"column":2},"end":{"line":41,"column":3}},"20":{"start":{"line":35,"column":19},"end":{"line":35,"column":30}},"21":{"start":{"line":36,"column":21},"end":{"line":36,"column":64}},"22":{"start":{"line":37,"column":4},"end":{"line":37,"column":29}},"23":{"start":{"line":37,"column":19},"end":{"line":37,"column":29}},"24":{"start":{"line":38,"column":4},"end":{"line":38,"column":59}},"25":{"start":{"line":40,"column":4},"end":{"line":40,"column":14}},"26":{"start":{"line":44,"column":24},"end":{"line":53,"column":1}},"27":{"start":{"line":45,"column":2},"end":{"line":52,"column":3}},"28":{"start":{"line":46,"column":19},"end":{"line":46,"column":29}},"29":{"start":{"line":47,"column":21},"end":{"line":47,"column":46}},"30":{"start":{"line":48,"column":4},"end":{"line":48,"column":29}},"31":{"start":{"line":48,"column":19},"end":{"line":48,"column":29}},"32":{"start":{"line":49,"column":4},"end":{"line":49,"column":35}},"33":{"start":{"line":51,"column":4},"end":{"line":51,"column":14}},"34":{"start":{"line":55,"column":21},"end":{"line":79,"column":1}},"35":{"start":{"line":56,"column":2},"end":{"line":78,"column":3}},"36":{"start":{"line":58,"column":43},"end":{"line":58,"column":51}},"37":{"start":{"line":59,"column":4},"end":{"line":59,"column":72}},"38":{"start":{"line":59,"column":43},"end":{"line":59,"column":72}},"39":{"start":{"line":60,"column":21},"end":{"line":62,"column":6}},"40":{"start":{"line":61,"column":6},"end":{"line":61,"column":18}},"41":{"start":{"line":63,"column":19},"end":{"line":63,"column":30}},"42":{"start":{"line":64,"column":21},"end":{"line":64,"column":39}},"43":{"start":{"line":66,"column":21},"end":{"line":72,"column":6}},"44":{"start":{"line":73,"column":4},"end":{"line":73,"column":29}},"45":{"start":{"line":73,"column":19},"end":{"line":73,"column":29}},"46":{"start":{"line":75,"column":4},"end":{"line":75,"column":35}},"47":{"start":{"line":77,"column":4},"end":{"line":77,"column":14}},"48":{"start":{"line":81,"column":19},"end":{"line":101,"column":1}},"49":{"start":{"line":82,"column":2},"end":{"line":100,"column":3}},"50":{"start":{"line":84,"column":43},"end":{"line":84,"column":51}},"51":{"start":{"line":85,"column":21},"end":{"line":87,"column":6}},"52":{"start":{"line":86,"column":6},"end":{"line":86,"column":18}},"53":{"start":{"line":88,"column":19},"end":{"line":88,"column":30}},"54":{"start":{"line":89,"column":21},"end":{"line":89,"column":39}},"55":{"start":{"line":91,"column":21},"end":{"line":94,"column":5}},"56":{"start":{"line":95,"column":4},"end":{"line":95,"column":29}},"57":{"start":{"line":95,"column":19},"end":{"line":95,"column":29}},"58":{"start":{"line":97,"column":4},"end":{"line":97,"column":57}},"59":{"start":{"line":99,"column":4},"end":{"line":99,"column":14}},"60":{"start":{"line":103,"column":21},"end":{"line":114,"column":1}},"61":{"start":{"line":104,"column":2},"end":{"line":113,"column":3}},"62":{"start":{"line":105,"column":19},"end":{"line":105,"column":29}},"63":{"start":{"line":106,"column":18},"end":{"line":106,"column":43}},"64":{"start":{"line":107,"column":4},"end":{"line":107,"column":43}},"65":{"start":{"line":107,"column":16},"end":{"line":107,"column":43}},"66":{"start":{"line":108,"column":21},"end":{"line":108,"column":60}},"67":{"start":{"line":109,"column":4},"end":{"line":109,"column":29}},"68":{"start":{"line":109,"column":19},"end":{"line":109,"column":29}},"69":{"start":{"line":110,"column":4},"end":{"line":110,"column":62}},"70":{"start":{"line":112,"column":4},"end":{"line":112,"column":14}},"71":{"start":{"line":116,"column":25},"end":{"line":137,"column":1}},"72":{"start":{"line":117,"column":2},"end":{"line":136,"column":3}},"73":{"start":{"line":118,"column":19},"end":{"line":118,"column":30}},"74":{"start":{"line":119,"column":21},"end":{"line":119,"column":34}},"75":{"start":{"line":120,"column":31},"end":{"line":120,"column":39}},"76":{"start":{"line":121,"column":4},"end":{"line":121,"column":57}},"77":{"start":{"line":121,"column":28},"end":{"line":121,"column":57}},"78":{"start":{"line":124,"column":20},"end":{"line":124,"column":79}},"79":{"start":{"line":125,"column":4},"end":{"line":125,"column":43}},"80":{"start":{"line":125,"column":17},"end":{"line":125,"column":43}},"81":{"start":{"line":127,"column":21},"end":{"line":132,"column":6}},"82":{"start":{"line":133,"column":4},"end":{"line":133,"column":35}},"83":{"start":{"line":135,"column":4},"end":{"line":135,"column":14}},"84":{"start":{"line":139,"column":0},"end":{"line":148,"column":2}}},"fnMap":{"0":{"name":"(anonymous_0)","decl":{"start":{"line":3,"column":19},"end":{"line":3,"column":20}},"loc":{"start":{"line":3,"column":45},"end":{"line":13,"column":1}},"line":3},"1":{"name":"(anonymous_1)","decl":{"start":{"line":15,"column":33},"end":{"line":15,"column":34}},"loc":{"start":{"line":15,"column":59},"end":{"line":31,"column":1}},"line":15},"2":{"name":"(anonymous_2)","decl":{"start":{"line":24,"column":33},"end":{"line":24,"column":34}},"loc":{"start":{"line":24,"column":45},"end":{"line":26,"column":5}},"line":24},"3":{"name":"(anonymous_3)","decl":{"start":{"line":33,"column":31},"end":{"line":33,"column":32}},"loc":{"start":{"line":33,"column":57},"end":{"line":42,"column":1}},"line":33},"4":{"name":"(anonymous_4)","decl":{"start":{"line":44,"column":24},"end":{"line":44,"column":25}},"loc":{"start":{"line":44,"column":50},"end":{"line":53,"column":1}},"line":44},"5":{"name":"(anonymous_5)","decl":{"start":{"line":55,"column":21},"end":{"line":55,"column":22}},"loc":{"start":{"line":55,"column":47},"end":{"line":79,"column":1}},"line":55},"6":{"name":"(anonymous_6)","decl":{"start":{"line":60,"column":42},"end":{"line":60,"column":43}},"loc":{"start":{"line":60,"column":52},"end":{"line":62,"column":5}},"line":60},"7":{"name":"(anonymous_7)","decl":{"start":{"line":81,"column":19},"end":{"line":81,"column":20}},"loc":{"start":{"line":81,"column":45},"end":{"line":101,"column":1}},"line":81},"8":{"name":"(anonymous_8)","decl":{"start":{"line":85,"column":42},"end":{"line":85,"column":43}},"loc":{"start":{"line":85,"column":52},"end":{"line":87,"column":5}},"line":85},"9":{"name":"(anonymous_9)","decl":{"start":{"line":103,"column":21},"end":{"line":103,"column":22}},"loc":{"start":{"line":103,"column":47},"end":{"line":114,"column":1}},"line":103},"10":{"name":"(anonymous_10)","decl":{"start":{"line":116,"column":25},"end":{"line":116,"column":26}},"loc":{"start":{"line":116,"column":51},"end":{"line":137,"column":1}},"line":116}},"branchMap":{"0":{"loc":{"start":{"line":8,"column":4},"end":{"line":8,"column":29}},"type":"if","locations":[{"start":{"line":8,"column":4},"end":{"line":8,"column":29}},{"start":{},"end":{}}],"line":8},"1":{"loc":{"start":{"line":23,"column":4},"end":{"line":23,"column":29}},"type":"if","locations":[{"start":{"line":23,"column":4},"end":{"line":23,"column":29}},{"start":{},"end":{}}],"line":23},"2":{"loc":{"start":{"line":37,"column":4},"end":{"line":37,"column":29}},"type":"if","locations":[{"start":{"line":37,"column":4},"end":{"line":37,"column":29}},{"start":{},"end":{}}],"line":37},"3":{"loc":{"start":{"line":48,"column":4},"end":{"line":48,"column":29}},"type":"if","locations":[{"start":{"line":48,"column":4},"end":{"line":48,"column":29}},{"start":{},"end":{}}],"line":48},"4":{"loc":{"start":{"line":59,"column":4},"end":{"line":59,"column":72}},"type":"if","locations":[{"start":{"line":59,"column":4},"end":{"line":59,"column":72}},{"start":{},"end":{}}],"line":59},"5":{"loc":{"start":{"line":59,"column":8},"end":{"line":59,"column":41}},"type":"binary-expr","locations":[{"start":{"line":59,"column":8},"end":{"line":59,"column":13}},{"start":{"line":59,"column":17},"end":{"line":59,"column":23}},{"start":{"line":59,"column":27},"end":{"line":59,"column":41}}],"line":59},"6":{"loc":{"start":{"line":73,"column":4},"end":{"line":73,"column":29}},"type":"if","locations":[{"start":{"line":73,"column":4},"end":{"line":73,"column":29}},{"start":{},"end":{}}],"line":73},"7":{"loc":{"start":{"line":95,"column":4},"end":{"line":95,"column":29}},"type":"if","locations":[{"start":{"line":95,"column":4},"end":{"line":95,"column":29}},{"start":{},"end":{}}],"line":95},"8":{"loc":{"start":{"line":107,"column":4},"end":{"line":107,"column":43}},"type":"if","locations":[{"start":{"line":107,"column":4},"end":{"line":107,"column":43}},{"start":{},"end":{}}],"line":107},"9":{"loc":{"start":{"line":109,"column":4},"end":{"line":109,"column":29}},"type":"if","locations":[{"start":{"line":109,"column":4},"end":{"line":109,"column":29}},{"start":{},"end":{}}],"line":109},"10":{"loc":{"start":{"line":121,"column":4},"end":{"line":121,"column":57}},"type":"if","locations":[{"start":{"line":121,"column":4},"end":{"line":121,"column":57}},{"start":{},"end":{}}],"line":121},"11":{"loc":{"start":{"line":121,"column":8},"end":{"line":121,"column":26}},"type":"binary-expr","locations":[{"start":{"line":121,"column":8},"end":{"line":121,"column":15}},{"start":{"line":121,"column":19},"end":{"line":121,"column":26}}],"line":121},"12":{"loc":{"start":{"line":125,"column":4},"end":{"line":125,"column":43}},"type":"if","locations":[{"start":{"line":125,"column":4},"end":{"line":125,"column":43}},{"start":{},"end":{}}],"line":125}},"s":{"0":1,"1":1,"2":0,"3":0,"4":0,"5":0,"6":0,"7":0,"8":1,"9":0,"10":0,"11":0,"12":0,"13":0,"14":0,"15":0,"16":0,"17":0,"18":1,"19":0,"20":0,"21":0,"22":0,"23":0,"24":0,"25":0,"26":1,"27":0,"28":0,"29":0,"30":0,"31":0,"32":0,"33":0,"34":1,"35":0,"36":0,"37":0,"38":0,"39":0,"40":0,"41":0,"42":0,"43":0,"44":0,"45":0,"46":0,"47":0,"48":1,"49":0,"50":0,"51":0,"52":0,"53":0,"54":0,"55":0,"56":0,"57":0,"58":0,"59":0,"60":1,"61":0,"62":0,"63":0,"64":0,"65":0,"66":0,"67":0,"68":0,"69":0,"70":0,"71":1,"72":0,"73":0,"74":0,"75":0,"76":0,"77":0,"78":0,"79":0,"80":0,"81":0,"82":0,"83":0,"84":1},"f":{"0":0,"1":0,"2":0,"3":0,"4":0,"5":0,"6":0,"7":0,"8":0,"9":0,"10":0},"b":{"0":[0,0],"1":[0,0],"2":[0,0],"3":[0,0],"4":[0,0],"5":[0,0,0],"6":[0,0],"7":[0,0],"8":[0,0],"9":[0,0],"10":[0,0],"11":[0,0],"12":[0,0]},"_coverageSchema":"1a1c01bbd47fc00a2c39e90264f33305004495a9","hash":"dfa121e718600fa954bda42fa3d92644fcf34e5f"}
,"C:\\Users\\User\\Desktop\\Hacktiv8\\fase3\\Final Project\\MyRecipes\\server\\controller\\userController.js": {"path":"C:\\Users\\User\\Desktop\\Hacktiv8\\fase3\\Final Project\\MyRecipes\\server\\controller\\userController.js","statementMap":{"0":{"start":{"line":1,"column":45},"end":{"line":1,"column":71}},"1":{"start":{"line":2,"column":42},"end":{"line":2,"column":70}},"2":{"start":{"line":3,"column":21},"end":{"line":3,"column":46}},"3":{"start":{"line":4,"column":17},"end":{"line":4,"column":47}},"4":{"start":{"line":5,"column":15},"end":{"line":5,"column":35}},"5":{"start":{"line":7,"column":21},"end":{"line":23,"column":1}},"6":{"start":{"line":9,"column":2},"end":{"line":22,"column":3}},"7":{"start":{"line":10,"column":48},"end":{"line":10,"column":56}},"8":{"start":{"line":12,"column":20},"end":{"line":18,"column":6}},"9":{"start":{"line":19,"column":4},"end":{"line":19,"column":67}},"10":{"start":{"line":21,"column":4},"end":{"line":21,"column":14}},"11":{"start":{"line":25,"column":22},"end":{"line":40,"column":1}},"12":{"start":{"line":26,"column":2},"end":{"line":39,"column":3}},"13":{"start":{"line":27,"column":48},"end":{"line":27,"column":56}},"14":{"start":{"line":29,"column":20},"end":{"line":35,"column":6}},"15":{"start":{"line":36,"column":4},"end":{"line":36,"column":67}},"16":{"start":{"line":38,"column":4},"end":{"line":38,"column":14}},"17":{"start":{"line":42,"column":16},"end":{"line":77,"column":1}},"18":{"start":{"line":43,"column":2},"end":{"line":76,"column":3}},"19":{"start":{"line":44,"column":42},"end":{"line":44,"column":50}},"20":{"start":{"line":46,"column":4},"end":{"line":48,"column":5}},"21":{"start":{"line":47,"column":6},"end":{"line":47,"column":35}},"22":{"start":{"line":50,"column":17},"end":{"line":57,"column":6}},"23":{"start":{"line":58,"column":4},"end":{"line":60,"column":5}},"24":{"start":{"line":59,"column":6},"end":{"line":59,"column":35}},"25":{"start":{"line":62,"column":20},"end":{"line":62,"column":60}},"26":{"start":{"line":63,"column":4},"end":{"line":65,"column":5}},"27":{"start":{"line":64,"column":6},"end":{"line":64,"column":35}},"28":{"start":{"line":67,"column":20},"end":{"line":71,"column":5}},"29":{"start":{"line":72,"column":24},"end":{"line":72,"column":41}},"30":{"start":{"line":73,"column":4},"end":{"line":73,"column":42}},"31":{"start":{"line":75,"column":4},"end":{"line":75,"column":14}},"32":{"start":{"line":79,"column":20},"end":{"line":132,"column":1}},"33":{"start":{"line":80,"column":2},"end":{"line":131,"column":3}},"34":{"start":{"line":81,"column":19},"end":{"line":81,"column":32}},"35":{"start":{"line":82,"column":42},"end":{"line":82,"column":50}},"36":{"start":{"line":83,"column":24},"end":{"line":83,"column":42}},"37":{"start":{"line":84,"column":25},"end":{"line":84,"column":30}},"38":{"start":{"line":86,"column":4},"end":{"line":91,"column":5}},"39":{"start":{"line":87,"column":6},"end":{"line":90,"column":7}},"40":{"start":{"line":88,"column":8},"end":{"line":88,"column":42}},"41":{"start":{"line":89,"column":8},"end":{"line":89,"column":30}},"42":{"start":{"line":94,"column":4},"end":{"line":119,"column":5}},"43":{"start":{"line":95,"column":6},"end":{"line":106,"column":8}},"44":{"start":{"line":108,"column":6},"end":{"line":118,"column":8}},"45":{"start":{"line":121,"column":19},"end":{"line":121,"column":36}},"46":{"start":{"line":123,"column":4},"end":{"line":128,"column":7}},"47":{"start":{"line":130,"column":4},"end":{"line":130,"column":14}},"48":{"start":{"line":134,"column":18},"end":{"line":159,"column":1}},"49":{"start":{"line":135,"column":2},"end":{"line":158,"column":3}},"50":{"start":{"line":136,"column":19},"end":{"line":136,"column":30}},"51":{"start":{"line":137,"column":25},"end":{"line":137,"column":33}},"52":{"start":{"line":139,"column":4},"end":{"line":141,"column":5}},"53":{"start":{"line":140,"column":6},"end":{"line":140,"column":39}},"54":{"start":{"line":142,"column":24},"end":{"line":147,"column":6}},"55":{"start":{"line":148,"column":4},"end":{"line":150,"column":5}},"56":{"start":{"line":149,"column":6},"end":{"line":149,"column":41}},"57":{"start":{"line":151,"column":24},"end":{"line":154,"column":6}},"58":{"start":{"line":155,"column":4},"end":{"line":155,"column":38}},"59":{"start":{"line":157,"column":4},"end":{"line":157,"column":14}},"60":{"start":{"line":160,"column":21},"end":{"line":170,"column":1}},"61":{"start":{"line":161,"column":2},"end":{"line":169,"column":3}},"62":{"start":{"line":162,"column":19},"end":{"line":162,"column":27}},"63":{"start":{"line":163,"column":23},"end":{"line":163,"column":31}},"64":{"start":{"line":164,"column":27},"end":{"line":164,"column":78}},"65":{"start":{"line":165,"column":18},"end":{"line":165,"column":75}},"66":{"start":{"line":166,"column":4},"end":{"line":166,"column":32}},"67":{"start":{"line":168,"column":4},"end":{"line":168,"column":14}},"68":{"start":{"line":172,"column":21},"end":{"line":187,"column":1}},"69":{"start":{"line":173,"column":2},"end":{"line":186,"column":3}},"70":{"start":{"line":174,"column":19},"end":{"line":174,"column":27}},"71":{"start":{"line":175,"column":24},"end":{"line":177,"column":6}},"72":{"start":{"line":178,"column":4},"end":{"line":178,"column":74}},"73":{"start":{"line":179,"column":4},"end":{"line":183,"column":9}},"74":{"start":{"line":185,"column":4},"end":{"line":185,"column":14}},"75":{"start":{"line":189,"column":0},"end":{"line":197,"column":2}}},"fnMap":{"0":{"name":"(anonymous_0)","decl":{"start":{"line":7,"column":21},"end":{"line":7,"column":22}},"loc":{"start":{"line":7,"column":47},"end":{"line":23,"column":1}},"line":7},"1":{"name":"(anonymous_1)","decl":{"start":{"line":25,"column":22},"end":{"line":25,"column":23}},"loc":{"start":{"line":25,"column":48},"end":{"line":40,"column":1}},"line":25},"2":{"name":"(anonymous_2)","decl":{"start":{"line":42,"column":16},"end":{"line":42,"column":17}},"loc":{"start":{"line":42,"column":42},"end":{"line":77,"column":1}},"line":42},"3":{"name":"(anonymous_3)","decl":{"start":{"line":79,"column":20},"end":{"line":79,"column":21}},"loc":{"start":{"line":79,"column":46},"end":{"line":132,"column":1}},"line":79},"4":{"name":"(anonymous_4)","decl":{"start":{"line":134,"column":18},"end":{"line":134,"column":19}},"loc":{"start":{"line":134,"column":44},"end":{"line":159,"column":1}},"line":134},"5":{"name":"(anonymous_5)","decl":{"start":{"line":160,"column":21},"end":{"line":160,"column":22}},"loc":{"start":{"line":160,"column":47},"end":{"line":170,"column":1}},"line":160},"6":{"name":"(anonymous_6)","decl":{"start":{"line":172,"column":21},"end":{"line":172,"column":22}},"loc":{"start":{"line":172,"column":47},"end":{"line":187,"column":1}},"line":172}},"branchMap":{"0":{"loc":{"start":{"line":46,"column":4},"end":{"line":48,"column":5}},"type":"if","locations":[{"start":{"line":46,"column":4},"end":{"line":48,"column":5}},{"start":{},"end":{}}],"line":46},"1":{"loc":{"start":{"line":46,"column":8},"end":{"line":46,"column":37}},"type":"binary-expr","locations":[{"start":{"line":46,"column":8},"end":{"line":46,"column":24}},{"start":{"line":46,"column":28},"end":{"line":46,"column":37}}],"line":46},"2":{"loc":{"start":{"line":58,"column":4},"end":{"line":60,"column":5}},"type":"if","locations":[{"start":{"line":58,"column":4},"end":{"line":60,"column":5}},{"start":{},"end":{}}],"line":58},"3":{"loc":{"start":{"line":63,"column":4},"end":{"line":65,"column":5}},"type":"if","locations":[{"start":{"line":63,"column":4},"end":{"line":65,"column":5}},{"start":{},"end":{}}],"line":63},"4":{"loc":{"start":{"line":86,"column":4},"end":{"line":91,"column":5}},"type":"if","locations":[{"start":{"line":86,"column":4},"end":{"line":91,"column":5}},{"start":{},"end":{}}],"line":86},"5":{"loc":{"start":{"line":87,"column":6},"end":{"line":90,"column":7}},"type":"if","locations":[{"start":{"line":87,"column":6},"end":{"line":90,"column":7}},{"start":{},"end":{}}],"line":87},"6":{"loc":{"start":{"line":94,"column":4},"end":{"line":119,"column":5}},"type":"if","locations":[{"start":{"line":94,"column":4},"end":{"line":119,"column":5}},{"start":{"line":107,"column":11},"end":{"line":119,"column":5}}],"line":94},"7":{"loc":{"start":{"line":139,"column":4},"end":{"line":141,"column":5}},"type":"if","locations":[{"start":{"line":139,"column":4},"end":{"line":141,"column":5}},{"start":{},"end":{}}],"line":139},"8":{"loc":{"start":{"line":148,"column":4},"end":{"line":150,"column":5}},"type":"if","locations":[{"start":{"line":148,"column":4},"end":{"line":150,"column":5}},{"start":{},"end":{}}],"line":148}},"s":{"0":1,"1":1,"2":1,"3":1,"4":1,"5":1,"6":0,"7":0,"8":0,"9":0,"10":0,"11":1,"12":0,"13":0,"14":0,"15":0,"16":0,"17":1,"18":3,"19":3,"20":3,"21":0,"22":3,"23":3,"24":0,"25":3,"26":3,"27":0,"28":3,"29":3,"30":3,"31":0,"32":1,"33":0,"34":0,"35":0,"36":0,"37":0,"38":0,"39":0,"40":0,"41":0,"42":0,"43":0,"44":0,"45":0,"46":0,"47":0,"48":1,"49":0,"50":0,"51":0,"52":0,"53":0,"54":0,"55":0,"56":0,"57":0,"58":0,"59":0,"60":1,"61":0,"62":0,"63":0,"64":0,"65":0,"66":0,"67":0,"68":1,"69":0,"70":0,"71":0,"72":0,"73":0,"74":0,"75":1},"f":{"0":0,"1":0,"2":3,"3":0,"4":0,"5":0,"6":0},"b":{"0":[0,3],"1":[3,3],"2":[0,3],"3":[0,3],"4":[0,0],"5":[0,0],"6":[0,0],"7":[0,0],"8":[0,0]},"_coverageSchema":"1a1c01bbd47fc00a2c39e90264f33305004495a9","hash":"7f2ccaa928c86b0cc7154150996dcbf658943734"}
,"C:\\Users\\User\\Desktop\\Hacktiv8\\fase3\\Final Project\\MyRecipes\\server\\helpers\\bcrypt.js": {"path":"C:\\Users\\User\\Desktop\\Hacktiv8\\fase3\\Final Project\\MyRecipes\\server\\helpers\\bcrypt.js","statementMap":{"0":{"start":{"line":1,"column":15},"end":{"line":1,"column":34}},"1":{"start":{"line":2,"column":13},"end":{"line":2,"column":34}},"2":{"start":{"line":4,"column":21},"end":{"line":6,"column":1}},"3":{"start":{"line":5,"column":4},"end":{"line":5,"column":42}},"4":{"start":{"line":8,"column":25},"end":{"line":10,"column":1}},"5":{"start":{"line":9,"column":4},"end":{"line":9,"column":51}},"6":{"start":{"line":12,"column":0},"end":{"line":12,"column":48}}},"fnMap":{"0":{"name":"(anonymous_0)","decl":{"start":{"line":4,"column":21},"end":{"line":4,"column":22}},"loc":{"start":{"line":4,"column":34},"end":{"line":6,"column":1}},"line":4},"1":{"name":"(anonymous_1)","decl":{"start":{"line":8,"column":25},"end":{"line":8,"column":26}},"loc":{"start":{"line":8,"column":50},"end":{"line":10,"column":1}},"line":8}},"branchMap":{},"s":{"0":1,"1":1,"2":1,"3":3,"4":1,"5":3,"6":1},"f":{"0":3,"1":3},"b":{},"_coverageSchema":"1a1c01bbd47fc00a2c39e90264f33305004495a9","hash":"e35ee9c4b5072d4a7d4e841dfbd6629424ca4a14"}
,"C:\\Users\\User\\Desktop\\Hacktiv8\\fase3\\Final Project\\MyRecipes\\server\\helpers\\jwt.js": {"path":"C:\\Users\\User\\Desktop\\Hacktiv8\\fase3\\Final Project\\MyRecipes\\server\\helpers\\jwt.js","statementMap":{"0":{"start":{"line":1,"column":12},"end":{"line":1,"column":35}},"1":{"start":{"line":2,"column":19},"end":{"line":2,"column":36}},"2":{"start":{"line":4,"column":17},"end":{"line":6,"column":1}},"3":{"start":{"line":5,"column":4},"end":{"line":5,"column":40}},"4":{"start":{"line":8,"column":21},"end":{"line":10,"column":1}},"5":{"start":{"line":9,"column":4},"end":{"line":9,"column":40}},"6":{"start":{"line":12,"column":0},"end":{"line":12,"column":41}}},"fnMap":{"0":{"name":"(anonymous_0)","decl":{"start":{"line":4,"column":17},"end":{"line":4,"column":18}},"loc":{"start":{"line":4,"column":30},"end":{"line":6,"column":1}},"line":4},"1":{"name":"(anonymous_1)","decl":{"start":{"line":8,"column":21},"end":{"line":8,"column":22}},"loc":{"start":{"line":8,"column":32},"end":{"line":10,"column":1}},"line":8}},"branchMap":{},"s":{"0":1,"1":1,"2":1,"3":3,"4":1,"5":25,"6":1},"f":{"0":3,"1":25},"b":{},"_coverageSchema":"1a1c01bbd47fc00a2c39e90264f33305004495a9","hash":"6325fe8d8afc35af4cb9c77a5d5462b6fde6fa56"}
,"C:\\Users\\User\\Desktop\\Hacktiv8\\fase3\\Final Project\\MyRecipes\\server\\helpers\\midtrans.js": {"path":"C:\\Users\\User\\Desktop\\Hacktiv8\\fase3\\Final Project\\MyRecipes\\server\\helpers\\midtrans.js","statementMap":{"0":{"start":{"line":1,"column":14},"end":{"line":1,"column":30}},"1":{"start":{"line":4,"column":28},"end":{"line":4,"column":105}},"2":{"start":{"line":5,"column":23},"end":{"line":22,"column":10}},"3":{"start":{"line":23,"column":8},"end":{"line":23,"column":28}},"4":{"start":{"line":26,"column":0},"end":{"line":26,"column":25}}},"fnMap":{"0":{"name":"midtrans","decl":{"start":{"line":3,"column":15},"end":{"line":3,"column":23}},"loc":{"start":{"line":3,"column":43},"end":{"line":24,"column":1}},"line":3}},"branchMap":{},"s":{"0":1,"1":0,"2":0,"3":0,"4":1},"f":{"0":0},"b":{},"_coverageSchema":"1a1c01bbd47fc00a2c39e90264f33305004495a9","hash":"20221d76a053ecd84e52efba9a0e2ac632d3eae9"}
,"C:\\Users\\User\\Desktop\\Hacktiv8\\fase3\\Final Project\\MyRecipes\\server\\middlewares\\authentication.js": {"path":"C:\\Users\\User\\Desktop\\Hacktiv8\\fase3\\Final Project\\MyRecipes\\server\\middlewares\\authentication.js","statementMap":{"0":{"start":{"line":1,"column":25},"end":{"line":1,"column":50}},"1":{"start":{"line":2,"column":15},"end":{"line":2,"column":41}},"2":{"start":{"line":4,"column":27},"end":{"line":28,"column":1}},"3":{"start":{"line":5,"column":2},"end":{"line":27,"column":3}},"4":{"start":{"line":6,"column":29},"end":{"line":6,"column":40}},"5":{"start":{"line":7,"column":20},"end":{"line":7,"column":46}},"6":{"start":{"line":8,"column":17},"end":{"line":13,"column":6}},"7":{"start":{"line":14,"column":4},"end":{"line":16,"column":5}},"8":{"start":{"line":15,"column":6},"end":{"line":15,"column":37}},"9":{"start":{"line":18,"column":4},"end":{"line":22,"column":6}},"10":{"start":{"line":23,"column":4},"end":{"line":23,"column":11}},"11":{"start":{"line":25,"column":4},"end":{"line":25,"column":21}},"12":{"start":{"line":26,"column":4},"end":{"line":26,"column":14}},"13":{"start":{"line":30,"column":0},"end":{"line":30,"column":36}}},"fnMap":{"0":{"name":"(anonymous_0)","decl":{"start":{"line":4,"column":27},"end":{"line":4,"column":28}},"loc":{"start":{"line":4,"column":53},"end":{"line":28,"column":1}},"line":4}},"branchMap":{"0":{"loc":{"start":{"line":14,"column":4},"end":{"line":16,"column":5}},"type":"if","locations":[{"start":{"line":14,"column":4},"end":{"line":16,"column":5}},{"start":{},"end":{}}],"line":14}},"s":{"0":1,"1":1,"2":1,"3":25,"4":25,"5":25,"6":17,"7":17,"8":0,"9":17,"10":17,"11":8,"12":8,"13":1},"f":{"0":25},"b":{"0":[0,17]},"_coverageSchema":"1a1c01bbd47fc00a2c39e90264f33305004495a9","hash":"19c866e4dd85460a14099e6aa903a60f61cff1c9"}
,"C:\\Users\\User\\Desktop\\Hacktiv8\\fase3\\Final Project\\MyRecipes\\server\\middlewares\\authorization.js": {"path":"C:\\Users\\User\\Desktop\\Hacktiv8\\fase3\\Final Project\\MyRecipes\\server\\middlewares\\authorization.js","statementMap":{"0":{"start":{"line":1,"column":17},"end":{"line":1,"column":43}},"1":{"start":{"line":3,"column":33},"end":{"line":26,"column":1}},"2":{"start":{"line":4,"column":2},"end":{"line":25,"column":3}},"3":{"start":{"line":5,"column":21},"end":{"line":5,"column":34}},"4":{"start":{"line":6,"column":19},"end":{"line":6,"column":30}},"5":{"start":{"line":7,"column":21},"end":{"line":7,"column":34}},"6":{"start":{"line":11,"column":17},"end":{"line":11,"column":46}},"7":{"start":{"line":12,"column":8},"end":{"line":14,"column":9}},"8":{"start":{"line":13,"column":12},"end":{"line":13,"column":37}},"9":{"start":{"line":16,"column":8},"end":{"line":20,"column":9}},"10":{"start":{"line":17,"column":12},"end":{"line":19,"column":13}},"11":{"start":{"line":18,"column":16},"end":{"line":18,"column":45}},"12":{"start":{"line":22,"column":8},"end":{"line":22,"column":14}},"13":{"start":{"line":24,"column":4},"end":{"line":24,"column":14}},"14":{"start":{"line":28,"column":35},"end":{"line":40,"column":1}},"15":{"start":{"line":29,"column":2},"end":{"line":39,"column":3}},"16":{"start":{"line":30,"column":21},"end":{"line":30,"column":34}},"17":{"start":{"line":32,"column":4},"end":{"line":34,"column":5}},"18":{"start":{"line":33,"column":6},"end":{"line":33,"column":36}},"19":{"start":{"line":36,"column":4},"end":{"line":36,"column":10}},"20":{"start":{"line":38,"column":4},"end":{"line":38,"column":13}},"21":{"start":{"line":42,"column":0},"end":{"line":42,"column":72}}},"fnMap":{"0":{"name":"(anonymous_0)","decl":{"start":{"line":3,"column":33},"end":{"line":3,"column":34}},"loc":{"start":{"line":3,"column":59},"end":{"line":26,"column":1}},"line":3},"1":{"name":"(anonymous_1)","decl":{"start":{"line":28,"column":35},"end":{"line":28,"column":36}},"loc":{"start":{"line":28,"column":61},"end":{"line":40,"column":1}},"line":28}},"branchMap":{"0":{"loc":{"start":{"line":12,"column":8},"end":{"line":14,"column":9}},"type":"if","locations":[{"start":{"line":12,"column":8},"end":{"line":14,"column":9}},{"start":{},"end":{}}],"line":12},"1":{"loc":{"start":{"line":16,"column":8},"end":{"line":20,"column":9}},"type":"if","locations":[{"start":{"line":16,"column":8},"end":{"line":20,"column":9}},{"start":{},"end":{}}],"line":16},"2":{"loc":{"start":{"line":17,"column":12},"end":{"line":19,"column":13}},"type":"if","locations":[{"start":{"line":17,"column":12},"end":{"line":19,"column":13}},{"start":{},"end":{}}],"line":17},"3":{"loc":{"start":{"line":32,"column":4},"end":{"line":34,"column":5}},"type":"if","locations":[{"start":{"line":32,"column":4},"end":{"line":34,"column":5}},{"start":{},"end":{}}],"line":32}},"s":{"0":1,"1":1,"2":0,"3":0,"4":0,"5":0,"6":0,"7":0,"8":0,"9":0,"10":0,"11":0,"12":0,"13":0,"14":1,"15":0,"16":0,"17":0,"18":0,"19":0,"20":0,"21":1},"f":{"0":0,"1":0},"b":{"0":[0,0],"1":[0,0],"2":[0,0],"3":[0,0]},"_coverageSchema":"1a1c01bbd47fc00a2c39e90264f33305004495a9","hash":"f4686de731d7048f169a60bdf08f256edefd9881"}
,"C:\\Users\\User\\Desktop\\Hacktiv8\\fase3\\Final Project\\MyRecipes\\server\\middlewares\\errorHandler.js": {"path":"C:\\Users\\User\\Desktop\\Hacktiv8\\fase3\\Final Project\\MyRecipes\\server\\middlewares\\errorHandler.js","statementMap":{"0":{"start":{"line":1,"column":21},"end":{"line":74,"column":1}},"1":{"start":{"line":2,"column":2},"end":{"line":2,"column":19}},"2":{"start":{"line":3,"column":2},"end":{"line":73,"column":3}},"3":{"start":{"line":5,"column":6},"end":{"line":5,"column":62}},"4":{"start":{"line":6,"column":6},"end":{"line":6,"column":12}},"5":{"start":{"line":8,"column":6},"end":{"line":8,"column":68}},"6":{"start":{"line":9,"column":6},"end":{"line":9,"column":12}},"7":{"start":{"line":12,"column":6},"end":{"line":12,"column":59}},"8":{"start":{"line":13,"column":6},"end":{"line":13,"column":12}},"9":{"start":{"line":16,"column":6},"end":{"line":16,"column":62}},"10":{"start":{"line":17,"column":6},"end":{"line":17,"column":12}},"11":{"start":{"line":19,"column":6},"end":{"line":19,"column":55}},"12":{"start":{"line":20,"column":6},"end":{"line":20,"column":12}},"13":{"start":{"line":22,"column":6},"end":{"line":22,"column":61}},"14":{"start":{"line":23,"column":6},"end":{"line":23,"column":12}},"15":{"start":{"line":26,"column":6},"end":{"line":26,"column":76}},"16":{"start":{"line":27,"column":6},"end":{"line":27,"column":12}},"17":{"start":{"line":30,"column":6},"end":{"line":32,"column":69}},"18":{"start":{"line":33,"column":6},"end":{"line":33,"column":12}},"19":{"start":{"line":36,"column":6},"end":{"line":38,"column":76}},"20":{"start":{"line":39,"column":6},"end":{"line":39,"column":12}},"21":{"start":{"line":42,"column":6},"end":{"line":44,"column":69}},"22":{"start":{"line":45,"column":6},"end":{"line":45,"column":12}},"23":{"start":{"line":48,"column":6},"end":{"line":48,"column":64}},"24":{"start":{"line":49,"column":6},"end":{"line":49,"column":12}},"25":{"start":{"line":52,"column":6},"end":{"line":52,"column":66}},"26":{"start":{"line":53,"column":6},"end":{"line":53,"column":12}},"27":{"start":{"line":56,"column":6},"end":{"line":56,"column":63}},"28":{"start":{"line":57,"column":6},"end":{"line":57,"column":12}},"29":{"start":{"line":60,"column":6},"end":{"line":60,"column":63}},"30":{"start":{"line":61,"column":6},"end":{"line":61,"column":12}},"31":{"start":{"line":64,"column":6},"end":{"line":64,"column":63}},"32":{"start":{"line":65,"column":6},"end":{"line":65,"column":12}},"33":{"start":{"line":68,"column":6},"end":{"line":68,"column":63}},"34":{"start":{"line":71,"column":6},"end":{"line":71,"column":32}},"35":{"start":{"line":72,"column":6},"end":{"line":72,"column":12}},"36":{"start":{"line":76,"column":0},"end":{"line":76,"column":34}}},"fnMap":{"0":{"name":"(anonymous_0)","decl":{"start":{"line":1,"column":21},"end":{"line":1,"column":22}},"loc":{"start":{"line":1,"column":46},"end":{"line":74,"column":1}},"line":1}},"branchMap":{"0":{"loc":{"start":{"line":3,"column":2},"end":{"line":73,"column":3}},"type":"switch","locations":[{"start":{"line":4,"column":4},"end":{"line":6,"column":12}},{"start":{"line":7,"column":4},"end":{"line":9,"column":12}},{"start":{"line":11,"column":4},"end":{"line":13,"column":12}},{"start":{"line":15,"column":4},"end":{"line":17,"column":12}},{"start":{"line":18,"column":4},"end":{"line":20,"column":12}},{"start":{"line":21,"column":4},"end":{"line":23,"column":12}},{"start":{"line":25,"column":4},"end":{"line":27,"column":12}},{"start":{"line":29,"column":4},"end":{"line":33,"column":12}},{"start":{"line":35,"column":4},"end":{"line":39,"column":12}},{"start":{"line":41,"column":4},"end":{"line":45,"column":12}},{"start":{"line":47,"column":4},"end":{"line":49,"column":12}},{"start":{"line":51,"column":4},"end":{"line":53,"column":12}},{"start":{"line":55,"column":4},"end":{"line":57,"column":12}},{"start":{"line":59,"column":4},"end":{"line":61,"column":12}},{"start":{"line":63,"column":4},"end":{"line":66,"column":5}},{"start":{"line":67,"column":4},"end":{"line":69,"column":5}},{"start":{"line":70,"column":4},"end":{"line":72,"column":12}}],"line":3}},"s":{"0":1,"1":16,"2":16,"3":1,"4":1,"5":1,"6":1,"7":1,"8":1,"9":0,"10":0,"11":0,"12":0,"13":0,"14":0,"15":0,"16":0,"17":0,"18":0,"19":0,"20":0,"21":0,"22":0,"23":0,"24":0,"25":0,"26":0,"27":4,"28":4,"29":0,"30":0,"31":1,"32":1,"33":8,"34":8,"35":0,"36":1},"f":{"0":16},"b":{"0":[1,1,1,0,0,0,0,0,0,0,0,0,4,0,1,8,8]},"_coverageSchema":"1a1c01bbd47fc00a2c39e90264f33305004495a9","hash":"a211eece3592ee17a169fad59e0c5e5b440adc3a"}
,"C:\\Users\\User\\Desktop\\Hacktiv8\\fase3\\Final Project\\MyRecipes\\server\\middlewares\\imageKit.js": {"path":"C:\\Users\\User\\Desktop\\Hacktiv8\\fase3\\Final Project\\MyRecipes\\server\\middlewares\\imageKit.js","statementMap":{"0":{"start":{"line":1,"column":17},"end":{"line":1,"column":37}},"1":{"start":{"line":2,"column":22},"end":{"line":2,"column":54}},"2":{"start":{"line":3,"column":14},"end":{"line":3,"column":30}},"3":{"start":{"line":4,"column":23},"end":{"line":40,"column":1}},"4":{"start":{"line":5,"column":2},"end":{"line":39,"column":3}},"5":{"start":{"line":6,"column":4},"end":{"line":6,"column":11}},"6":{"start":{"line":8,"column":4},"end":{"line":38,"column":5}},"7":{"start":{"line":9,"column":23},"end":{"line":9,"column":54}},"8":{"start":{"line":10,"column":6},"end":{"line":12,"column":7}},"9":{"start":{"line":11,"column":8},"end":{"line":11,"column":39}},"10":{"start":{"line":13,"column":6},"end":{"line":15,"column":7}},"11":{"start":{"line":14,"column":8},"end":{"line":14,"column":38}},"12":{"start":{"line":17,"column":23},"end":{"line":17,"column":57}},"13":{"start":{"line":19,"column":17},"end":{"line":19,"column":31}},"14":{"start":{"line":20,"column":6},"end":{"line":20,"column":36}},"15":{"start":{"line":21,"column":6},"end":{"line":21,"column":53}},"16":{"start":{"line":22,"column":25},"end":{"line":22,"column":63}},"17":{"start":{"line":23,"column":33},"end":{"line":23,"column":75}},"18":{"start":{"line":24,"column":23},"end":{"line":29,"column":8}},"19":{"start":{"line":31,"column":6},"end":{"line":31,"column":45}},"20":{"start":{"line":33,"column":6},"end":{"line":33,"column":13}},"21":{"start":{"line":36,"column":6},"end":{"line":36,"column":16}},"22":{"start":{"line":42,"column":0},"end":{"line":42,"column":32}}},"fnMap":{"0":{"name":"(anonymous_0)","decl":{"start":{"line":4,"column":23},"end":{"line":4,"column":24}},"loc":{"start":{"line":4,"column":49},"end":{"line":40,"column":1}},"line":4}},"branchMap":{"0":{"loc":{"start":{"line":5,"column":2},"end":{"line":39,"column":3}},"type":"if","locations":[{"start":{"line":5,"column":2},"end":{"line":39,"column":3}},{"start":{"line":7,"column":9},"end":{"line":39,"column":3}}],"line":5},"1":{"loc":{"start":{"line":10,"column":6},"end":{"line":12,"column":7}},"type":"if","locations":[{"start":{"line":10,"column":6},"end":{"line":12,"column":7}},{"start":{},"end":{}}],"line":10},"2":{"loc":{"start":{"line":13,"column":6},"end":{"line":15,"column":7}},"type":"if","locations":[{"start":{"line":13,"column":6},"end":{"line":15,"column":7}},{"start":{},"end":{}}],"line":13}},"s":{"0":1,"1":1,"2":1,"3":1,"4":8,"5":2,"6":6,"7":6,"8":6,"9":0,"10":6,"11":0,"12":6,"13":6,"14":6,"15":6,"16":6,"17":6,"18":6,"19":6,"20":6,"21":0,"22":1},"f":{"0":8},"b":{"0":[2,6],"1":[0,6],"2":[0,6]},"_coverageSchema":"1a1c01bbd47fc00a2c39e90264f33305004495a9","hash":"e338664471fb74a34808f796b1b75a1f1a0fbbbb"}
,"C:\\Users\\User\\Desktop\\Hacktiv8\\fase3\\Final Project\\MyRecipes\\server\\middlewares\\multer.js": {"path":"C:\\Users\\User\\Desktop\\Hacktiv8\\fase3\\Final Project\\MyRecipes\\server\\middlewares\\multer.js","statementMap":{"0":{"start":{"line":1,"column":15},"end":{"line":1,"column":32}},"1":{"start":{"line":2,"column":23},"end":{"line":2,"column":31}},"2":{"start":{"line":4,"column":0},"end":{"line":4,"column":31}}},"fnMap":{},"branchMap":{},"s":{"0":1,"1":1,"2":1},"f":{},"b":{},"_coverageSchema":"1a1c01bbd47fc00a2c39e90264f33305004495a9","hash":"37334aee2f53d016b821afed4b8a3c89fdc65cf3"}
,"C:\\Users\\User\\Desktop\\Hacktiv8\\fase3\\Final Project\\MyRecipes\\server\\models\\balancehistory.js": {"path":"C:\\Users\\User\\Desktop\\Hacktiv8\\fase3\\Final Project\\MyRecipes\\server\\models\\balancehistory.js","statementMap":{"0":{"start":{"line":4,"column":4},"end":{"line":4,"column":24}},"1":{"start":{"line":5,"column":0},"end":{"line":46,"column":2}},"2":{"start":{"line":16,"column":2},"end":{"line":44,"column":5}},"3":{"start":{"line":45,"column":2},"end":{"line":45,"column":24}}},"fnMap":{"0":{"name":"(anonymous_0)","decl":{"start":{"line":5,"column":17},"end":{"line":5,"column":18}},"loc":{"start":{"line":5,"column":43},"end":{"line":46,"column":1}},"line":5},"1":{"name":"(anonymous_1)","decl":{"start":{"line":12,"column":4},"end":{"line":12,"column":5}},"loc":{"start":{"line":12,"column":29},"end":{"line":14,"column":5}},"line":12}},"branchMap":{},"s":{"0":1,"1":1,"2":1,"3":1},"f":{"0":1,"1":1},"b":{},"_coverageSchema":"1a1c01bbd47fc00a2c39e90264f33305004495a9","hash":"ea216623695d8f9ec743669393c2e178e33c1068"}
,"C:\\Users\\User\\Desktop\\Hacktiv8\\fase3\\Final Project\\MyRecipes\\server\\models\\category.js": {"path":"C:\\Users\\User\\Desktop\\Hacktiv8\\fase3\\Final Project\\MyRecipes\\server\\models\\category.js","statementMap":{"0":{"start":{"line":4,"column":4},"end":{"line":4,"column":24}},"1":{"start":{"line":5,"column":0},"end":{"line":40,"column":2}},"2":{"start":{"line":16,"column":2},"end":{"line":38,"column":5}},"3":{"start":{"line":39,"column":2},"end":{"line":39,"column":18}}},"fnMap":{"0":{"name":"(anonymous_0)","decl":{"start":{"line":5,"column":17},"end":{"line":5,"column":18}},"loc":{"start":{"line":5,"column":43},"end":{"line":40,"column":1}},"line":5},"1":{"name":"(anonymous_1)","decl":{"start":{"line":12,"column":4},"end":{"line":12,"column":5}},"loc":{"start":{"line":12,"column":29},"end":{"line":14,"column":5}},"line":12}},"branchMap":{},"s":{"0":1,"1":1,"2":1,"3":1},"f":{"0":1,"1":1},"b":{},"_coverageSchema":"1a1c01bbd47fc00a2c39e90264f33305004495a9","hash":"aac54baa3384cf1e0b6906800c1c7f02ba8a0d40"}
,"C:\\Users\\User\\Desktop\\Hacktiv8\\fase3\\Final Project\\MyRecipes\\server\\models\\class.js": {"path":"C:\\Users\\User\\Desktop\\Hacktiv8\\fase3\\Final Project\\MyRecipes\\server\\models\\class.js","statementMap":{"0":{"start":{"line":4,"column":4},"end":{"line":4,"column":24}},"1":{"start":{"line":5,"column":0},"end":{"line":63,"column":2}},"2":{"start":{"line":13,"column":6},"end":{"line":13,"column":90}},"3":{"start":{"line":17,"column":2},"end":{"line":61,"column":5}},"4":{"start":{"line":62,"column":2},"end":{"line":62,"column":15}}},"fnMap":{"0":{"name":"(anonymous_0)","decl":{"start":{"line":5,"column":17},"end":{"line":5,"column":18}},"loc":{"start":{"line":5,"column":43},"end":{"line":63,"column":1}},"line":5},"1":{"name":"(anonymous_1)","decl":{"start":{"line":12,"column":4},"end":{"line":12,"column":5}},"loc":{"start":{"line":12,"column":29},"end":{"line":15,"column":5}},"line":12}},"branchMap":{},"s":{"0":1,"1":1,"2":1,"3":1,"4":1},"f":{"0":1,"1":1},"b":{},"_coverageSchema":"1a1c01bbd47fc00a2c39e90264f33305004495a9","hash":"a9f10eeaacd6875be63bb438b8b1c7bdb042d9dd"}
,"C:\\Users\\User\\Desktop\\Hacktiv8\\fase3\\Final Project\\MyRecipes\\server\\models\\index.js": {"path":"C:\\Users\\User\\Desktop\\Hacktiv8\\fase3\\Final Project\\MyRecipes\\server\\models\\index.js","statementMap":{"0":{"start":{"line":3,"column":11},"end":{"line":3,"column":24}},"1":{"start":{"line":4,"column":13},"end":{"line":4,"column":28}},"2":{"start":{"line":5,"column":18},"end":{"line":5,"column":38}},"3":{"start":{"line":6,"column":17},"end":{"line":6,"column":42}},"4":{"start":{"line":7,"column":12},"end":{"line":7,"column":49}},"5":{"start":{"line":8,"column":15},"end":{"line":8,"column":65}},"6":{"start":{"line":9,"column":11},"end":{"line":9,"column":13}},"7":{"start":{"line":12,"column":0},"end":{"line":16,"column":1}},"8":{"start":{"line":13,"column":2},"end":{"line":13,"column":74}},"9":{"start":{"line":15,"column":2},"end":{"line":15,"column":87}},"10":{"start":{"line":18,"column":0},"end":{"line":26,"column":5}},"11":{"start":{"line":21,"column":4},"end":{"line":21,"column":90}},"12":{"start":{"line":24,"column":18},"end":{"line":24,"column":85}},"13":{"start":{"line":25,"column":4},"end":{"line":25,"column":27}},"14":{"start":{"line":28,"column":0},"end":{"line":32,"column":3}},"15":{"start":{"line":29,"column":2},"end":{"line":31,"column":3}},"16":{"start":{"line":30,"column":4},"end":{"line":30,"column":32}},"17":{"start":{"line":34,"column":0},"end":{"line":34,"column":25}},"18":{"start":{"line":35,"column":0},"end":{"line":35,"column":25}},"19":{"start":{"line":37,"column":0},"end":{"line":37,"column":20}}},"fnMap":{"0":{"name":"(anonymous_0)","decl":{"start":{"line":20,"column":10},"end":{"line":20,"column":11}},"loc":{"start":{"line":20,"column":18},"end":{"line":22,"column":3}},"line":20},"1":{"name":"(anonymous_1)","decl":{"start":{"line":23,"column":11},"end":{"line":23,"column":12}},"loc":{"start":{"line":23,"column":19},"end":{"line":26,"column":3}},"line":23},"2":{"name":"(anonymous_2)","decl":{"start":{"line":28,"column":24},"end":{"line":28,"column":25}},"loc":{"start":{"line":28,"column":37},"end":{"line":32,"column":1}},"line":28}},"branchMap":{"0":{"loc":{"start":{"line":7,"column":12},"end":{"line":7,"column":49}},"type":"binary-expr","locations":[{"start":{"line":7,"column":12},"end":{"line":7,"column":32}},{"start":{"line":7,"column":36},"end":{"line":7,"column":49}}],"line":7},"1":{"loc":{"start":{"line":12,"column":0},"end":{"line":16,"column":1}},"type":"if","locations":[{"start":{"line":12,"column":0},"end":{"line":16,"column":1}},{"start":{"line":14,"column":7},"end":{"line":16,"column":1}}],"line":12},"2":{"loc":{"start":{"line":21,"column":11},"end":{"line":21,"column":89}},"type":"binary-expr","locations":[{"start":{"line":21,"column":12},"end":{"line":21,"column":35}},{"start":{"line":21,"column":41},"end":{"line":21,"column":58}},{"start":{"line":21,"column":64},"end":{"line":21,"column":88}}],"line":21},"3":{"loc":{"start":{"line":29,"column":2},"end":{"line":31,"column":3}},"type":"if","locations":[{"start":{"line":29,"column":2},"end":{"line":31,"column":3}},{"start":{},"end":{}}],"line":29}},"s":{"0":1,"1":1,"2":1,"3":1,"4":1,"5":1,"6":1,"7":1,"8":0,"9":1,"10":1,"11":15,"12":14,"13":14,"14":1,"15":14,"16":14,"17":1,"18":1,"19":1},"f":{"0":15,"1":14,"2":14},"b":{"0":[1,0],"1":[0,1],"2":[15,15,14],"3":[14,0]},"_coverageSchema":"1a1c01bbd47fc00a2c39e90264f33305004495a9","hash":"4bf5b63f1b6c2d04f5241e68e04b813b98046eb7"}
,"C:\\Users\\User\\Desktop\\Hacktiv8\\fase3\\Final Project\\MyRecipes\\server\\models\\ingredient.js": {"path":"C:\\Users\\User\\Desktop\\Hacktiv8\\fase3\\Final Project\\MyRecipes\\server\\models\\ingredient.js","statementMap":{"0":{"start":{"line":4,"column":4},"end":{"line":4,"column":24}},"1":{"start":{"line":5,"column":0},"end":{"line":39,"column":2}},"2":{"start":{"line":16,"column":2},"end":{"line":37,"column":5}},"3":{"start":{"line":38,"column":2},"end":{"line":38,"column":20}}},"fnMap":{"0":{"name":"(anonymous_0)","decl":{"start":{"line":5,"column":17},"end":{"line":5,"column":18}},"loc":{"start":{"line":5,"column":43},"end":{"line":39,"column":1}},"line":5},"1":{"name":"(anonymous_1)","decl":{"start":{"line":12,"column":4},"end":{"line":12,"column":5}},"loc":{"start":{"line":12,"column":29},"end":{"line":14,"column":5}},"line":12}},"branchMap":{},"s":{"0":1,"1":1,"2":1,"3":1},"f":{"0":1,"1":1},"b":{},"_coverageSchema":"1a1c01bbd47fc00a2c39e90264f33305004495a9","hash":"45728e312c4c93ce38ba51f29e2fe363682ee4ea"}
,"C:\\Users\\User\\Desktop\\Hacktiv8\\fase3\\Final Project\\MyRecipes\\server\\models\\recipe.js": {"path":"C:\\Users\\User\\Desktop\\Hacktiv8\\fase3\\Final Project\\MyRecipes\\server\\models\\recipe.js","statementMap":{"0":{"start":{"line":4,"column":4},"end":{"line":4,"column":24}},"1":{"start":{"line":5,"column":0},"end":{"line":59,"column":2}},"2":{"start":{"line":13,"column":6},"end":{"line":13,"column":74}},"3":{"start":{"line":16,"column":2},"end":{"line":57,"column":5}},"4":{"start":{"line":58,"column":2},"end":{"line":58,"column":16}}},"fnMap":{"0":{"name":"(anonymous_0)","decl":{"start":{"line":5,"column":17},"end":{"line":5,"column":18}},"loc":{"start":{"line":5,"column":43},"end":{"line":59,"column":1}},"line":5},"1":{"name":"(anonymous_1)","decl":{"start":{"line":12,"column":4},"end":{"line":12,"column":5}},"loc":{"start":{"line":12,"column":29},"end":{"line":14,"column":5}},"line":12}},"branchMap":{},"s":{"0":1,"1":1,"2":1,"3":1,"4":1},"f":{"0":1,"1":1},"b":{},"_coverageSchema":"1a1c01bbd47fc00a2c39e90264f33305004495a9","hash":"55e433bf5e15ab6dab16e855b6f110ef01743517"}
,"C:\\Users\\User\\Desktop\\Hacktiv8\\fase3\\Final Project\\MyRecipes\\server\\models\\recipecategories.js": {"path":"C:\\Users\\User\\Desktop\\Hacktiv8\\fase3\\Final Project\\MyRecipes\\server\\models\\recipecategories.js","statementMap":{"0":{"start":{"line":4,"column":4},"end":{"line":4,"column":24}},"1":{"start":{"line":5,"column":0},"end":{"line":38,"column":2}},"2":{"start":{"line":16,"column":2},"end":{"line":36,"column":5}},"3":{"start":{"line":37,"column":2},"end":{"line":37,"column":26}}},"fnMap":{"0":{"name":"(anonymous_0)","decl":{"start":{"line":5,"column":17},"end":{"line":5,"column":18}},"loc":{"start":{"line":5,"column":43},"end":{"line":38,"column":1}},"line":5},"1":{"name":"(anonymous_1)","decl":{"start":{"line":12,"column":4},"end":{"line":12,"column":5}},"loc":{"start":{"line":12,"column":29},"end":{"line":14,"column":5}},"line":12}},"branchMap":{},"s":{"0":1,"1":1,"2":1,"3":1},"f":{"0":1,"1":1},"b":{},"_coverageSchema":"1a1c01bbd47fc00a2c39e90264f33305004495a9","hash":"7a66f8dace190bc5d5c9061aa7745fad13ff0c7b"}
,"C:\\Users\\User\\Desktop\\Hacktiv8\\fase3\\Final Project\\MyRecipes\\server\\models\\recipecomment.js": {"path":"C:\\Users\\User\\Desktop\\Hacktiv8\\fase3\\Final Project\\MyRecipes\\server\\models\\recipecomment.js","statementMap":{"0":{"start":{"line":4,"column":4},"end":{"line":4,"column":24}},"1":{"start":{"line":5,"column":0},"end":{"line":46,"column":2}},"2":{"start":{"line":16,"column":2},"end":{"line":44,"column":5}},"3":{"start":{"line":45,"column":2},"end":{"line":45,"column":23}}},"fnMap":{"0":{"name":"(anonymous_0)","decl":{"start":{"line":5,"column":17},"end":{"line":5,"column":18}},"loc":{"start":{"line":5,"column":43},"end":{"line":46,"column":1}},"line":5},"1":{"name":"(anonymous_1)","decl":{"start":{"line":12,"column":4},"end":{"line":12,"column":5}},"loc":{"start":{"line":12,"column":29},"end":{"line":14,"column":5}},"line":12}},"branchMap":{},"s":{"0":1,"1":1,"2":1,"3":1},"f":{"0":1,"1":1},"b":{},"_coverageSchema":"1a1c01bbd47fc00a2c39e90264f33305004495a9","hash":"b5c2ce095002f338b6e21c4a95a5fe8cd0c461a2"}
,"C:\\Users\\User\\Desktop\\Hacktiv8\\fase3\\Final Project\\MyRecipes\\server\\models\\recipeingredients.js": {"path":"C:\\Users\\User\\Desktop\\Hacktiv8\\fase3\\Final Project\\MyRecipes\\server\\models\\recipeingredients.js","statementMap":{"0":{"start":{"line":4,"column":4},"end":{"line":4,"column":24}},"1":{"start":{"line":5,"column":0},"end":{"line":46,"column":2}},"2":{"start":{"line":16,"column":2},"end":{"line":44,"column":5}},"3":{"start":{"line":45,"column":2},"end":{"line":45,"column":27}}},"fnMap":{"0":{"name":"(anonymous_0)","decl":{"start":{"line":5,"column":17},"end":{"line":5,"column":18}},"loc":{"start":{"line":5,"column":43},"end":{"line":46,"column":1}},"line":5},"1":{"name":"(anonymous_1)","decl":{"start":{"line":12,"column":4},"end":{"line":12,"column":5}},"loc":{"start":{"line":12,"column":29},"end":{"line":14,"column":5}},"line":12}},"branchMap":{},"s":{"0":1,"1":1,"2":1,"3":1},"f":{"0":1,"1":1},"b":{},"_coverageSchema":"1a1c01bbd47fc00a2c39e90264f33305004495a9","hash":"bffd975823fb964692391872138a855485e6aaf9"}
,"C:\\Users\\User\\Desktop\\Hacktiv8\\fase3\\Final Project\\MyRecipes\\server\\models\\reciperating.js": {"path":"C:\\Users\\User\\Desktop\\Hacktiv8\\fase3\\Final Project\\MyRecipes\\server\\models\\reciperating.js","statementMap":{"0":{"start":{"line":4,"column":4},"end":{"line":4,"column":24}},"1":{"start":{"line":5,"column":0},"end":{"line":54,"column":2}},"2":{"start":{"line":16,"column":2},"end":{"line":52,"column":5}},"3":{"start":{"line":53,"column":2},"end":{"line":53,"column":22}}},"fnMap":{"0":{"name":"(anonymous_0)","decl":{"start":{"line":5,"column":17},"end":{"line":5,"column":18}},"loc":{"start":{"line":5,"column":43},"end":{"line":54,"column":1}},"line":5},"1":{"name":"(anonymous_1)","decl":{"start":{"line":12,"column":4},"end":{"line":12,"column":5}},"loc":{"start":{"line":12,"column":29},"end":{"line":14,"column":5}},"line":12}},"branchMap":{},"s":{"0":1,"1":1,"2":1,"3":1},"f":{"0":1,"1":1},"b":{},"_coverageSchema":"1a1c01bbd47fc00a2c39e90264f33305004495a9","hash":"a4c39f2907e688482d39b04e4042db76949249b6"}
,"C:\\Users\\User\\Desktop\\Hacktiv8\\fase3\\Final Project\\MyRecipes\\server\\models\\user.js": {"path":"C:\\Users\\User\\Desktop\\Hacktiv8\\fase3\\Final Project\\MyRecipes\\server\\models\\user.js","statementMap":{"0":{"start":{"line":2,"column":23},"end":{"line":2,"column":51}},"1":{"start":{"line":5,"column":4},"end":{"line":5,"column":24}},"2":{"start":{"line":6,"column":0},"end":{"line":82,"column":2}},"3":{"start":{"line":14,"column":6},"end":{"line":15,"column":70}},"4":{"start":{"line":18,"column":2},"end":{"line":74,"column":5}},"5":{"start":{"line":76,"column":2},"end":{"line":79,"column":5}},"6":{"start":{"line":77,"column":28},"end":{"line":77,"column":55}},"7":{"start":{"line":78,"column":4},"end":{"line":78,"column":35}},"8":{"start":{"line":81,"column":2},"end":{"line":81,"column":14}}},"fnMap":{"0":{"name":"(anonymous_0)","decl":{"start":{"line":6,"column":17},"end":{"line":6,"column":18}},"loc":{"start":{"line":6,"column":43},"end":{"line":82,"column":1}},"line":6},"1":{"name":"(anonymous_1)","decl":{"start":{"line":13,"column":4},"end":{"line":13,"column":5}},"loc":{"start":{"line":13,"column":29},"end":{"line":16,"column":5}},"line":13},"2":{"name":"(anonymous_2)","decl":{"start":{"line":76,"column":21},"end":{"line":76,"column":22}},"loc":{"start":{"line":76,"column":40},"end":{"line":79,"column":3}},"line":76}},"branchMap":{},"s":{"0":1,"1":1,"2":1,"3":1,"4":1,"5":1,"6":3,"7":3,"8":1},"f":{"0":1,"1":1,"2":3},"b":{},"_coverageSchema":"1a1c01bbd47fc00a2c39e90264f33305004495a9","hash":"8f24bd4006fb067db16a669d71e575da3c9fd8f7"}
,"C:\\Users\\User\\Desktop\\Hacktiv8\\fase3\\Final Project\\MyRecipes\\server\\models\\userclass.js": {"path":"C:\\Users\\User\\Desktop\\Hacktiv8\\fase3\\Final Project\\MyRecipes\\server\\models\\userclass.js","statementMap":{"0":{"start":{"line":4,"column":4},"end":{"line":4,"column":24}},"1":{"start":{"line":5,"column":0},"end":{"line":48,"column":2}},"2":{"start":{"line":13,"column":6},"end":{"line":13,"column":62}},"3":{"start":{"line":14,"column":6},"end":{"line":14,"column":64}},"4":{"start":{"line":18,"column":2},"end":{"line":46,"column":5}},"5":{"start":{"line":47,"column":2},"end":{"line":47,"column":19}}},"fnMap":{"0":{"name":"(anonymous_0)","decl":{"start":{"line":5,"column":17},"end":{"line":5,"column":18}},"loc":{"start":{"line":5,"column":43},"end":{"line":48,"column":1}},"line":5},"1":{"name":"(anonymous_1)","decl":{"start":{"line":12,"column":4},"end":{"line":12,"column":5}},"loc":{"start":{"line":12,"column":29},"end":{"line":16,"column":5}},"line":12}},"branchMap":{},"s":{"0":1,"1":1,"2":1,"3":1,"4":1,"5":1},"f":{"0":1,"1":1},"b":{},"_coverageSchema":"1a1c01bbd47fc00a2c39e90264f33305004495a9","hash":"28c66d751ba18c552e1517d609fa0de9d08ea6cd"}
,"C:\\Users\\User\\Desktop\\Hacktiv8\\fase3\\Final Project\\MyRecipes\\server\\models\\userfavoritedrecipe.js": {"path":"C:\\Users\\User\\Desktop\\Hacktiv8\\fase3\\Final Project\\MyRecipes\\server\\models\\userfavoritedrecipe.js","statementMap":{"0":{"start":{"line":4,"column":4},"end":{"line":4,"column":24}},"1":{"start":{"line":5,"column":0},"end":{"line":39,"column":2}},"2":{"start":{"line":13,"column":6},"end":{"line":14,"column":76}},"3":{"start":{"line":17,"column":2},"end":{"line":37,"column":5}},"4":{"start":{"line":38,"column":2},"end":{"line":38,"column":29}}},"fnMap":{"0":{"name":"(anonymous_0)","decl":{"start":{"line":5,"column":17},"end":{"line":5,"column":18}},"loc":{"start":{"line":5,"column":43},"end":{"line":39,"column":1}},"line":5},"1":{"name":"(anonymous_1)","decl":{"start":{"line":12,"column":4},"end":{"line":12,"column":5}},"loc":{"start":{"line":12,"column":29},"end":{"line":15,"column":5}},"line":12}},"branchMap":{},"s":{"0":1,"1":1,"2":1,"3":1,"4":1},"f":{"0":1,"1":1},"b":{},"_coverageSchema":"1a1c01bbd47fc00a2c39e90264f33305004495a9","hash":"f3d853616074f55027031ad1ba3d639d3db09871"}
,"C:\\Users\\User\\Desktop\\Hacktiv8\\fase3\\Final Project\\MyRecipes\\server\\models\\userfollow.js": {"path":"C:\\Users\\User\\Desktop\\Hacktiv8\\fase3\\Final Project\\MyRecipes\\server\\models\\userfollow.js","statementMap":{"0":{"start":{"line":4,"column":4},"end":{"line":4,"column":24}},"1":{"start":{"line":5,"column":0},"end":{"line":38,"column":2}},"2":{"start":{"line":16,"column":2},"end":{"line":36,"column":5}},"3":{"start":{"line":37,"column":2},"end":{"line":37,"column":20}}},"fnMap":{"0":{"name":"(anonymous_0)","decl":{"start":{"line":5,"column":17},"end":{"line":5,"column":18}},"loc":{"start":{"line":5,"column":43},"end":{"line":38,"column":1}},"line":5},"1":{"name":"(anonymous_1)","decl":{"start":{"line":12,"column":4},"end":{"line":12,"column":5}},"loc":{"start":{"line":12,"column":29},"end":{"line":14,"column":5}},"line":12}},"branchMap":{},"s":{"0":1,"1":1,"2":1,"3":1},"f":{"0":1,"1":1},"b":{},"_coverageSchema":"1a1c01bbd47fc00a2c39e90264f33305004495a9","hash":"e34957cce30b817c8f4e04ee16e9ad742c29afa2"}
,"C:\\Users\\User\\Desktop\\Hacktiv8\\fase3\\Final Project\\MyRecipes\\server\\models\\usernotification.js": {"path":"C:\\Users\\User\\Desktop\\Hacktiv8\\fase3\\Final Project\\MyRecipes\\server\\models\\usernotification.js","statementMap":{"0":{"start":{"line":4,"column":4},"end":{"line":4,"column":24}},"1":{"start":{"line":5,"column":0},"end":{"line":46,"column":2}},"2":{"start":{"line":16,"column":2},"end":{"line":44,"column":5}},"3":{"start":{"line":45,"column":2},"end":{"line":45,"column":26}}},"fnMap":{"0":{"name":"(anonymous_0)","decl":{"start":{"line":5,"column":17},"end":{"line":5,"column":18}},"loc":{"start":{"line":5,"column":43},"end":{"line":46,"column":1}},"line":5},"1":{"name":"(anonymous_1)","decl":{"start":{"line":12,"column":4},"end":{"line":12,"column":5}},"loc":{"start":{"line":12,"column":29},"end":{"line":14,"column":5}},"line":12}},"branchMap":{},"s":{"0":1,"1":1,"2":1,"3":1},"f":{"0":1,"1":1},"b":{},"_coverageSchema":"1a1c01bbd47fc00a2c39e90264f33305004495a9","hash":"12600219eb63083a57c13b8a82554a9d55d24eb9"}
,"C:\\Users\\User\\Desktop\\Hacktiv8\\fase3\\Final Project\\MyRecipes\\server\\router\\categoriesRouter.js": {"path":"C:\\Users\\User\\Desktop\\Hacktiv8\\fase3\\Final Project\\MyRecipes\\server\\router\\categoriesRouter.js","statementMap":{"0":{"start":{"line":1,"column":15},"end":{"line":1,"column":42}},"1":{"start":{"line":2,"column":19},"end":{"line":2,"column":62}},"2":{"start":{"line":3,"column":23},"end":{"line":3,"column":55}},"3":{"start":{"line":4,"column":23},"end":{"line":4,"column":57}},"4":{"start":{"line":6,"column":0},"end":{"line":6,"column":42}},"5":{"start":{"line":7,"column":0},"end":{"line":7,"column":92}},"6":{"start":{"line":8,"column":0},"end":{"line":8,"column":56}},"7":{"start":{"line":9,"column":0},"end":{"line":9,"column":102}},"8":{"start":{"line":10,"column":0},"end":{"line":10,"column":57}},"9":{"start":{"line":12,"column":0},"end":{"line":12,"column":24}}},"fnMap":{},"branchMap":{},"s":{"0":1,"1":1,"2":1,"3":1,"4":1,"5":1,"6":1,"7":1,"8":1,"9":1},"f":{},"b":{},"_coverageSchema":"1a1c01bbd47fc00a2c39e90264f33305004495a9","hash":"4645a7f0151f0af61309de8a2c2f280b16533062"}
,"C:\\Users\\User\\Desktop\\Hacktiv8\\fase3\\Final Project\\MyRecipes\\server\\router\\classRouter.js": {"path":"C:\\Users\\User\\Desktop\\Hacktiv8\\fase3\\Final Project\\MyRecipes\\server\\router\\classRouter.js","statementMap":{"0":{"start":{"line":1,"column":24},"end":{"line":1,"column":64}},"1":{"start":{"line":2,"column":20},"end":{"line":2,"column":47}},"2":{"start":{"line":4,"column":23},"end":{"line":4,"column":55}},"3":{"start":{"line":5,"column":23},"end":{"line":5,"column":57}},"4":{"start":{"line":7,"column":0},"end":{"line":7,"column":50}},"5":{"start":{"line":8,"column":0},"end":{"line":8,"column":102}},"6":{"start":{"line":9,"column":0},"end":{"line":9,"column":112}},"7":{"start":{"line":10,"column":0},"end":{"line":10,"column":67}},"8":{"start":{"line":13,"column":0},"end":{"line":13,"column":61}},"9":{"start":{"line":14,"column":0},"end":{"line":14,"column":67}},"10":{"start":{"line":15,"column":0},"end":{"line":15,"column":69}},"11":{"start":{"line":16,"column":0},"end":{"line":16,"column":63}},"12":{"start":{"line":18,"column":0},"end":{"line":18,"column":28}}},"fnMap":{},"branchMap":{},"s":{"0":1,"1":1,"2":1,"3":1,"4":1,"5":1,"6":1,"7":1,"8":1,"9":1,"10":1,"11":1,"12":1},"f":{},"b":{},"_coverageSchema":"1a1c01bbd47fc00a2c39e90264f33305004495a9","hash":"a9fdbef781555c0e392d728e4842df89d3d878f6"}
,"C:\\Users\\User\\Desktop\\Hacktiv8\\fase3\\Final Project\\MyRecipes\\server\\router\\index.js": {"path":"C:\\Users\\User\\Desktop\\Hacktiv8\\fase3\\Final Project\\MyRecipes\\server\\router\\index.js","statementMap":{"0":{"start":{"line":1,"column":15},"end":{"line":1,"column":42}},"1":{"start":{"line":2,"column":19},"end":{"line":2,"column":42}},"2":{"start":{"line":3,"column":20},"end":{"line":3,"column":44}},"3":{"start":{"line":4,"column":20},"end":{"line":4,"column":50}},"4":{"start":{"line":5,"column":19},"end":{"line":5,"column":48}},"5":{"start":{"line":6,"column":21},"end":{"line":6,"column":46}},"6":{"start":{"line":7,"column":23},"end":{"line":7,"column":62}},"7":{"start":{"line":8,"column":27},"end":{"line":8,"column":67}},"8":{"start":{"line":9,"column":25},"end":{"line":9,"column":63}},"9":{"start":{"line":12,"column":0},"end":{"line":12,"column":46}},"10":{"start":{"line":13,"column":0},"end":{"line":13,"column":58}},"11":{"start":{"line":16,"column":0},"end":{"line":16,"column":30}},"12":{"start":{"line":19,"column":0},"end":{"line":19,"column":32}},"13":{"start":{"line":20,"column":0},"end":{"line":20,"column":40}},"14":{"start":{"line":21,"column":0},"end":{"line":21,"column":38}},"15":{"start":{"line":22,"column":0},"end":{"line":22,"column":33}},"16":{"start":{"line":23,"column":0},"end":{"line":23,"column":36}},"17":{"start":{"line":25,"column":0},"end":{"line":25,"column":24}},"18":{"start":{"line":28,"column":0},"end":{"line":28,"column":23}}},"fnMap":{},"branchMap":{},"s":{"0":1,"1":1,"2":1,"3":1,"4":1,"5":1,"6":1,"7":1,"8":1,"9":1,"10":1,"11":1,"12":1,"13":1,"14":1,"15":1,"16":1,"17":1,"18":1},"f":{},"b":{},"_coverageSchema":"1a1c01bbd47fc00a2c39e90264f33305004495a9","hash":"ea20d933d3124c9fdb6c1db230a70aaf768a621f"}
,"C:\\Users\\User\\Desktop\\Hacktiv8\\fase3\\Final Project\\MyRecipes\\server\\router\\ingredientsRouter.js": {"path":"C:\\Users\\User\\Desktop\\Hacktiv8\\fase3\\Final Project\\MyRecipes\\server\\router\\ingredientsRouter.js","statementMap":{"0":{"start":{"line":1,"column":15},"end":{"line":1,"column":42}},"1":{"start":{"line":2,"column":19},"end":{"line":2,"column":64}},"2":{"start":{"line":4,"column":0},"end":{"line":4,"column":43}},"3":{"start":{"line":5,"column":0},"end":{"line":5,"column":43}},"4":{"start":{"line":6,"column":0},"end":{"line":6,"column":60}},"5":{"start":{"line":7,"column":0},"end":{"line":7,"column":56}},"6":{"start":{"line":8,"column":0},"end":{"line":8,"column":61}},"7":{"start":{"line":10,"column":0},"end":{"line":10,"column":24}}},"fnMap":{},"branchMap":{},"s":{"0":1,"1":1,"2":1,"3":1,"4":1,"5":1,"6":1,"7":1},"f":{},"b":{},"_coverageSchema":"1a1c01bbd47fc00a2c39e90264f33305004495a9","hash":"295c2a516c41bb56919cf806f85d984e229e13c0"}
,"C:\\Users\\User\\Desktop\\Hacktiv8\\fase3\\Final Project\\MyRecipes\\server\\router\\recipeRouter.js": {"path":"C:\\Users\\User\\Desktop\\Hacktiv8\\fase3\\Final Project\\MyRecipes\\server\\router\\recipeRouter.js","statementMap":{"0":{"start":{"line":1,"column":15},"end":{"line":1,"column":42}},"1":{"start":{"line":2,"column":23},"end":{"line":2,"column":55}},"2":{"start":{"line":3,"column":23},"end":{"line":3,"column":57}},"3":{"start":{"line":4,"column":26},"end":{"line":4,"column":65}},"4":{"start":{"line":14,"column":4},"end":{"line":14,"column":45}},"5":{"start":{"line":17,"column":0},"end":{"line":17,"column":28}},"6":{"start":{"line":19,"column":0},"end":{"line":19,"column":51}},"7":{"start":{"line":21,"column":0},"end":{"line":21,"column":43}},"8":{"start":{"line":23,"column":0},"end":{"line":23,"column":36}},"9":{"start":{"line":25,"column":0},"end":{"line":30,"column":2}},"10":{"start":{"line":32,"column":0},"end":{"line":32,"column":80}},"11":{"start":{"line":35,"column":0},"end":{"line":35,"column":36}},"12":{"start":{"line":37,"column":0},"end":{"line":37,"column":42}},"13":{"start":{"line":38,"column":0},"end":{"line":38,"column":24}}},"fnMap":{},"branchMap":{},"s":{"0":1,"1":1,"2":1,"3":1,"4":1,"5":1,"6":1,"7":1,"8":1,"9":1,"10":1,"11":1,"12":1,"13":1},"f":{},"b":{},"_coverageSchema":"1a1c01bbd47fc00a2c39e90264f33305004495a9","hash":"8f05d76eaec11b7a3e4eae20f245e604444ddb31"}
,"C:\\Users\\User\\Desktop\\Hacktiv8\\fase3\\Final Project\\MyRecipes\\server\\router\\userRouter.js": {"path":"C:\\Users\\User\\Desktop\\Hacktiv8\\fase3\\Final Project\\MyRecipes\\server\\router\\userRouter.js","statementMap":{"0":{"start":{"line":1,"column":15},"end":{"line":1,"column":42}},"1":{"start":{"line":2,"column":23},"end":{"line":2,"column":62}},"2":{"start":{"line":3,"column":63},"end":{"line":3,"column":102}},"3":{"start":{"line":4,"column":23},"end":{"line":4,"column":55}},"4":{"start":{"line":5,"column":23},"end":{"line":5,"column":57}},"5":{"start":{"line":8,"column":0},"end":{"line":8,"column":50}},"6":{"start":{"line":9,"column":0},"end":{"line":9,"column":88}},"7":{"start":{"line":10,"column":0},"end":{"line":10,"column":50}},"8":{"start":{"line":12,"column":0},"end":{"line":18,"column":2}},"9":{"start":{"line":20,"column":0},"end":{"line":20,"column":24}}},"fnMap":{},"branchMap":{},"s":{"0":1,"1":1,"2":1,"3":1,"4":1,"5":1,"6":1,"7":1,"8":1,"9":1},"f":{},"b":{},"_coverageSchema":"1a1c01bbd47fc00a2c39e90264f33305004495a9","hash":"9b6d7a5b2d44462842b1066f3afd4cc728a6d8aa"}
}
