{"C:\\Hacktiv8\\fase3\\MyRecipes\\server\\app.js": {"path":"C:\\Hacktiv8\\fase3\\MyRecipes\\server\\app.js","statementMap":{"0":{"start":{"line":1,"column":0},"end":{"line":1,"column":26}},"1":{"start":{"line":2,"column":16},"end":{"line":2,"column":34}},"2":{"start":{"line":3,"column":12},"end":{"line":3,"column":21}},"3":{"start":{"line":4,"column":13},"end":{"line":4,"column":28}},"4":{"start":{"line":5,"column":13},"end":{"line":5,"column":37}},"5":{"start":{"line":6,"column":15},"end":{"line":6,"column":34}},"6":{"start":{"line":7,"column":90},"end":{"line":7,"column":130}},"7":{"start":{"line":13,"column":0},"end":{"line":13,"column":45}},"8":{"start":{"line":14,"column":0},"end":{"line":14,"column":23}},"9":{"start":{"line":15,"column":0},"end":{"line":15,"column":15}},"10":{"start":{"line":17,"column":0},"end":{"line":17,"column":16}},"11":{"start":{"line":63,"column":0},"end":{"line":63,"column":20}}},"fnMap":{},"branchMap":{"0":{"loc":{"start":{"line":5,"column":13},"end":{"line":5,"column":37}},"type":"binary-expr","locations":[{"start":{"line":5,"column":13},"end":{"line":5,"column":29}},{"start":{"line":5,"column":33},"end":{"line":5,"column":37}}],"line":5}},"s":{"0":4,"1":4,"2":4,"3":4,"4":4,"5":4,"6":4,"7":4,"8":4,"9":4,"10":4,"11":4},"f":{},"b":{"0":[4,4]},"_coverageSchema":"1a1c01bbd47fc00a2c39e90264f33305004495a9","hash":"4930aa9ccc1b082b73ea1b0d5f61743a7951838e"}
,"C:\\Hacktiv8\\fase3\\MyRecipes\\server\\apis\\imagekitAxios.js": {"path":"C:\\Hacktiv8\\fase3\\MyRecipes\\server\\apis\\imagekitAxios.js","statementMap":{"0":{"start":{"line":1,"column":14},"end":{"line":1,"column":30}},"1":{"start":{"line":3,"column":22},"end":{"line":8,"column":2}},"2":{"start":{"line":11,"column":0},"end":{"line":11,"column":30}}},"fnMap":{},"branchMap":{},"s":{"0":4,"1":4,"2":4},"f":{},"b":{},"_coverageSchema":"1a1c01bbd47fc00a2c39e90264f33305004495a9","hash":"bffe6318c5dffe1a5f6bd82f8c99cb521f3b2339"}
,"C:\\Hacktiv8\\fase3\\MyRecipes\\server\\controller\\categoryController.js": {"path":"C:\\Hacktiv8\\fase3\\MyRecipes\\server\\controller\\categoryController.js","statementMap":{"0":{"start":{"line":1,"column":21},"end":{"line":1,"column":41}},"1":{"start":{"line":5,"column":8},"end":{"line":10,"column":9}},"2":{"start":{"line":6,"column":29},"end":{"line":6,"column":53}},"3":{"start":{"line":7,"column":12},"end":{"line":7,"column":45}},"4":{"start":{"line":9,"column":12},"end":{"line":9,"column":22}},"5":{"start":{"line":14,"column":8},"end":{"line":23,"column":9}},"6":{"start":{"line":15,"column":25},"end":{"line":18,"column":13}},"7":{"start":{"line":19,"column":29},"end":{"line":19,"column":56}},"8":{"start":{"line":20,"column":12},"end":{"line":20,"column":45}},"9":{"start":{"line":22,"column":12},"end":{"line":22,"column":22}},"10":{"start":{"line":27,"column":8},"end":{"line":36,"column":9}},"11":{"start":{"line":28,"column":35},"end":{"line":28,"column":45}},"12":{"start":{"line":29,"column":29},"end":{"line":29,"column":64}},"13":{"start":{"line":30,"column":12},"end":{"line":32,"column":13}},"14":{"start":{"line":31,"column":16},"end":{"line":31,"column":40}},"15":{"start":{"line":33,"column":12},"end":{"line":33,"column":45}},"16":{"start":{"line":35,"column":12},"end":{"line":35,"column":22}},"17":{"start":{"line":40,"column":8},"end":{"line":61,"column":9}},"18":{"start":{"line":41,"column":35},"end":{"line":41,"column":45}},"19":{"start":{"line":42,"column":34},"end":{"line":42,"column":69}},"20":{"start":{"line":43,"column":12},"end":{"line":45,"column":13}},"21":{"start":{"line":44,"column":16},"end":{"line":44,"column":40}},"22":{"start":{"line":47,"column":25},"end":{"line":50,"column":13}},"23":{"start":{"line":52,"column":29},"end":{"line":57,"column":14}},"24":{"start":{"line":58,"column":12},"end":{"line":58,"column":58}},"25":{"start":{"line":60,"column":12},"end":{"line":60,"column":22}},"26":{"start":{"line":65,"column":8},"end":{"line":82,"column":9}},"27":{"start":{"line":66,"column":35},"end":{"line":66,"column":45}},"28":{"start":{"line":67,"column":34},"end":{"line":67,"column":69}},"29":{"start":{"line":68,"column":12},"end":{"line":70,"column":13}},"30":{"start":{"line":69,"column":16},"end":{"line":69,"column":40}},"31":{"start":{"line":72,"column":12},"end":{"line":76,"column":14}},"32":{"start":{"line":77,"column":12},"end":{"line":79,"column":14}},"33":{"start":{"line":81,"column":12},"end":{"line":81,"column":22}},"34":{"start":{"line":86,"column":0},"end":{"line":86,"column":28}}},"fnMap":{"0":{"name":"(anonymous_0)","decl":{"start":{"line":4,"column":4},"end":{"line":4,"column":5}},"loc":{"start":{"line":4,"column":47},"end":{"line":11,"column":5}},"line":4},"1":{"name":"(anonymous_1)","decl":{"start":{"line":13,"column":4},"end":{"line":13,"column":5}},"loc":{"start":{"line":13,"column":45},"end":{"line":24,"column":5}},"line":13},"2":{"name":"(anonymous_2)","decl":{"start":{"line":26,"column":4},"end":{"line":26,"column":5}},"loc":{"start":{"line":26,"column":50},"end":{"line":37,"column":5}},"line":26},"3":{"name":"(anonymous_3)","decl":{"start":{"line":39,"column":4},"end":{"line":39,"column":5}},"loc":{"start":{"line":39,"column":46},"end":{"line":62,"column":5}},"line":39},"4":{"name":"(anonymous_4)","decl":{"start":{"line":64,"column":4},"end":{"line":64,"column":5}},"loc":{"start":{"line":64,"column":48},"end":{"line":83,"column":5}},"line":64}},"branchMap":{"0":{"loc":{"start":{"line":30,"column":12},"end":{"line":32,"column":13}},"type":"if","locations":[{"start":{"line":30,"column":12},"end":{"line":32,"column":13}},{"start":{},"end":{}}],"line":30},"1":{"loc":{"start":{"line":43,"column":12},"end":{"line":45,"column":13}},"type":"if","locations":[{"start":{"line":43,"column":12},"end":{"line":45,"column":13}},{"start":{},"end":{}}],"line":43},"2":{"loc":{"start":{"line":68,"column":12},"end":{"line":70,"column":13}},"type":"if","locations":[{"start":{"line":68,"column":12},"end":{"line":70,"column":13}},{"start":{},"end":{}}],"line":68}},"s":{"0":4,"1":0,"2":0,"3":0,"4":0,"5":0,"6":0,"7":0,"8":0,"9":0,"10":0,"11":0,"12":0,"13":0,"14":0,"15":0,"16":0,"17":0,"18":0,"19":0,"20":0,"21":0,"22":0,"23":0,"24":0,"25":0,"26":0,"27":0,"28":0,"29":0,"30":0,"31":0,"32":0,"33":0,"34":4},"f":{"0":0,"1":0,"2":0,"3":0,"4":0},"b":{"0":[0,0],"1":[0,0],"2":[0,0]},"_coverageSchema":"1a1c01bbd47fc00a2c39e90264f33305004495a9","hash":"568aad2819aac4c1b9a4d20fd3023c78b02c3d15"}
,"C:\\Hacktiv8\\fase3\\MyRecipes\\server\\controller\\classController.js": {"path":"C:\\Hacktiv8\\fase3\\MyRecipes\\server\\controller\\classController.js","statementMap":{"0":{"start":{"line":1,"column":35},"end":{"line":1,"column":55}},"1":{"start":{"line":6,"column":8},"end":{"line":11,"column":9}},"2":{"start":{"line":7,"column":28},"end":{"line":7,"column":49}},"3":{"start":{"line":8,"column":12},"end":{"line":8,"column":41}},"4":{"start":{"line":10,"column":12},"end":{"line":10,"column":21}},"5":{"start":{"line":15,"column":8},"end":{"line":21,"column":9}},"6":{"start":{"line":16,"column":32},"end":{"line":16,"column":42}},"7":{"start":{"line":17,"column":29},"end":{"line":17,"column":58}},"8":{"start":{"line":18,"column":12},"end":{"line":18,"column":42}},"9":{"start":{"line":20,"column":12},"end":{"line":20,"column":21}},"10":{"start":{"line":25,"column":8},"end":{"line":33,"column":9}},"11":{"start":{"line":26,"column":48},"end":{"line":26,"column":56}},"12":{"start":{"line":27,"column":26},"end":{"line":27,"column":44}},"13":{"start":{"line":28,"column":28},"end":{"line":28,"column":42}},"14":{"start":{"line":29,"column":33},"end":{"line":29,"column":96}},"15":{"start":{"line":30,"column":12},"end":{"line":30,"column":46}},"16":{"start":{"line":32,"column":12},"end":{"line":32,"column":21}},"17":{"start":{"line":37,"column":8},"end":{"line":58,"column":9}},"18":{"start":{"line":38,"column":32},"end":{"line":38,"column":42}},"19":{"start":{"line":39,"column":48},"end":{"line":39,"column":56}},"20":{"start":{"line":40,"column":26},"end":{"line":40,"column":44}},"21":{"start":{"line":41,"column":31},"end":{"line":41,"column":33}},"22":{"start":{"line":42,"column":12},"end":{"line":54,"column":13}},"23":{"start":{"line":43,"column":16},"end":{"line":47,"column":18}},"24":{"start":{"line":49,"column":16},"end":{"line":53,"column":18}},"25":{"start":{"line":55,"column":12},"end":{"line":55,"column":88}},"26":{"start":{"line":57,"column":12},"end":{"line":57,"column":21}},"27":{"start":{"line":62,"column":8},"end":{"line":68,"column":9}},"28":{"start":{"line":63,"column":32},"end":{"line":63,"column":42}},"29":{"start":{"line":64,"column":12},"end":{"line":64,"column":59}},"30":{"start":{"line":65,"column":12},"end":{"line":65,"column":94}},"31":{"start":{"line":67,"column":12},"end":{"line":67,"column":21}},"32":{"start":{"line":74,"column":8},"end":{"line":102,"column":9}},"33":{"start":{"line":75,"column":12},"end":{"line":75,"column":47}},"34":{"start":{"line":76,"column":23},"end":{"line":76,"column":34}},"35":{"start":{"line":77,"column":32},"end":{"line":77,"column":42}},"36":{"start":{"line":78,"column":29},"end":{"line":78,"column":58}},"37":{"start":{"line":79,"column":32},"end":{"line":79,"column":55}},"38":{"start":{"line":80,"column":12},"end":{"line":80,"column":59}},"39":{"start":{"line":81,"column":12},"end":{"line":81,"column":52}},"40":{"start":{"line":82,"column":12},"end":{"line":84,"column":13}},"41":{"start":{"line":83,"column":16},"end":{"line":83,"column":52}},"42":{"start":{"line":85,"column":28},"end":{"line":88,"column":15}},"43":{"start":{"line":89,"column":12},"end":{"line":91,"column":13}},"44":{"start":{"line":90,"column":16},"end":{"line":90,"column":57}},"45":{"start":{"line":92,"column":12},"end":{"line":96,"column":14}},"46":{"start":{"line":97,"column":28},"end":{"line":97,"column":62}},"47":{"start":{"line":98,"column":12},"end":{"line":98,"column":55}},"48":{"start":{"line":99,"column":12},"end":{"line":99,"column":69}},"49":{"start":{"line":101,"column":12},"end":{"line":101,"column":21}},"50":{"start":{"line":106,"column":8},"end":{"line":117,"column":9}},"51":{"start":{"line":107,"column":23},"end":{"line":107,"column":34}},"52":{"start":{"line":108,"column":30},"end":{"line":108,"column":40}},"53":{"start":{"line":109,"column":31},"end":{"line":109,"column":86}},"54":{"start":{"line":110,"column":12},"end":{"line":112,"column":13}},"55":{"start":{"line":111,"column":16},"end":{"line":111,"column":50}},"56":{"start":{"line":113,"column":12},"end":{"line":113,"column":67}},"57":{"start":{"line":114,"column":12},"end":{"line":114,"column":67}},"58":{"start":{"line":116,"column":12},"end":{"line":116,"column":21}},"59":{"start":{"line":121,"column":8},"end":{"line":144,"column":9}},"60":{"start":{"line":122,"column":23},"end":{"line":122,"column":34}},"61":{"start":{"line":123,"column":28},"end":{"line":140,"column":14}},"62":{"start":{"line":141,"column":12},"end":{"line":141,"column":41}},"63":{"start":{"line":143,"column":12},"end":{"line":143,"column":21}},"64":{"start":{"line":148,"column":0},"end":{"line":148,"column":32}}},"fnMap":{"0":{"name":"(anonymous_0)","decl":{"start":{"line":5,"column":4},"end":{"line":5,"column":5}},"loc":{"start":{"line":5,"column":46},"end":{"line":12,"column":5}},"line":5},"1":{"name":"(anonymous_1)","decl":{"start":{"line":14,"column":4},"end":{"line":14,"column":5}},"loc":{"start":{"line":14,"column":44},"end":{"line":22,"column":5}},"line":14},"2":{"name":"(anonymous_2)","decl":{"start":{"line":24,"column":4},"end":{"line":24,"column":5}},"loc":{"start":{"line":24,"column":42},"end":{"line":34,"column":5}},"line":24},"3":{"name":"(anonymous_3)","decl":{"start":{"line":36,"column":4},"end":{"line":36,"column":5}},"loc":{"start":{"line":36,"column":43},"end":{"line":59,"column":5}},"line":36},"4":{"name":"(anonymous_4)","decl":{"start":{"line":61,"column":4},"end":{"line":61,"column":5}},"loc":{"start":{"line":61,"column":45},"end":{"line":69,"column":5}},"line":61},"5":{"name":"(anonymous_5)","decl":{"start":{"line":73,"column":4},"end":{"line":73,"column":5}},"loc":{"start":{"line":73,"column":47},"end":{"line":103,"column":5}},"line":73},"6":{"name":"(anonymous_6)","decl":{"start":{"line":105,"column":4},"end":{"line":105,"column":5}},"loc":{"start":{"line":105,"column":45},"end":{"line":118,"column":5}},"line":105},"7":{"name":"(anonymous_7)","decl":{"start":{"line":120,"column":4},"end":{"line":120,"column":5}},"loc":{"start":{"line":120,"column":50},"end":{"line":145,"column":5}},"line":120}},"branchMap":{"0":{"loc":{"start":{"line":42,"column":12},"end":{"line":54,"column":13}},"type":"if","locations":[{"start":{"line":42,"column":12},"end":{"line":54,"column":13}},{"start":{"line":48,"column":19},"end":{"line":54,"column":13}}],"line":42},"1":{"loc":{"start":{"line":82,"column":12},"end":{"line":84,"column":13}},"type":"if","locations":[{"start":{"line":82,"column":12},"end":{"line":84,"column":13}},{"start":{},"end":{}}],"line":82},"2":{"loc":{"start":{"line":82,"column":16},"end":{"line":82,"column":83}},"type":"binary-expr","locations":[{"start":{"line":82,"column":16},"end":{"line":82,"column":43}},{"start":{"line":82,"column":47},"end":{"line":82,"column":83}}],"line":82},"3":{"loc":{"start":{"line":89,"column":12},"end":{"line":91,"column":13}},"type":"if","locations":[{"start":{"line":89,"column":12},"end":{"line":91,"column":13}},{"start":{},"end":{}}],"line":89},"4":{"loc":{"start":{"line":110,"column":12},"end":{"line":112,"column":13}},"type":"if","locations":[{"start":{"line":110,"column":12},"end":{"line":112,"column":13}},{"start":{},"end":{}}],"line":110}},"s":{"0":4,"1":1,"2":1,"3":1,"4":0,"5":1,"6":1,"7":1,"8":1,"9":0,"10":6,"11":6,"12":6,"13":6,"14":6,"15":1,"16":5,"17":2,"18":2,"19":2,"20":2,"21":2,"22":2,"23":1,"24":1,"25":2,"26":0,"27":1,"28":1,"29":1,"30":1,"31":0,"32":3,"33":3,"34":3,"35":3,"36":3,"37":3,"38":3,"39":3,"40":3,"41":1,"42":2,"43":2,"44":1,"45":1,"46":1,"47":1,"48":1,"49":2,"50":2,"51":2,"52":2,"53":2,"54":2,"55":1,"56":1,"57":1,"58":1,"59":1,"60":1,"61":1,"62":1,"63":0,"64":4},"f":{"0":1,"1":1,"2":6,"3":2,"4":1,"5":3,"6":2,"7":1},"b":{"0":[1,1],"1":[1,2],"2":[3,3],"3":[1,1],"4":[1,1]},"_coverageSchema":"1a1c01bbd47fc00a2c39e90264f33305004495a9","hash":"01676547723dbcd742d48dc65bb3a41992a5e8be"}
,"C:\\Hacktiv8\\fase3\\MyRecipes\\server\\controller\\ingridientController.js": {"path":"C:\\Hacktiv8\\fase3\\MyRecipes\\server\\controller\\ingridientController.js","statementMap":{"0":{"start":{"line":1,"column":23},"end":{"line":1,"column":43}},"1":{"start":{"line":5,"column":8},"end":{"line":10,"column":9}},"2":{"start":{"line":6,"column":29},"end":{"line":6,"column":55}},"3":{"start":{"line":7,"column":12},"end":{"line":7,"column":43}},"4":{"start":{"line":9,"column":12},"end":{"line":9,"column":22}},"5":{"start":{"line":14,"column":8},"end":{"line":25,"column":9}},"6":{"start":{"line":15,"column":25},"end":{"line":18,"column":13}},"7":{"start":{"line":20,"column":29},"end":{"line":20,"column":58}},"8":{"start":{"line":22,"column":12},"end":{"line":22,"column":45}},"9":{"start":{"line":24,"column":12},"end":{"line":24,"column":22}},"10":{"start":{"line":29,"column":8},"end":{"line":40,"column":9}},"11":{"start":{"line":30,"column":37},"end":{"line":30,"column":47}},"12":{"start":{"line":32,"column":29},"end":{"line":32,"column":68}},"13":{"start":{"line":33,"column":12},"end":{"line":35,"column":13}},"14":{"start":{"line":34,"column":16},"end":{"line":34,"column":40}},"15":{"start":{"line":37,"column":12},"end":{"line":37,"column":45}},"16":{"start":{"line":39,"column":12},"end":{"line":39,"column":22}},"17":{"start":{"line":44,"column":8},"end":{"line":61,"column":9}},"18":{"start":{"line":45,"column":37},"end":{"line":45,"column":47}},"19":{"start":{"line":46,"column":25},"end":{"line":49,"column":13}},"20":{"start":{"line":51,"column":29},"end":{"line":56,"column":14}},"21":{"start":{"line":58,"column":12},"end":{"line":58,"column":59}},"22":{"start":{"line":60,"column":12},"end":{"line":60,"column":22}},"23":{"start":{"line":65,"column":8},"end":{"line":82,"column":9}},"24":{"start":{"line":66,"column":37},"end":{"line":66,"column":47}},"25":{"start":{"line":68,"column":36},"end":{"line":68,"column":75}},"26":{"start":{"line":69,"column":12},"end":{"line":71,"column":13}},"27":{"start":{"line":70,"column":16},"end":{"line":70,"column":43}},"28":{"start":{"line":73,"column":12},"end":{"line":77,"column":15}},"29":{"start":{"line":79,"column":12},"end":{"line":79,"column":99}},"30":{"start":{"line":81,"column":12},"end":{"line":81,"column":22}},"31":{"start":{"line":86,"column":0},"end":{"line":86,"column":28}}},"fnMap":{"0":{"name":"(anonymous_0)","decl":{"start":{"line":4,"column":4},"end":{"line":4,"column":5}},"loc":{"start":{"line":4,"column":48},"end":{"line":11,"column":5}},"line":4},"1":{"name":"(anonymous_1)","decl":{"start":{"line":13,"column":4},"end":{"line":13,"column":5}},"loc":{"start":{"line":13,"column":47},"end":{"line":26,"column":5}},"line":13},"2":{"name":"(anonymous_2)","decl":{"start":{"line":28,"column":4},"end":{"line":28,"column":5}},"loc":{"start":{"line":28,"column":52},"end":{"line":41,"column":5}},"line":28},"3":{"name":"(anonymous_3)","decl":{"start":{"line":43,"column":4},"end":{"line":43,"column":5}},"loc":{"start":{"line":43,"column":48},"end":{"line":62,"column":5}},"line":43},"4":{"name":"(anonymous_4)","decl":{"start":{"line":64,"column":4},"end":{"line":64,"column":5}},"loc":{"start":{"line":64,"column":50},"end":{"line":83,"column":5}},"line":64}},"branchMap":{"0":{"loc":{"start":{"line":33,"column":12},"end":{"line":35,"column":13}},"type":"if","locations":[{"start":{"line":33,"column":12},"end":{"line":35,"column":13}},{"start":{},"end":{}}],"line":33},"1":{"loc":{"start":{"line":69,"column":12},"end":{"line":71,"column":13}},"type":"if","locations":[{"start":{"line":69,"column":12},"end":{"line":71,"column":13}},{"start":{},"end":{}}],"line":69}},"s":{"0":4,"1":2,"2":2,"3":1,"4":1,"5":2,"6":2,"7":2,"8":1,"9":1,"10":2,"11":2,"12":2,"13":2,"14":1,"15":1,"16":1,"17":2,"18":2,"19":2,"20":2,"21":1,"22":1,"23":2,"24":2,"25":2,"26":2,"27":1,"28":1,"29":1,"30":1,"31":4},"f":{"0":2,"1":2,"2":2,"3":2,"4":2},"b":{"0":[1,1],"1":[1,1]},"_coverageSchema":"1a1c01bbd47fc00a2c39e90264f33305004495a9","hash":"7eb627f941672e4a88fc04b717dd667b078f2c2a"}
,"C:\\Hacktiv8\\fase3\\MyRecipes\\server\\controller\\recipeController.js": {"path":"C:\\Hacktiv8\\fase3\\MyRecipes\\server\\controller\\recipeController.js","statementMap":{"0":{"start":{"line":1,"column":54},"end":{"line":1,"column":74}},"1":{"start":{"line":3,"column":19},"end":{"line":13,"column":1}},"2":{"start":{"line":4,"column":2},"end":{"line":12,"column":3}},"3":{"start":{"line":7,"column":21},"end":{"line":7,"column":43}},"4":{"start":{"line":8,"column":4},"end":{"line":8,"column":29}},"5":{"start":{"line":8,"column":19},"end":{"line":8,"column":29}},"6":{"start":{"line":9,"column":4},"end":{"line":9,"column":35}},"7":{"start":{"line":11,"column":4},"end":{"line":11,"column":14}},"8":{"start":{"line":15,"column":33},"end":{"line":31,"column":1}},"9":{"start":{"line":16,"column":2},"end":{"line":30,"column":3}},"10":{"start":{"line":18,"column":19},"end":{"line":18,"column":30}},"11":{"start":{"line":19,"column":21},"end":{"line":22,"column":6}},"12":{"start":{"line":23,"column":4},"end":{"line":23,"column":29}},"13":{"start":{"line":23,"column":19},"end":{"line":23,"column":29}},"14":{"start":{"line":24,"column":20},"end":{"line":26,"column":6}},"15":{"start":{"line":25,"column":6},"end":{"line":25,"column":27}},"16":{"start":{"line":27,"column":4},"end":{"line":27,"column":56}},"17":{"start":{"line":29,"column":4},"end":{"line":29,"column":14}},"18":{"start":{"line":33,"column":31},"end":{"line":42,"column":1}},"19":{"start":{"line":34,"column":2},"end":{"line":41,"column":3}},"20":{"start":{"line":35,"column":19},"end":{"line":35,"column":30}},"21":{"start":{"line":36,"column":21},"end":{"line":36,"column":64}},"22":{"start":{"line":37,"column":4},"end":{"line":37,"column":29}},"23":{"start":{"line":37,"column":19},"end":{"line":37,"column":29}},"24":{"start":{"line":38,"column":4},"end":{"line":38,"column":59}},"25":{"start":{"line":40,"column":4},"end":{"line":40,"column":14}},"26":{"start":{"line":44,"column":24},"end":{"line":53,"column":1}},"27":{"start":{"line":45,"column":2},"end":{"line":52,"column":3}},"28":{"start":{"line":46,"column":19},"end":{"line":46,"column":29}},"29":{"start":{"line":47,"column":21},"end":{"line":47,"column":46}},"30":{"start":{"line":48,"column":4},"end":{"line":48,"column":29}},"31":{"start":{"line":48,"column":19},"end":{"line":48,"column":29}},"32":{"start":{"line":49,"column":4},"end":{"line":49,"column":35}},"33":{"start":{"line":51,"column":4},"end":{"line":51,"column":14}},"34":{"start":{"line":55,"column":21},"end":{"line":83,"column":1}},"35":{"start":{"line":56,"column":2},"end":{"line":82,"column":3}},"36":{"start":{"line":58,"column":43},"end":{"line":58,"column":51}},"37":{"start":{"line":59,"column":4},"end":{"line":59,"column":43}},"38":{"start":{"line":59,"column":15},"end":{"line":59,"column":43}},"39":{"start":{"line":60,"column":4},"end":{"line":60,"column":45}},"40":{"start":{"line":60,"column":16},"end":{"line":60,"column":45}},"41":{"start":{"line":61,"column":4},"end":{"line":61,"column":61}},"42":{"start":{"line":61,"column":24},"end":{"line":61,"column":61}},"43":{"start":{"line":62,"column":21},"end":{"line":64,"column":6}},"44":{"start":{"line":63,"column":6},"end":{"line":63,"column":18}},"45":{"start":{"line":65,"column":19},"end":{"line":65,"column":30}},"46":{"start":{"line":66,"column":21},"end":{"line":66,"column":39}},"47":{"start":{"line":68,"column":4},"end":{"line":68,"column":48}},"48":{"start":{"line":68,"column":19},"end":{"line":68,"column":48}},"49":{"start":{"line":70,"column":21},"end":{"line":76,"column":6}},"50":{"start":{"line":77,"column":4},"end":{"line":77,"column":29}},"51":{"start":{"line":77,"column":19},"end":{"line":77,"column":29}},"52":{"start":{"line":79,"column":4},"end":{"line":79,"column":35}},"53":{"start":{"line":81,"column":4},"end":{"line":81,"column":14}},"54":{"start":{"line":85,"column":19},"end":{"line":105,"column":1}},"55":{"start":{"line":86,"column":2},"end":{"line":104,"column":3}},"56":{"start":{"line":88,"column":43},"end":{"line":88,"column":51}},"57":{"start":{"line":89,"column":21},"end":{"line":91,"column":6}},"58":{"start":{"line":90,"column":6},"end":{"line":90,"column":18}},"59":{"start":{"line":92,"column":19},"end":{"line":92,"column":30}},"60":{"start":{"line":93,"column":21},"end":{"line":93,"column":39}},"61":{"start":{"line":95,"column":21},"end":{"line":98,"column":5}},"62":{"start":{"line":99,"column":4},"end":{"line":99,"column":29}},"63":{"start":{"line":99,"column":19},"end":{"line":99,"column":29}},"64":{"start":{"line":101,"column":4},"end":{"line":101,"column":57}},"65":{"start":{"line":103,"column":4},"end":{"line":103,"column":14}},"66":{"start":{"line":107,"column":21},"end":{"line":118,"column":1}},"67":{"start":{"line":108,"column":2},"end":{"line":117,"column":3}},"68":{"start":{"line":109,"column":19},"end":{"line":109,"column":29}},"69":{"start":{"line":110,"column":18},"end":{"line":110,"column":43}},"70":{"start":{"line":111,"column":4},"end":{"line":111,"column":43}},"71":{"start":{"line":111,"column":16},"end":{"line":111,"column":43}},"72":{"start":{"line":112,"column":21},"end":{"line":112,"column":60}},"73":{"start":{"line":113,"column":4},"end":{"line":113,"column":29}},"74":{"start":{"line":113,"column":19},"end":{"line":113,"column":29}},"75":{"start":{"line":114,"column":4},"end":{"line":114,"column":62}},"76":{"start":{"line":116,"column":4},"end":{"line":116,"column":14}},"77":{"start":{"line":120,"column":25},"end":{"line":141,"column":1}},"78":{"start":{"line":121,"column":2},"end":{"line":140,"column":3}},"79":{"start":{"line":122,"column":19},"end":{"line":122,"column":30}},"80":{"start":{"line":123,"column":21},"end":{"line":123,"column":34}},"81":{"start":{"line":124,"column":31},"end":{"line":124,"column":39}},"82":{"start":{"line":125,"column":4},"end":{"line":125,"column":57}},"83":{"start":{"line":125,"column":28},"end":{"line":125,"column":57}},"84":{"start":{"line":128,"column":20},"end":{"line":128,"column":79}},"85":{"start":{"line":129,"column":4},"end":{"line":129,"column":43}},"86":{"start":{"line":129,"column":17},"end":{"line":129,"column":43}},"87":{"start":{"line":131,"column":21},"end":{"line":136,"column":6}},"88":{"start":{"line":137,"column":4},"end":{"line":137,"column":35}},"89":{"start":{"line":139,"column":4},"end":{"line":139,"column":14}},"90":{"start":{"line":143,"column":0},"end":{"line":152,"column":2}}},"fnMap":{"0":{"name":"(anonymous_0)","decl":{"start":{"line":3,"column":19},"end":{"line":3,"column":20}},"loc":{"start":{"line":3,"column":45},"end":{"line":13,"column":1}},"line":3},"1":{"name":"(anonymous_1)","decl":{"start":{"line":15,"column":33},"end":{"line":15,"column":34}},"loc":{"start":{"line":15,"column":59},"end":{"line":31,"column":1}},"line":15},"2":{"name":"(anonymous_2)","decl":{"start":{"line":24,"column":33},"end":{"line":24,"column":34}},"loc":{"start":{"line":24,"column":45},"end":{"line":26,"column":5}},"line":24},"3":{"name":"(anonymous_3)","decl":{"start":{"line":33,"column":31},"end":{"line":33,"column":32}},"loc":{"start":{"line":33,"column":57},"end":{"line":42,"column":1}},"line":33},"4":{"name":"(anonymous_4)","decl":{"start":{"line":44,"column":24},"end":{"line":44,"column":25}},"loc":{"start":{"line":44,"column":50},"end":{"line":53,"column":1}},"line":44},"5":{"name":"(anonymous_5)","decl":{"start":{"line":55,"column":21},"end":{"line":55,"column":22}},"loc":{"start":{"line":55,"column":47},"end":{"line":83,"column":1}},"line":55},"6":{"name":"(anonymous_6)","decl":{"start":{"line":62,"column":42},"end":{"line":62,"column":43}},"loc":{"start":{"line":62,"column":52},"end":{"line":64,"column":5}},"line":62},"7":{"name":"(anonymous_7)","decl":{"start":{"line":85,"column":19},"end":{"line":85,"column":20}},"loc":{"start":{"line":85,"column":45},"end":{"line":105,"column":1}},"line":85},"8":{"name":"(anonymous_8)","decl":{"start":{"line":89,"column":42},"end":{"line":89,"column":43}},"loc":{"start":{"line":89,"column":52},"end":{"line":91,"column":5}},"line":89},"9":{"name":"(anonymous_9)","decl":{"start":{"line":107,"column":21},"end":{"line":107,"column":22}},"loc":{"start":{"line":107,"column":47},"end":{"line":118,"column":1}},"line":107},"10":{"name":"(anonymous_10)","decl":{"start":{"line":120,"column":25},"end":{"line":120,"column":26}},"loc":{"start":{"line":120,"column":51},"end":{"line":141,"column":1}},"line":120}},"branchMap":{"0":{"loc":{"start":{"line":8,"column":4},"end":{"line":8,"column":29}},"type":"if","locations":[{"start":{"line":8,"column":4},"end":{"line":8,"column":29}},{"start":{},"end":{}}],"line":8},"1":{"loc":{"start":{"line":23,"column":4},"end":{"line":23,"column":29}},"type":"if","locations":[{"start":{"line":23,"column":4},"end":{"line":23,"column":29}},{"start":{},"end":{}}],"line":23},"2":{"loc":{"start":{"line":37,"column":4},"end":{"line":37,"column":29}},"type":"if","locations":[{"start":{"line":37,"column":4},"end":{"line":37,"column":29}},{"start":{},"end":{}}],"line":37},"3":{"loc":{"start":{"line":48,"column":4},"end":{"line":48,"column":29}},"type":"if","locations":[{"start":{"line":48,"column":4},"end":{"line":48,"column":29}},{"start":{},"end":{}}],"line":48},"4":{"loc":{"start":{"line":59,"column":4},"end":{"line":59,"column":43}},"type":"if","locations":[{"start":{"line":59,"column":4},"end":{"line":59,"column":43}},{"start":{},"end":{}}],"line":59},"5":{"loc":{"start":{"line":60,"column":4},"end":{"line":60,"column":45}},"type":"if","locations":[{"start":{"line":60,"column":4},"end":{"line":60,"column":45}},{"start":{},"end":{}}],"line":60},"6":{"loc":{"start":{"line":61,"column":4},"end":{"line":61,"column":61}},"type":"if","locations":[{"start":{"line":61,"column":4},"end":{"line":61,"column":61}},{"start":{},"end":{}}],"line":61},"7":{"loc":{"start":{"line":68,"column":4},"end":{"line":68,"column":48}},"type":"if","locations":[{"start":{"line":68,"column":4},"end":{"line":68,"column":48}},{"start":{},"end":{}}],"line":68},"8":{"loc":{"start":{"line":77,"column":4},"end":{"line":77,"column":29}},"type":"if","locations":[{"start":{"line":77,"column":4},"end":{"line":77,"column":29}},{"start":{},"end":{}}],"line":77},"9":{"loc":{"start":{"line":99,"column":4},"end":{"line":99,"column":29}},"type":"if","locations":[{"start":{"line":99,"column":4},"end":{"line":99,"column":29}},{"start":{},"end":{}}],"line":99},"10":{"loc":{"start":{"line":111,"column":4},"end":{"line":111,"column":43}},"type":"if","locations":[{"start":{"line":111,"column":4},"end":{"line":111,"column":43}},{"start":{},"end":{}}],"line":111},"11":{"loc":{"start":{"line":113,"column":4},"end":{"line":113,"column":29}},"type":"if","locations":[{"start":{"line":113,"column":4},"end":{"line":113,"column":29}},{"start":{},"end":{}}],"line":113},"12":{"loc":{"start":{"line":125,"column":4},"end":{"line":125,"column":57}},"type":"if","locations":[{"start":{"line":125,"column":4},"end":{"line":125,"column":57}},{"start":{},"end":{}}],"line":125},"13":{"loc":{"start":{"line":125,"column":8},"end":{"line":125,"column":26}},"type":"binary-expr","locations":[{"start":{"line":125,"column":8},"end":{"line":125,"column":15}},{"start":{"line":125,"column":19},"end":{"line":125,"column":26}}],"line":125},"14":{"loc":{"start":{"line":129,"column":4},"end":{"line":129,"column":43}},"type":"if","locations":[{"start":{"line":129,"column":4},"end":{"line":129,"column":43}},{"start":{},"end":{}}],"line":129}},"s":{"0":4,"1":4,"2":1,"3":1,"4":1,"5":0,"6":1,"7":0,"8":4,"9":0,"10":0,"11":0,"12":0,"13":0,"14":0,"15":0,"16":0,"17":0,"18":4,"19":0,"20":0,"21":0,"22":0,"23":0,"24":0,"25":0,"26":4,"27":0,"28":0,"29":0,"30":0,"31":0,"32":0,"33":0,"34":4,"35":0,"36":0,"37":0,"38":0,"39":0,"40":0,"41":0,"42":0,"43":0,"44":0,"45":0,"46":0,"47":0,"48":0,"49":0,"50":0,"51":0,"52":0,"53":0,"54":4,"55":0,"56":0,"57":0,"58":0,"59":0,"60":0,"61":0,"62":0,"63":0,"64":0,"65":0,"66":4,"67":0,"68":0,"69":0,"70":0,"71":0,"72":0,"73":0,"74":0,"75":0,"76":0,"77":4,"78":0,"79":0,"80":0,"81":0,"82":0,"83":0,"84":0,"85":0,"86":0,"87":0,"88":0,"89":0,"90":4},"f":{"0":1,"1":0,"2":0,"3":0,"4":0,"5":0,"6":0,"7":0,"8":0,"9":0,"10":0},"b":{"0":[0,1],"1":[0,0],"2":[0,0],"3":[0,0],"4":[0,0],"5":[0,0],"6":[0,0],"7":[0,0],"8":[0,0],"9":[0,0],"10":[0,0],"11":[0,0],"12":[0,0],"13":[0,0],"14":[0,0]},"_coverageSchema":"1a1c01bbd47fc00a2c39e90264f33305004495a9","hash":"99081be40b2177560f35886f7c34a99c90108df3"}
,"C:\\Hacktiv8\\fase3\\MyRecipes\\server\\controller\\userController.js": {"path":"C:\\Hacktiv8\\fase3\\MyRecipes\\server\\controller\\userController.js","statementMap":{"0":{"start":{"line":1,"column":45},"end":{"line":1,"column":71}},"1":{"start":{"line":2,"column":42},"end":{"line":2,"column":70}},"2":{"start":{"line":3,"column":21},"end":{"line":3,"column":46}},"3":{"start":{"line":4,"column":17},"end":{"line":4,"column":47}},"4":{"start":{"line":5,"column":15},"end":{"line":5,"column":35}},"5":{"start":{"line":7,"column":21},"end":{"line":23,"column":1}},"6":{"start":{"line":9,"column":2},"end":{"line":22,"column":3}},"7":{"start":{"line":10,"column":48},"end":{"line":10,"column":56}},"8":{"start":{"line":12,"column":20},"end":{"line":18,"column":6}},"9":{"start":{"line":19,"column":4},"end":{"line":19,"column":67}},"10":{"start":{"line":21,"column":4},"end":{"line":21,"column":14}},"11":{"start":{"line":25,"column":22},"end":{"line":40,"column":1}},"12":{"start":{"line":26,"column":2},"end":{"line":39,"column":3}},"13":{"start":{"line":27,"column":48},"end":{"line":27,"column":56}},"14":{"start":{"line":29,"column":20},"end":{"line":35,"column":6}},"15":{"start":{"line":36,"column":4},"end":{"line":36,"column":67}},"16":{"start":{"line":38,"column":4},"end":{"line":38,"column":14}},"17":{"start":{"line":42,"column":16},"end":{"line":74,"column":1}},"18":{"start":{"line":43,"column":2},"end":{"line":73,"column":3}},"19":{"start":{"line":44,"column":42},"end":{"line":44,"column":50}},"20":{"start":{"line":46,"column":4},"end":{"line":48,"column":5}},"21":{"start":{"line":47,"column":6},"end":{"line":47,"column":35}},"22":{"start":{"line":50,"column":17},"end":{"line":54,"column":6}},"23":{"start":{"line":55,"column":4},"end":{"line":57,"column":5}},"24":{"start":{"line":56,"column":6},"end":{"line":56,"column":35}},"25":{"start":{"line":59,"column":20},"end":{"line":59,"column":60}},"26":{"start":{"line":60,"column":4},"end":{"line":62,"column":5}},"27":{"start":{"line":61,"column":6},"end":{"line":61,"column":35}},"28":{"start":{"line":64,"column":20},"end":{"line":68,"column":5}},"29":{"start":{"line":69,"column":24},"end":{"line":69,"column":41}},"30":{"start":{"line":70,"column":4},"end":{"line":70,"column":42}},"31":{"start":{"line":72,"column":4},"end":{"line":72,"column":14}},"32":{"start":{"line":76,"column":20},"end":{"line":134,"column":1}},"33":{"start":{"line":77,"column":2},"end":{"line":133,"column":3}},"34":{"start":{"line":78,"column":19},"end":{"line":78,"column":32}},"35":{"start":{"line":79,"column":42},"end":{"line":79,"column":50}},"36":{"start":{"line":80,"column":24},"end":{"line":80,"column":42}},"37":{"start":{"line":81,"column":25},"end":{"line":81,"column":30}},"38":{"start":{"line":83,"column":17},"end":{"line":83,"column":44}},"39":{"start":{"line":84,"column":4},"end":{"line":86,"column":5}},"40":{"start":{"line":85,"column":6},"end":{"line":85,"column":33}},"41":{"start":{"line":88,"column":4},"end":{"line":93,"column":5}},"42":{"start":{"line":89,"column":6},"end":{"line":92,"column":7}},"43":{"start":{"line":90,"column":8},"end":{"line":90,"column":42}},"44":{"start":{"line":91,"column":8},"end":{"line":91,"column":30}},"45":{"start":{"line":96,"column":4},"end":{"line":121,"column":5}},"46":{"start":{"line":97,"column":6},"end":{"line":108,"column":8}},"47":{"start":{"line":110,"column":6},"end":{"line":120,"column":8}},"48":{"start":{"line":123,"column":19},"end":{"line":123,"column":36}},"49":{"start":{"line":125,"column":4},"end":{"line":130,"column":7}},"50":{"start":{"line":132,"column":4},"end":{"line":132,"column":14}},"51":{"start":{"line":136,"column":18},"end":{"line":161,"column":1}},"52":{"start":{"line":137,"column":2},"end":{"line":160,"column":3}},"53":{"start":{"line":138,"column":19},"end":{"line":138,"column":30}},"54":{"start":{"line":139,"column":25},"end":{"line":139,"column":33}},"55":{"start":{"line":141,"column":4},"end":{"line":143,"column":5}},"56":{"start":{"line":142,"column":6},"end":{"line":142,"column":39}},"57":{"start":{"line":144,"column":24},"end":{"line":149,"column":6}},"58":{"start":{"line":150,"column":4},"end":{"line":152,"column":5}},"59":{"start":{"line":151,"column":6},"end":{"line":151,"column":41}},"60":{"start":{"line":153,"column":24},"end":{"line":156,"column":6}},"61":{"start":{"line":157,"column":4},"end":{"line":157,"column":38}},"62":{"start":{"line":159,"column":4},"end":{"line":159,"column":14}},"63":{"start":{"line":163,"column":21},"end":{"line":173,"column":1}},"64":{"start":{"line":164,"column":2},"end":{"line":172,"column":3}},"65":{"start":{"line":165,"column":19},"end":{"line":165,"column":27}},"66":{"start":{"line":166,"column":23},"end":{"line":166,"column":31}},"67":{"start":{"line":167,"column":27},"end":{"line":167,"column":78}},"68":{"start":{"line":168,"column":18},"end":{"line":168,"column":75}},"69":{"start":{"line":169,"column":4},"end":{"line":169,"column":32}},"70":{"start":{"line":171,"column":4},"end":{"line":171,"column":14}},"71":{"start":{"line":175,"column":21},"end":{"line":188,"column":1}},"72":{"start":{"line":176,"column":2},"end":{"line":187,"column":3}},"73":{"start":{"line":177,"column":19},"end":{"line":177,"column":27}},"74":{"start":{"line":178,"column":24},"end":{"line":180,"column":6}},"75":{"start":{"line":181,"column":4},"end":{"line":181,"column":74}},"76":{"start":{"line":182,"column":4},"end":{"line":184,"column":7}},"77":{"start":{"line":186,"column":4},"end":{"line":186,"column":14}},"78":{"start":{"line":190,"column":23},"end":{"line":205,"column":1}},"79":{"start":{"line":191,"column":2},"end":{"line":204,"column":3}},"80":{"start":{"line":192,"column":19},"end":{"line":192,"column":32}},"81":{"start":{"line":194,"column":17},"end":{"line":196,"column":6}},"82":{"start":{"line":197,"column":4},"end":{"line":199,"column":5}},"83":{"start":{"line":198,"column":6},"end":{"line":198,"column":33}},"84":{"start":{"line":201,"column":4},"end":{"line":201,"column":31}},"85":{"start":{"line":203,"column":4},"end":{"line":203,"column":14}},"86":{"start":{"line":207,"column":0},"end":{"line":216,"column":2}}},"fnMap":{"0":{"name":"(anonymous_0)","decl":{"start":{"line":7,"column":21},"end":{"line":7,"column":22}},"loc":{"start":{"line":7,"column":47},"end":{"line":23,"column":1}},"line":7},"1":{"name":"(anonymous_1)","decl":{"start":{"line":25,"column":22},"end":{"line":25,"column":23}},"loc":{"start":{"line":25,"column":48},"end":{"line":40,"column":1}},"line":25},"2":{"name":"(anonymous_2)","decl":{"start":{"line":42,"column":16},"end":{"line":42,"column":17}},"loc":{"start":{"line":42,"column":42},"end":{"line":74,"column":1}},"line":42},"3":{"name":"(anonymous_3)","decl":{"start":{"line":76,"column":20},"end":{"line":76,"column":21}},"loc":{"start":{"line":76,"column":46},"end":{"line":134,"column":1}},"line":76},"4":{"name":"(anonymous_4)","decl":{"start":{"line":136,"column":18},"end":{"line":136,"column":19}},"loc":{"start":{"line":136,"column":44},"end":{"line":161,"column":1}},"line":136},"5":{"name":"(anonymous_5)","decl":{"start":{"line":163,"column":21},"end":{"line":163,"column":22}},"loc":{"start":{"line":163,"column":47},"end":{"line":173,"column":1}},"line":163},"6":{"name":"(anonymous_6)","decl":{"start":{"line":175,"column":21},"end":{"line":175,"column":22}},"loc":{"start":{"line":175,"column":47},"end":{"line":188,"column":1}},"line":175},"7":{"name":"(anonymous_7)","decl":{"start":{"line":190,"column":23},"end":{"line":190,"column":24}},"loc":{"start":{"line":190,"column":49},"end":{"line":205,"column":1}},"line":190}},"branchMap":{"0":{"loc":{"start":{"line":46,"column":4},"end":{"line":48,"column":5}},"type":"if","locations":[{"start":{"line":46,"column":4},"end":{"line":48,"column":5}},{"start":{},"end":{}}],"line":46},"1":{"loc":{"start":{"line":46,"column":8},"end":{"line":46,"column":37}},"type":"binary-expr","locations":[{"start":{"line":46,"column":8},"end":{"line":46,"column":24}},{"start":{"line":46,"column":28},"end":{"line":46,"column":37}}],"line":46},"2":{"loc":{"start":{"line":55,"column":4},"end":{"line":57,"column":5}},"type":"if","locations":[{"start":{"line":55,"column":4},"end":{"line":57,"column":5}},{"start":{},"end":{}}],"line":55},"3":{"loc":{"start":{"line":60,"column":4},"end":{"line":62,"column":5}},"type":"if","locations":[{"start":{"line":60,"column":4},"end":{"line":62,"column":5}},{"start":{},"end":{}}],"line":60},"4":{"loc":{"start":{"line":84,"column":4},"end":{"line":86,"column":5}},"type":"if","locations":[{"start":{"line":84,"column":4},"end":{"line":86,"column":5}},{"start":{},"end":{}}],"line":84},"5":{"loc":{"start":{"line":88,"column":4},"end":{"line":93,"column":5}},"type":"if","locations":[{"start":{"line":88,"column":4},"end":{"line":93,"column":5}},{"start":{},"end":{}}],"line":88},"6":{"loc":{"start":{"line":89,"column":6},"end":{"line":92,"column":7}},"type":"if","locations":[{"start":{"line":89,"column":6},"end":{"line":92,"column":7}},{"start":{},"end":{}}],"line":89},"7":{"loc":{"start":{"line":96,"column":4},"end":{"line":121,"column":5}},"type":"if","locations":[{"start":{"line":96,"column":4},"end":{"line":121,"column":5}},{"start":{"line":109,"column":11},"end":{"line":121,"column":5}}],"line":96},"8":{"loc":{"start":{"line":141,"column":4},"end":{"line":143,"column":5}},"type":"if","locations":[{"start":{"line":141,"column":4},"end":{"line":143,"column":5}},{"start":{},"end":{}}],"line":141},"9":{"loc":{"start":{"line":150,"column":4},"end":{"line":152,"column":5}},"type":"if","locations":[{"start":{"line":150,"column":4},"end":{"line":152,"column":5}},{"start":{},"end":{}}],"line":150},"10":{"loc":{"start":{"line":197,"column":4},"end":{"line":199,"column":5}},"type":"if","locations":[{"start":{"line":197,"column":4},"end":{"line":199,"column":5}},{"start":{},"end":{}}],"line":197}},"s":{"0":4,"1":4,"2":4,"3":4,"4":4,"5":4,"6":7,"7":7,"8":7,"9":1,"10":6,"11":4,"12":2,"13":2,"14":2,"15":1,"16":1,"17":4,"18":13,"19":13,"20":13,"21":1,"22":12,"23":12,"24":1,"25":11,"26":11,"27":1,"28":10,"29":10,"30":10,"31":3,"32":4,"33":3,"34":3,"35":3,"36":3,"37":3,"38":3,"39":3,"40":1,"41":2,"42":1,"43":1,"44":1,"45":2,"46":1,"47":1,"48":2,"49":2,"50":1,"51":4,"52":3,"53":3,"54":3,"55":3,"56":1,"57":2,"58":2,"59":1,"60":1,"61":1,"62":2,"63":4,"64":0,"65":0,"66":0,"67":0,"68":0,"69":0,"70":0,"71":4,"72":0,"73":0,"74":0,"75":0,"76":0,"77":0,"78":4,"79":2,"80":2,"81":2,"82":2,"83":1,"84":1,"85":1,"86":4},"f":{"0":7,"1":2,"2":13,"3":3,"4":3,"5":0,"6":0,"7":2},"b":{"0":[1,12],"1":[13,12],"2":[1,11],"3":[1,10],"4":[1,2],"5":[1,1],"6":[1,0],"7":[1,1],"8":[1,2],"9":[1,1],"10":[1,1]},"_coverageSchema":"1a1c01bbd47fc00a2c39e90264f33305004495a9","hash":"155d72b1f340bc5e1a729eabc81db25469349077"}
,"C:\\Hacktiv8\\fase3\\MyRecipes\\server\\helpers\\bcrypt.js": {"path":"C:\\Hacktiv8\\fase3\\MyRecipes\\server\\helpers\\bcrypt.js","statementMap":{"0":{"start":{"line":1,"column":15},"end":{"line":1,"column":34}},"1":{"start":{"line":2,"column":13},"end":{"line":2,"column":34}},"2":{"start":{"line":4,"column":21},"end":{"line":6,"column":1}},"3":{"start":{"line":5,"column":4},"end":{"line":5,"column":42}},"4":{"start":{"line":8,"column":25},"end":{"line":10,"column":1}},"5":{"start":{"line":9,"column":4},"end":{"line":9,"column":51}},"6":{"start":{"line":12,"column":0},"end":{"line":12,"column":48}}},"fnMap":{"0":{"name":"(anonymous_0)","decl":{"start":{"line":4,"column":21},"end":{"line":4,"column":22}},"loc":{"start":{"line":4,"column":34},"end":{"line":6,"column":1}},"line":4},"1":{"name":"(anonymous_1)","decl":{"start":{"line":8,"column":25},"end":{"line":8,"column":26}},"loc":{"start":{"line":8,"column":50},"end":{"line":10,"column":1}},"line":8}},"branchMap":{},"s":{"0":4,"1":4,"2":4,"3":15,"4":4,"5":11,"6":4},"f":{"0":15,"1":11},"b":{},"_coverageSchema":"1a1c01bbd47fc00a2c39e90264f33305004495a9","hash":"0ef633d7b0338da01311416f45c415fef554d393"}
,"C:\\Hacktiv8\\fase3\\MyRecipes\\server\\helpers\\jwt.js": {"path":"C:\\Hacktiv8\\fase3\\MyRecipes\\server\\helpers\\jwt.js","statementMap":{"0":{"start":{"line":1,"column":12},"end":{"line":1,"column":35}},"1":{"start":{"line":2,"column":19},"end":{"line":2,"column":36}},"2":{"start":{"line":4,"column":17},"end":{"line":6,"column":1}},"3":{"start":{"line":5,"column":4},"end":{"line":5,"column":40}},"4":{"start":{"line":8,"column":21},"end":{"line":10,"column":1}},"5":{"start":{"line":9,"column":4},"end":{"line":9,"column":40}},"6":{"start":{"line":12,"column":0},"end":{"line":12,"column":41}}},"fnMap":{"0":{"name":"(anonymous_0)","decl":{"start":{"line":4,"column":17},"end":{"line":4,"column":18}},"loc":{"start":{"line":4,"column":30},"end":{"line":6,"column":1}},"line":4},"1":{"name":"(anonymous_1)","decl":{"start":{"line":8,"column":21},"end":{"line":8,"column":22}},"loc":{"start":{"line":8,"column":32},"end":{"line":10,"column":1}},"line":8}},"branchMap":{},"s":{"0":4,"1":4,"2":4,"3":11,"4":4,"5":49,"6":4},"f":{"0":11,"1":49},"b":{},"_coverageSchema":"1a1c01bbd47fc00a2c39e90264f33305004495a9","hash":"37fbba0ae99bc2f7f7001149f25c50a7990bde33"}
,"C:\\Hacktiv8\\fase3\\MyRecipes\\server\\helpers\\midtrans.js": {"path":"C:\\Hacktiv8\\fase3\\MyRecipes\\server\\helpers\\midtrans.js","statementMap":{"0":{"start":{"line":1,"column":14},"end":{"line":1,"column":30}},"1":{"start":{"line":4,"column":28},"end":{"line":4,"column":105}},"2":{"start":{"line":5,"column":23},"end":{"line":22,"column":10}},"3":{"start":{"line":23,"column":8},"end":{"line":23,"column":28}},"4":{"start":{"line":26,"column":0},"end":{"line":26,"column":25}}},"fnMap":{"0":{"name":"midtrans","decl":{"start":{"line":3,"column":15},"end":{"line":3,"column":23}},"loc":{"start":{"line":3,"column":43},"end":{"line":24,"column":1}},"line":3}},"branchMap":{},"s":{"0":4,"1":0,"2":0,"3":0,"4":4},"f":{"0":0},"b":{},"_coverageSchema":"1a1c01bbd47fc00a2c39e90264f33305004495a9","hash":"7730c462696eca43234b65cdedf4edc104b1aff5"}
,"C:\\Hacktiv8\\fase3\\MyRecipes\\server\\middlewares\\authentication.js": {"path":"C:\\Hacktiv8\\fase3\\MyRecipes\\server\\middlewares\\authentication.js","statementMap":{"0":{"start":{"line":1,"column":25},"end":{"line":1,"column":50}},"1":{"start":{"line":2,"column":15},"end":{"line":2,"column":41}},"2":{"start":{"line":4,"column":27},"end":{"line":27,"column":1}},"3":{"start":{"line":5,"column":2},"end":{"line":26,"column":3}},"4":{"start":{"line":6,"column":29},"end":{"line":6,"column":40}},"5":{"start":{"line":7,"column":20},"end":{"line":7,"column":46}},"6":{"start":{"line":8,"column":17},"end":{"line":13,"column":6}},"7":{"start":{"line":14,"column":4},"end":{"line":16,"column":5}},"8":{"start":{"line":15,"column":6},"end":{"line":15,"column":37}},"9":{"start":{"line":18,"column":4},"end":{"line":22,"column":6}},"10":{"start":{"line":23,"column":4},"end":{"line":23,"column":11}},"11":{"start":{"line":25,"column":4},"end":{"line":25,"column":14}},"12":{"start":{"line":29,"column":0},"end":{"line":29,"column":36}}},"fnMap":{"0":{"name":"(anonymous_0)","decl":{"start":{"line":4,"column":27},"end":{"line":4,"column":28}},"loc":{"start":{"line":4,"column":53},"end":{"line":27,"column":1}},"line":4}},"branchMap":{"0":{"loc":{"start":{"line":14,"column":4},"end":{"line":16,"column":5}},"type":"if","locations":[{"start":{"line":14,"column":4},"end":{"line":16,"column":5}},{"start":{},"end":{}}],"line":14}},"s":{"0":4,"1":4,"2":4,"3":49,"4":49,"5":49,"6":41,"7":41,"8":1,"9":40,"10":40,"11":9,"12":4},"f":{"0":49},"b":{"0":[1,40]},"_coverageSchema":"1a1c01bbd47fc00a2c39e90264f33305004495a9","hash":"0baabdc8299dee5cbdf6dbb0b31ae025ef0a972e"}
,"C:\\Hacktiv8\\fase3\\MyRecipes\\server\\middlewares\\authorization.js": {"path":"C:\\Hacktiv8\\fase3\\MyRecipes\\server\\middlewares\\authorization.js","statementMap":{"0":{"start":{"line":1,"column":17},"end":{"line":1,"column":43}},"1":{"start":{"line":3,"column":33},"end":{"line":28,"column":1}},"2":{"start":{"line":4,"column":2},"end":{"line":27,"column":3}},"3":{"start":{"line":5,"column":21},"end":{"line":5,"column":34}},"4":{"start":{"line":6,"column":19},"end":{"line":6,"column":30}},"5":{"start":{"line":7,"column":21},"end":{"line":7,"column":34}},"6":{"start":{"line":18,"column":4},"end":{"line":22,"column":5}},"7":{"start":{"line":19,"column":6},"end":{"line":21,"column":7}},"8":{"start":{"line":20,"column":8},"end":{"line":20,"column":39}},"9":{"start":{"line":24,"column":4},"end":{"line":24,"column":11}},"10":{"start":{"line":26,"column":4},"end":{"line":26,"column":14}},"11":{"start":{"line":30,"column":35},"end":{"line":42,"column":1}},"12":{"start":{"line":31,"column":2},"end":{"line":41,"column":3}},"13":{"start":{"line":32,"column":21},"end":{"line":32,"column":34}},"14":{"start":{"line":34,"column":4},"end":{"line":36,"column":5}},"15":{"start":{"line":35,"column":6},"end":{"line":35,"column":37}},"16":{"start":{"line":38,"column":4},"end":{"line":38,"column":11}},"17":{"start":{"line":40,"column":4},"end":{"line":40,"column":14}},"18":{"start":{"line":44,"column":0},"end":{"line":44,"column":74}}},"fnMap":{"0":{"name":"(anonymous_0)","decl":{"start":{"line":3,"column":33},"end":{"line":3,"column":34}},"loc":{"start":{"line":3,"column":59},"end":{"line":28,"column":1}},"line":3},"1":{"name":"(anonymous_1)","decl":{"start":{"line":30,"column":35},"end":{"line":30,"column":36}},"loc":{"start":{"line":30,"column":61},"end":{"line":42,"column":1}},"line":30}},"branchMap":{"0":{"loc":{"start":{"line":18,"column":4},"end":{"line":22,"column":5}},"type":"if","locations":[{"start":{"line":18,"column":4},"end":{"line":22,"column":5}},{"start":{},"end":{}}],"line":18},"1":{"loc":{"start":{"line":19,"column":6},"end":{"line":21,"column":7}},"type":"if","locations":[{"start":{"line":19,"column":6},"end":{"line":21,"column":7}},{"start":{},"end":{}}],"line":19},"2":{"loc":{"start":{"line":34,"column":4},"end":{"line":36,"column":5}},"type":"if","locations":[{"start":{"line":34,"column":4},"end":{"line":36,"column":5}},{"start":{},"end":{}}],"line":34}},"s":{"0":4,"1":4,"2":4,"3":4,"4":4,"5":4,"6":4,"7":3,"8":1,"9":3,"10":1,"11":4,"12":3,"13":3,"14":3,"15":1,"16":2,"17":1,"18":4},"f":{"0":4,"1":3},"b":{"0":[3,1],"1":[1,2],"2":[1,2]},"_coverageSchema":"1a1c01bbd47fc00a2c39e90264f33305004495a9","hash":"468796f026167f63d84b8185653838a7348f9c55"}
,"C:\\Hacktiv8\\fase3\\MyRecipes\\server\\middlewares\\errorHandler.js": {"path":"C:\\Hacktiv8\\fase3\\MyRecipes\\server\\middlewares\\errorHandler.js","statementMap":{"0":{"start":{"line":1,"column":21},"end":{"line":96,"column":1}},"1":{"start":{"line":2,"column":2},"end":{"line":2,"column":19}},"2":{"start":{"line":3,"column":2},"end":{"line":95,"column":3}},"3":{"start":{"line":5,"column":6},"end":{"line":5,"column":62}},"4":{"start":{"line":6,"column":6},"end":{"line":6,"column":12}},"5":{"start":{"line":8,"column":6},"end":{"line":8,"column":68}},"6":{"start":{"line":9,"column":6},"end":{"line":9,"column":12}},"7":{"start":{"line":12,"column":6},"end":{"line":12,"column":59}},"8":{"start":{"line":13,"column":6},"end":{"line":13,"column":12}},"9":{"start":{"line":16,"column":6},"end":{"line":16,"column":62}},"10":{"start":{"line":17,"column":6},"end":{"line":17,"column":12}},"11":{"start":{"line":20,"column":6},"end":{"line":20,"column":55}},"12":{"start":{"line":21,"column":6},"end":{"line":21,"column":12}},"13":{"start":{"line":24,"column":6},"end":{"line":24,"column":61}},"14":{"start":{"line":25,"column":6},"end":{"line":25,"column":12}},"15":{"start":{"line":28,"column":6},"end":{"line":28,"column":64}},"16":{"start":{"line":29,"column":6},"end":{"line":29,"column":12}},"17":{"start":{"line":32,"column":6},"end":{"line":32,"column":76}},"18":{"start":{"line":33,"column":6},"end":{"line":33,"column":12}},"19":{"start":{"line":36,"column":6},"end":{"line":38,"column":69}},"20":{"start":{"line":39,"column":6},"end":{"line":39,"column":12}},"21":{"start":{"line":42,"column":6},"end":{"line":44,"column":76}},"22":{"start":{"line":45,"column":6},"end":{"line":45,"column":12}},"23":{"start":{"line":48,"column":6},"end":{"line":50,"column":69}},"24":{"start":{"line":51,"column":6},"end":{"line":51,"column":12}},"25":{"start":{"line":54,"column":6},"end":{"line":54,"column":64}},"26":{"start":{"line":55,"column":6},"end":{"line":55,"column":12}},"27":{"start":{"line":58,"column":6},"end":{"line":58,"column":66}},"28":{"start":{"line":59,"column":6},"end":{"line":59,"column":12}},"29":{"start":{"line":62,"column":6},"end":{"line":62,"column":63}},"30":{"start":{"line":63,"column":6},"end":{"line":63,"column":12}},"31":{"start":{"line":66,"column":6},"end":{"line":66,"column":63}},"32":{"start":{"line":67,"column":6},"end":{"line":67,"column":12}},"33":{"start":{"line":70,"column":6},"end":{"line":70,"column":63}},"34":{"start":{"line":71,"column":6},"end":{"line":71,"column":12}},"35":{"start":{"line":74,"column":6},"end":{"line":74,"column":63}},"36":{"start":{"line":77,"column":6},"end":{"line":77,"column":57}},"37":{"start":{"line":78,"column":6},"end":{"line":78,"column":12}},"38":{"start":{"line":81,"column":6},"end":{"line":81,"column":58}},"39":{"start":{"line":82,"column":6},"end":{"line":82,"column":12}},"40":{"start":{"line":85,"column":6},"end":{"line":85,"column":67}},"41":{"start":{"line":86,"column":6},"end":{"line":86,"column":12}},"42":{"start":{"line":89,"column":6},"end":{"line":89,"column":66}},"43":{"start":{"line":90,"column":6},"end":{"line":90,"column":12}},"44":{"start":{"line":93,"column":6},"end":{"line":93,"column":32}},"45":{"start":{"line":94,"column":6},"end":{"line":94,"column":12}},"46":{"start":{"line":98,"column":0},"end":{"line":98,"column":34}}},"fnMap":{"0":{"name":"(anonymous_0)","decl":{"start":{"line":1,"column":21},"end":{"line":1,"column":22}},"loc":{"start":{"line":1,"column":46},"end":{"line":96,"column":1}},"line":1}},"branchMap":{"0":{"loc":{"start":{"line":3,"column":2},"end":{"line":95,"column":3}},"type":"switch","locations":[{"start":{"line":4,"column":4},"end":{"line":6,"column":12}},{"start":{"line":7,"column":4},"end":{"line":9,"column":12}},{"start":{"line":11,"column":4},"end":{"line":13,"column":12}},{"start":{"line":15,"column":4},"end":{"line":17,"column":12}},{"start":{"line":19,"column":4},"end":{"line":21,"column":12}},{"start":{"line":23,"column":4},"end":{"line":25,"column":12}},{"start":{"line":27,"column":4},"end":{"line":29,"column":12}},{"start":{"line":31,"column":4},"end":{"line":33,"column":12}},{"start":{"line":35,"column":4},"end":{"line":39,"column":12}},{"start":{"line":41,"column":4},"end":{"line":45,"column":12}},{"start":{"line":47,"column":4},"end":{"line":51,"column":12}},{"start":{"line":53,"column":4},"end":{"line":55,"column":12}},{"start":{"line":57,"column":4},"end":{"line":59,"column":12}},{"start":{"line":61,"column":4},"end":{"line":63,"column":12}},{"start":{"line":65,"column":4},"end":{"line":67,"column":12}},{"start":{"line":69,"column":4},"end":{"line":72,"column":5}},{"start":{"line":73,"column":4},"end":{"line":75,"column":5}},{"start":{"line":76,"column":4},"end":{"line":78,"column":12}},{"start":{"line":80,"column":4},"end":{"line":82,"column":12}},{"start":{"line":84,"column":4},"end":{"line":86,"column":12}},{"start":{"line":88,"column":4},"end":{"line":90,"column":12}},{"start":{"line":92,"column":4},"end":{"line":94,"column":12}}],"line":3}},"s":{"0":4,"1":38,"2":38,"3":1,"4":1,"5":1,"6":1,"7":1,"8":1,"9":0,"10":0,"11":2,"12":2,"13":3,"14":3,"15":1,"16":1,"17":0,"18":0,"19":0,"20":0,"21":1,"22":1,"23":1,"24":1,"25":2,"26":2,"27":2,"28":2,"29":11,"30":11,"31":2,"32":2,"33":1,"34":1,"35":8,"36":8,"37":0,"38":0,"39":0,"40":0,"41":0,"42":0,"43":0,"44":1,"45":1,"46":4},"f":{"0":38},"b":{"0":[1,1,1,0,2,3,1,0,0,1,1,2,2,11,2,1,8,8,0,0,0,1]},"_coverageSchema":"1a1c01bbd47fc00a2c39e90264f33305004495a9","hash":"450dc392e5ddf79ddbbbcc63b47151342f9aaf36"}
,"C:\\Hacktiv8\\fase3\\MyRecipes\\server\\middlewares\\imageKit.js": {"path":"C:\\Hacktiv8\\fase3\\MyRecipes\\server\\middlewares\\imageKit.js","statementMap":{"0":{"start":{"line":1,"column":17},"end":{"line":1,"column":37}},"1":{"start":{"line":2,"column":22},"end":{"line":2,"column":54}},"2":{"start":{"line":3,"column":14},"end":{"line":3,"column":30}},"3":{"start":{"line":4,"column":23},"end":{"line":41,"column":1}},"4":{"start":{"line":5,"column":2},"end":{"line":40,"column":3}},"5":{"start":{"line":6,"column":4},"end":{"line":6,"column":11}},"6":{"start":{"line":8,"column":4},"end":{"line":39,"column":5}},"7":{"start":{"line":9,"column":23},"end":{"line":9,"column":54}},"8":{"start":{"line":10,"column":6},"end":{"line":12,"column":7}},"9":{"start":{"line":11,"column":8},"end":{"line":11,"column":39}},"10":{"start":{"line":13,"column":6},"end":{"line":15,"column":7}},"11":{"start":{"line":14,"column":8},"end":{"line":14,"column":38}},"12":{"start":{"line":17,"column":23},"end":{"line":17,"column":57}},"13":{"start":{"line":19,"column":17},"end":{"line":19,"column":31}},"14":{"start":{"line":20,"column":6},"end":{"line":20,"column":36}},"15":{"start":{"line":21,"column":6},"end":{"line":21,"column":53}},"16":{"start":{"line":23,"column":25},"end":{"line":23,"column":64}},"17":{"start":{"line":24,"column":33},"end":{"line":24,"column":75}},"18":{"start":{"line":25,"column":23},"end":{"line":30,"column":8}},"19":{"start":{"line":32,"column":6},"end":{"line":32,"column":45}},"20":{"start":{"line":34,"column":6},"end":{"line":34,"column":13}},"21":{"start":{"line":37,"column":6},"end":{"line":37,"column":16}},"22":{"start":{"line":43,"column":0},"end":{"line":43,"column":32}}},"fnMap":{"0":{"name":"(anonymous_0)","decl":{"start":{"line":4,"column":23},"end":{"line":4,"column":24}},"loc":{"start":{"line":4,"column":49},"end":{"line":41,"column":1}},"line":4}},"branchMap":{"0":{"loc":{"start":{"line":5,"column":2},"end":{"line":40,"column":3}},"type":"if","locations":[{"start":{"line":5,"column":2},"end":{"line":40,"column":3}},{"start":{"line":7,"column":9},"end":{"line":40,"column":3}}],"line":5},"1":{"loc":{"start":{"line":10,"column":6},"end":{"line":12,"column":7}},"type":"if","locations":[{"start":{"line":10,"column":6},"end":{"line":12,"column":7}},{"start":{},"end":{}}],"line":10},"2":{"loc":{"start":{"line":13,"column":6},"end":{"line":15,"column":7}},"type":"if","locations":[{"start":{"line":13,"column":6},"end":{"line":15,"column":7}},{"start":{},"end":{}}],"line":13}},"s":{"0":4,"1":4,"2":4,"3":4,"4":11,"5":5,"6":6,"7":6,"8":6,"9":0,"10":6,"11":0,"12":6,"13":6,"14":6,"15":6,"16":6,"17":6,"18":6,"19":6,"20":6,"21":0,"22":4},"f":{"0":11},"b":{"0":[5,6],"1":[0,6],"2":[0,6]},"_coverageSchema":"1a1c01bbd47fc00a2c39e90264f33305004495a9","hash":"ee9820595ce06a6ee2a971706519e7238d7826de"}
,"C:\\Hacktiv8\\fase3\\MyRecipes\\server\\middlewares\\multer.js": {"path":"C:\\Hacktiv8\\fase3\\MyRecipes\\server\\middlewares\\multer.js","statementMap":{"0":{"start":{"line":1,"column":15},"end":{"line":1,"column":32}},"1":{"start":{"line":2,"column":23},"end":{"line":2,"column":31}},"2":{"start":{"line":4,"column":0},"end":{"line":4,"column":31}}},"fnMap":{},"branchMap":{},"s":{"0":4,"1":4,"2":4},"f":{},"b":{},"_coverageSchema":"1a1c01bbd47fc00a2c39e90264f33305004495a9","hash":"96f98de83f0b0a4f21a8f107313b0f7d7d35aa47"}
,"C:\\Hacktiv8\\fase3\\MyRecipes\\server\\models\\balancehistory.js": {"path":"C:\\Hacktiv8\\fase3\\MyRecipes\\server\\models\\balancehistory.js","statementMap":{"0":{"start":{"line":4,"column":4},"end":{"line":4,"column":24}},"1":{"start":{"line":5,"column":0},"end":{"line":46,"column":2}},"2":{"start":{"line":16,"column":2},"end":{"line":44,"column":5}},"3":{"start":{"line":45,"column":2},"end":{"line":45,"column":24}}},"fnMap":{"0":{"name":"(anonymous_0)","decl":{"start":{"line":5,"column":17},"end":{"line":5,"column":18}},"loc":{"start":{"line":5,"column":43},"end":{"line":46,"column":1}},"line":5},"1":{"name":"(anonymous_1)","decl":{"start":{"line":12,"column":4},"end":{"line":12,"column":5}},"loc":{"start":{"line":12,"column":29},"end":{"line":14,"column":5}},"line":12}},"branchMap":{},"s":{"0":4,"1":4,"2":4,"3":4},"f":{"0":4,"1":4},"b":{},"_coverageSchema":"1a1c01bbd47fc00a2c39e90264f33305004495a9","hash":"effe48873df365886a4bda6886936fb78241467b"}
,"C:\\Hacktiv8\\fase3\\MyRecipes\\server\\models\\category.js": {"path":"C:\\Hacktiv8\\fase3\\MyRecipes\\server\\models\\category.js","statementMap":{"0":{"start":{"line":4,"column":4},"end":{"line":4,"column":24}},"1":{"start":{"line":5,"column":0},"end":{"line":40,"column":2}},"2":{"start":{"line":16,"column":2},"end":{"line":38,"column":5}},"3":{"start":{"line":39,"column":2},"end":{"line":39,"column":18}}},"fnMap":{"0":{"name":"(anonymous_0)","decl":{"start":{"line":5,"column":17},"end":{"line":5,"column":18}},"loc":{"start":{"line":5,"column":43},"end":{"line":40,"column":1}},"line":5},"1":{"name":"(anonymous_1)","decl":{"start":{"line":12,"column":4},"end":{"line":12,"column":5}},"loc":{"start":{"line":12,"column":29},"end":{"line":14,"column":5}},"line":12}},"branchMap":{},"s":{"0":4,"1":4,"2":4,"3":4},"f":{"0":4,"1":4},"b":{},"_coverageSchema":"1a1c01bbd47fc00a2c39e90264f33305004495a9","hash":"7be5d65dd464cc18f6593a1c3eaa3b9f6d4c90ba"}
,"C:\\Hacktiv8\\fase3\\MyRecipes\\server\\models\\class.js": {"path":"C:\\Hacktiv8\\fase3\\MyRecipes\\server\\models\\class.js","statementMap":{"0":{"start":{"line":4,"column":4},"end":{"line":4,"column":24}},"1":{"start":{"line":5,"column":0},"end":{"line":63,"column":2}},"2":{"start":{"line":13,"column":6},"end":{"line":13,"column":90}},"3":{"start":{"line":17,"column":2},"end":{"line":61,"column":5}},"4":{"start":{"line":62,"column":2},"end":{"line":62,"column":15}}},"fnMap":{"0":{"name":"(anonymous_0)","decl":{"start":{"line":5,"column":17},"end":{"line":5,"column":18}},"loc":{"start":{"line":5,"column":43},"end":{"line":63,"column":1}},"line":5},"1":{"name":"(anonymous_1)","decl":{"start":{"line":12,"column":4},"end":{"line":12,"column":5}},"loc":{"start":{"line":12,"column":29},"end":{"line":15,"column":5}},"line":12}},"branchMap":{},"s":{"0":4,"1":4,"2":4,"3":4,"4":4},"f":{"0":4,"1":4},"b":{},"_coverageSchema":"1a1c01bbd47fc00a2c39e90264f33305004495a9","hash":"276c52f4ce4ad9a17e7aa84da3e34b7eac05e5a2"}
,"C:\\Hacktiv8\\fase3\\MyRecipes\\server\\models\\index.js": {"path":"C:\\Hacktiv8\\fase3\\MyRecipes\\server\\models\\index.js","statementMap":{"0":{"start":{"line":3,"column":11},"end":{"line":3,"column":24}},"1":{"start":{"line":4,"column":13},"end":{"line":4,"column":28}},"2":{"start":{"line":5,"column":18},"end":{"line":5,"column":38}},"3":{"start":{"line":6,"column":17},"end":{"line":6,"column":42}},"4":{"start":{"line":7,"column":12},"end":{"line":7,"column":49}},"5":{"start":{"line":8,"column":15},"end":{"line":8,"column":65}},"6":{"start":{"line":9,"column":11},"end":{"line":9,"column":13}},"7":{"start":{"line":12,"column":0},"end":{"line":16,"column":1}},"8":{"start":{"line":13,"column":2},"end":{"line":13,"column":74}},"9":{"start":{"line":15,"column":2},"end":{"line":15,"column":87}},"10":{"start":{"line":18,"column":0},"end":{"line":26,"column":5}},"11":{"start":{"line":21,"column":4},"end":{"line":21,"column":90}},"12":{"start":{"line":24,"column":18},"end":{"line":24,"column":85}},"13":{"start":{"line":25,"column":4},"end":{"line":25,"column":27}},"14":{"start":{"line":28,"column":0},"end":{"line":32,"column":3}},"15":{"start":{"line":29,"column":2},"end":{"line":31,"column":3}},"16":{"start":{"line":30,"column":4},"end":{"line":30,"column":32}},"17":{"start":{"line":34,"column":0},"end":{"line":34,"column":25}},"18":{"start":{"line":35,"column":0},"end":{"line":35,"column":25}},"19":{"start":{"line":37,"column":0},"end":{"line":37,"column":20}}},"fnMap":{"0":{"name":"(anonymous_0)","decl":{"start":{"line":20,"column":10},"end":{"line":20,"column":11}},"loc":{"start":{"line":20,"column":18},"end":{"line":22,"column":3}},"line":20},"1":{"name":"(anonymous_1)","decl":{"start":{"line":23,"column":11},"end":{"line":23,"column":12}},"loc":{"start":{"line":23,"column":19},"end":{"line":26,"column":3}},"line":23},"2":{"name":"(anonymous_2)","decl":{"start":{"line":28,"column":24},"end":{"line":28,"column":25}},"loc":{"start":{"line":28,"column":37},"end":{"line":32,"column":1}},"line":28}},"branchMap":{"0":{"loc":{"start":{"line":7,"column":12},"end":{"line":7,"column":49}},"type":"binary-expr","locations":[{"start":{"line":7,"column":12},"end":{"line":7,"column":32}},{"start":{"line":7,"column":36},"end":{"line":7,"column":49}}],"line":7},"1":{"loc":{"start":{"line":12,"column":0},"end":{"line":16,"column":1}},"type":"if","locations":[{"start":{"line":12,"column":0},"end":{"line":16,"column":1}},{"start":{"line":14,"column":7},"end":{"line":16,"column":1}}],"line":12},"2":{"loc":{"start":{"line":21,"column":11},"end":{"line":21,"column":89}},"type":"binary-expr","locations":[{"start":{"line":21,"column":12},"end":{"line":21,"column":35}},{"start":{"line":21,"column":41},"end":{"line":21,"column":58}},{"start":{"line":21,"column":64},"end":{"line":21,"column":88}}],"line":21},"3":{"loc":{"start":{"line":29,"column":2},"end":{"line":31,"column":3}},"type":"if","locations":[{"start":{"line":29,"column":2},"end":{"line":31,"column":3}},{"start":{},"end":{}}],"line":29}},"s":{"0":4,"1":4,"2":4,"3":4,"4":4,"5":4,"6":4,"7":4,"8":0,"9":4,"10":4,"11":60,"12":56,"13":56,"14":4,"15":56,"16":56,"17":4,"18":4,"19":4},"f":{"0":60,"1":56,"2":56},"b":{"0":[4,0],"1":[0,4],"2":[60,60,56],"3":[56,0]},"_coverageSchema":"1a1c01bbd47fc00a2c39e90264f33305004495a9","hash":"3e0088cc53249ce193082bf92105a243155db1b9"}
,"C:\\Hacktiv8\\fase3\\MyRecipes\\server\\models\\ingredient.js": {"path":"C:\\Hacktiv8\\fase3\\MyRecipes\\server\\models\\ingredient.js","statementMap":{"0":{"start":{"line":4,"column":4},"end":{"line":4,"column":24}},"1":{"start":{"line":5,"column":0},"end":{"line":39,"column":2}},"2":{"start":{"line":16,"column":2},"end":{"line":37,"column":5}},"3":{"start":{"line":38,"column":2},"end":{"line":38,"column":20}}},"fnMap":{"0":{"name":"(anonymous_0)","decl":{"start":{"line":5,"column":17},"end":{"line":5,"column":18}},"loc":{"start":{"line":5,"column":43},"end":{"line":39,"column":1}},"line":5},"1":{"name":"(anonymous_1)","decl":{"start":{"line":12,"column":4},"end":{"line":12,"column":5}},"loc":{"start":{"line":12,"column":29},"end":{"line":14,"column":5}},"line":12}},"branchMap":{},"s":{"0":4,"1":4,"2":4,"3":4},"f":{"0":4,"1":4},"b":{},"_coverageSchema":"1a1c01bbd47fc00a2c39e90264f33305004495a9","hash":"d2962509ead563c457a50d95866b5908239eafb7"}
,"C:\\Hacktiv8\\fase3\\MyRecipes\\server\\models\\recipe.js": {"path":"C:\\Hacktiv8\\fase3\\MyRecipes\\server\\models\\recipe.js","statementMap":{"0":{"start":{"line":4,"column":4},"end":{"line":4,"column":24}},"1":{"start":{"line":5,"column":0},"end":{"line":59,"column":2}},"2":{"start":{"line":13,"column":6},"end":{"line":13,"column":74}},"3":{"start":{"line":16,"column":2},"end":{"line":57,"column":5}},"4":{"start":{"line":58,"column":2},"end":{"line":58,"column":16}}},"fnMap":{"0":{"name":"(anonymous_0)","decl":{"start":{"line":5,"column":17},"end":{"line":5,"column":18}},"loc":{"start":{"line":5,"column":43},"end":{"line":59,"column":1}},"line":5},"1":{"name":"(anonymous_1)","decl":{"start":{"line":12,"column":4},"end":{"line":12,"column":5}},"loc":{"start":{"line":12,"column":29},"end":{"line":14,"column":5}},"line":12}},"branchMap":{},"s":{"0":4,"1":4,"2":4,"3":4,"4":4},"f":{"0":4,"1":4},"b":{},"_coverageSchema":"1a1c01bbd47fc00a2c39e90264f33305004495a9","hash":"54e85b7b72bcc5d76717774919a7789225f8c533"}
,"C:\\Hacktiv8\\fase3\\MyRecipes\\server\\models\\recipecategories.js": {"path":"C:\\Hacktiv8\\fase3\\MyRecipes\\server\\models\\recipecategories.js","statementMap":{"0":{"start":{"line":4,"column":4},"end":{"line":4,"column":24}},"1":{"start":{"line":5,"column":0},"end":{"line":38,"column":2}},"2":{"start":{"line":16,"column":2},"end":{"line":36,"column":5}},"3":{"start":{"line":37,"column":2},"end":{"line":37,"column":26}}},"fnMap":{"0":{"name":"(anonymous_0)","decl":{"start":{"line":5,"column":17},"end":{"line":5,"column":18}},"loc":{"start":{"line":5,"column":43},"end":{"line":38,"column":1}},"line":5},"1":{"name":"(anonymous_1)","decl":{"start":{"line":12,"column":4},"end":{"line":12,"column":5}},"loc":{"start":{"line":12,"column":29},"end":{"line":14,"column":5}},"line":12}},"branchMap":{},"s":{"0":4,"1":4,"2":4,"3":4},"f":{"0":4,"1":4},"b":{},"_coverageSchema":"1a1c01bbd47fc00a2c39e90264f33305004495a9","hash":"2aa395b80cc9b1a0d1551c81ee06de443558910f"}
,"C:\\Hacktiv8\\fase3\\MyRecipes\\server\\models\\recipecomment.js": {"path":"C:\\Hacktiv8\\fase3\\MyRecipes\\server\\models\\recipecomment.js","statementMap":{"0":{"start":{"line":4,"column":4},"end":{"line":4,"column":24}},"1":{"start":{"line":5,"column":0},"end":{"line":46,"column":2}},"2":{"start":{"line":16,"column":2},"end":{"line":44,"column":5}},"3":{"start":{"line":45,"column":2},"end":{"line":45,"column":23}}},"fnMap":{"0":{"name":"(anonymous_0)","decl":{"start":{"line":5,"column":17},"end":{"line":5,"column":18}},"loc":{"start":{"line":5,"column":43},"end":{"line":46,"column":1}},"line":5},"1":{"name":"(anonymous_1)","decl":{"start":{"line":12,"column":4},"end":{"line":12,"column":5}},"loc":{"start":{"line":12,"column":29},"end":{"line":14,"column":5}},"line":12}},"branchMap":{},"s":{"0":4,"1":4,"2":4,"3":4},"f":{"0":4,"1":4},"b":{},"_coverageSchema":"1a1c01bbd47fc00a2c39e90264f33305004495a9","hash":"a8cd6d79daea19244af67f2ed5a86a3eb48a58f9"}
,"C:\\Hacktiv8\\fase3\\MyRecipes\\server\\models\\recipeingredients.js": {"path":"C:\\Hacktiv8\\fase3\\MyRecipes\\server\\models\\recipeingredients.js","statementMap":{"0":{"start":{"line":4,"column":4},"end":{"line":4,"column":24}},"1":{"start":{"line":5,"column":0},"end":{"line":46,"column":2}},"2":{"start":{"line":16,"column":2},"end":{"line":44,"column":5}},"3":{"start":{"line":45,"column":2},"end":{"line":45,"column":27}}},"fnMap":{"0":{"name":"(anonymous_0)","decl":{"start":{"line":5,"column":17},"end":{"line":5,"column":18}},"loc":{"start":{"line":5,"column":43},"end":{"line":46,"column":1}},"line":5},"1":{"name":"(anonymous_1)","decl":{"start":{"line":12,"column":4},"end":{"line":12,"column":5}},"loc":{"start":{"line":12,"column":29},"end":{"line":14,"column":5}},"line":12}},"branchMap":{},"s":{"0":4,"1":4,"2":4,"3":4},"f":{"0":4,"1":4},"b":{},"_coverageSchema":"1a1c01bbd47fc00a2c39e90264f33305004495a9","hash":"a242ea4775e9b132a73963de8de7dbbbd045d7e3"}
,"C:\\Hacktiv8\\fase3\\MyRecipes\\server\\models\\reciperating.js": {"path":"C:\\Hacktiv8\\fase3\\MyRecipes\\server\\models\\reciperating.js","statementMap":{"0":{"start":{"line":4,"column":4},"end":{"line":4,"column":24}},"1":{"start":{"line":5,"column":0},"end":{"line":54,"column":2}},"2":{"start":{"line":16,"column":2},"end":{"line":52,"column":5}},"3":{"start":{"line":53,"column":2},"end":{"line":53,"column":22}}},"fnMap":{"0":{"name":"(anonymous_0)","decl":{"start":{"line":5,"column":17},"end":{"line":5,"column":18}},"loc":{"start":{"line":5,"column":43},"end":{"line":54,"column":1}},"line":5},"1":{"name":"(anonymous_1)","decl":{"start":{"line":12,"column":4},"end":{"line":12,"column":5}},"loc":{"start":{"line":12,"column":29},"end":{"line":14,"column":5}},"line":12}},"branchMap":{},"s":{"0":4,"1":4,"2":4,"3":4},"f":{"0":4,"1":4},"b":{},"_coverageSchema":"1a1c01bbd47fc00a2c39e90264f33305004495a9","hash":"ff27b3204dd6c2c9acc6778e50ba903e9a8df37c"}
,"C:\\Hacktiv8\\fase3\\MyRecipes\\server\\models\\user.js": {"path":"C:\\Hacktiv8\\fase3\\MyRecipes\\server\\models\\user.js","statementMap":{"0":{"start":{"line":2,"column":23},"end":{"line":2,"column":51}},"1":{"start":{"line":5,"column":4},"end":{"line":5,"column":24}},"2":{"start":{"line":6,"column":0},"end":{"line":82,"column":2}},"3":{"start":{"line":14,"column":6},"end":{"line":15,"column":70}},"4":{"start":{"line":18,"column":2},"end":{"line":74,"column":5}},"5":{"start":{"line":76,"column":2},"end":{"line":79,"column":5}},"6":{"start":{"line":77,"column":28},"end":{"line":77,"column":55}},"7":{"start":{"line":78,"column":4},"end":{"line":78,"column":35}},"8":{"start":{"line":81,"column":2},"end":{"line":81,"column":14}}},"fnMap":{"0":{"name":"(anonymous_0)","decl":{"start":{"line":6,"column":17},"end":{"line":6,"column":18}},"loc":{"start":{"line":6,"column":43},"end":{"line":82,"column":1}},"line":6},"1":{"name":"(anonymous_1)","decl":{"start":{"line":13,"column":4},"end":{"line":13,"column":5}},"loc":{"start":{"line":13,"column":29},"end":{"line":16,"column":5}},"line":13},"2":{"name":"(anonymous_2)","decl":{"start":{"line":76,"column":21},"end":{"line":76,"column":22}},"loc":{"start":{"line":76,"column":40},"end":{"line":79,"column":3}},"line":76}},"branchMap":{},"s":{"0":4,"1":4,"2":4,"3":4,"4":4,"5":4,"6":14,"7":14,"8":4},"f":{"0":4,"1":4,"2":14},"b":{},"_coverageSchema":"1a1c01bbd47fc00a2c39e90264f33305004495a9","hash":"e7c7cb1a8d2850c802c3b21ff46b27c4fe636bd2"}
,"C:\\Hacktiv8\\fase3\\MyRecipes\\server\\models\\userclass.js": {"path":"C:\\Hacktiv8\\fase3\\MyRecipes\\server\\models\\userclass.js","statementMap":{"0":{"start":{"line":4,"column":4},"end":{"line":4,"column":24}},"1":{"start":{"line":5,"column":0},"end":{"line":48,"column":2}},"2":{"start":{"line":13,"column":6},"end":{"line":13,"column":62}},"3":{"start":{"line":14,"column":6},"end":{"line":14,"column":64}},"4":{"start":{"line":18,"column":2},"end":{"line":46,"column":5}},"5":{"start":{"line":47,"column":2},"end":{"line":47,"column":19}}},"fnMap":{"0":{"name":"(anonymous_0)","decl":{"start":{"line":5,"column":17},"end":{"line":5,"column":18}},"loc":{"start":{"line":5,"column":43},"end":{"line":48,"column":1}},"line":5},"1":{"name":"(anonymous_1)","decl":{"start":{"line":12,"column":4},"end":{"line":12,"column":5}},"loc":{"start":{"line":12,"column":29},"end":{"line":16,"column":5}},"line":12}},"branchMap":{},"s":{"0":4,"1":4,"2":4,"3":4,"4":4,"5":4},"f":{"0":4,"1":4},"b":{},"_coverageSchema":"1a1c01bbd47fc00a2c39e90264f33305004495a9","hash":"749b8560e400bb2460606ce9c60f3f45471c105c"}
,"C:\\Hacktiv8\\fase3\\MyRecipes\\server\\models\\userfavoritedrecipe.js": {"path":"C:\\Hacktiv8\\fase3\\MyRecipes\\server\\models\\userfavoritedrecipe.js","statementMap":{"0":{"start":{"line":4,"column":4},"end":{"line":4,"column":24}},"1":{"start":{"line":5,"column":0},"end":{"line":39,"column":2}},"2":{"start":{"line":13,"column":6},"end":{"line":14,"column":76}},"3":{"start":{"line":17,"column":2},"end":{"line":37,"column":5}},"4":{"start":{"line":38,"column":2},"end":{"line":38,"column":29}}},"fnMap":{"0":{"name":"(anonymous_0)","decl":{"start":{"line":5,"column":17},"end":{"line":5,"column":18}},"loc":{"start":{"line":5,"column":43},"end":{"line":39,"column":1}},"line":5},"1":{"name":"(anonymous_1)","decl":{"start":{"line":12,"column":4},"end":{"line":12,"column":5}},"loc":{"start":{"line":12,"column":29},"end":{"line":15,"column":5}},"line":12}},"branchMap":{},"s":{"0":4,"1":4,"2":4,"3":4,"4":4},"f":{"0":4,"1":4},"b":{},"_coverageSchema":"1a1c01bbd47fc00a2c39e90264f33305004495a9","hash":"a23f206646500ee73326d5d7f1dbe460b7057543"}
,"C:\\Hacktiv8\\fase3\\MyRecipes\\server\\models\\userfollow.js": {"path":"C:\\Hacktiv8\\fase3\\MyRecipes\\server\\models\\userfollow.js","statementMap":{"0":{"start":{"line":4,"column":4},"end":{"line":4,"column":24}},"1":{"start":{"line":5,"column":0},"end":{"line":38,"column":2}},"2":{"start":{"line":16,"column":2},"end":{"line":36,"column":5}},"3":{"start":{"line":37,"column":2},"end":{"line":37,"column":20}}},"fnMap":{"0":{"name":"(anonymous_0)","decl":{"start":{"line":5,"column":17},"end":{"line":5,"column":18}},"loc":{"start":{"line":5,"column":43},"end":{"line":38,"column":1}},"line":5},"1":{"name":"(anonymous_1)","decl":{"start":{"line":12,"column":4},"end":{"line":12,"column":5}},"loc":{"start":{"line":12,"column":29},"end":{"line":14,"column":5}},"line":12}},"branchMap":{},"s":{"0":4,"1":4,"2":4,"3":4},"f":{"0":4,"1":4},"b":{},"_coverageSchema":"1a1c01bbd47fc00a2c39e90264f33305004495a9","hash":"c631d97ced5fa3fce97dd5e6ea09b0b8e82ff99a"}
,"C:\\Hacktiv8\\fase3\\MyRecipes\\server\\models\\usernotification.js": {"path":"C:\\Hacktiv8\\fase3\\MyRecipes\\server\\models\\usernotification.js","statementMap":{"0":{"start":{"line":4,"column":4},"end":{"line":4,"column":24}},"1":{"start":{"line":5,"column":0},"end":{"line":46,"column":2}},"2":{"start":{"line":16,"column":2},"end":{"line":44,"column":5}},"3":{"start":{"line":45,"column":2},"end":{"line":45,"column":26}}},"fnMap":{"0":{"name":"(anonymous_0)","decl":{"start":{"line":5,"column":17},"end":{"line":5,"column":18}},"loc":{"start":{"line":5,"column":43},"end":{"line":46,"column":1}},"line":5},"1":{"name":"(anonymous_1)","decl":{"start":{"line":12,"column":4},"end":{"line":12,"column":5}},"loc":{"start":{"line":12,"column":29},"end":{"line":14,"column":5}},"line":12}},"branchMap":{},"s":{"0":4,"1":4,"2":4,"3":4},"f":{"0":4,"1":4},"b":{},"_coverageSchema":"1a1c01bbd47fc00a2c39e90264f33305004495a9","hash":"066bf1779d6eac89eb1d4a63e7321c011dd95416"}
,"C:\\Hacktiv8\\fase3\\MyRecipes\\server\\router\\categoriesRouter.js": {"path":"C:\\Hacktiv8\\fase3\\MyRecipes\\server\\router\\categoriesRouter.js","statementMap":{"0":{"start":{"line":1,"column":15},"end":{"line":1,"column":42}},"1":{"start":{"line":2,"column":19},"end":{"line":2,"column":62}},"2":{"start":{"line":3,"column":23},"end":{"line":3,"column":55}},"3":{"start":{"line":4,"column":23},"end":{"line":4,"column":57}},"4":{"start":{"line":6,"column":0},"end":{"line":6,"column":42}},"5":{"start":{"line":7,"column":0},"end":{"line":7,"column":92}},"6":{"start":{"line":8,"column":0},"end":{"line":8,"column":56}},"7":{"start":{"line":9,"column":0},"end":{"line":9,"column":102}},"8":{"start":{"line":10,"column":0},"end":{"line":10,"column":57}},"9":{"start":{"line":12,"column":0},"end":{"line":12,"column":24}}},"fnMap":{},"branchMap":{},"s":{"0":4,"1":4,"2":4,"3":4,"4":4,"5":4,"6":4,"7":4,"8":4,"9":4},"f":{},"b":{},"_coverageSchema":"1a1c01bbd47fc00a2c39e90264f33305004495a9","hash":"d9baabfc89d19c8d2d5fecc1f50e599d15970687"}
,"C:\\Hacktiv8\\fase3\\MyRecipes\\server\\router\\classRouter.js": {"path":"C:\\Hacktiv8\\fase3\\MyRecipes\\server\\router\\classRouter.js","statementMap":{"0":{"start":{"line":1,"column":24},"end":{"line":1,"column":64}},"1":{"start":{"line":2,"column":20},"end":{"line":2,"column":47}},"2":{"start":{"line":4,"column":23},"end":{"line":4,"column":55}},"3":{"start":{"line":5,"column":23},"end":{"line":5,"column":57}},"4":{"start":{"line":7,"column":0},"end":{"line":7,"column":50}},"5":{"start":{"line":8,"column":0},"end":{"line":8,"column":102}},"6":{"start":{"line":9,"column":0},"end":{"line":9,"column":112}},"7":{"start":{"line":10,"column":0},"end":{"line":10,"column":67}},"8":{"start":{"line":13,"column":0},"end":{"line":13,"column":61}},"9":{"start":{"line":14,"column":0},"end":{"line":14,"column":67}},"10":{"start":{"line":15,"column":0},"end":{"line":15,"column":69}},"11":{"start":{"line":16,"column":0},"end":{"line":16,"column":63}},"12":{"start":{"line":18,"column":0},"end":{"line":18,"column":28}}},"fnMap":{},"branchMap":{},"s":{"0":4,"1":4,"2":4,"3":4,"4":4,"5":4,"6":4,"7":4,"8":4,"9":4,"10":4,"11":4,"12":4},"f":{},"b":{},"_coverageSchema":"1a1c01bbd47fc00a2c39e90264f33305004495a9","hash":"8fd71882fce3e7ba66daedfa6a9d0771285c6f04"}
,"C:\\Hacktiv8\\fase3\\MyRecipes\\server\\router\\index.js": {"path":"C:\\Hacktiv8\\fase3\\MyRecipes\\server\\router\\index.js","statementMap":{"0":{"start":{"line":1,"column":15},"end":{"line":1,"column":42}},"1":{"start":{"line":2,"column":19},"end":{"line":2,"column":42}},"2":{"start":{"line":3,"column":20},"end":{"line":3,"column":44}},"3":{"start":{"line":4,"column":20},"end":{"line":4,"column":50}},"4":{"start":{"line":5,"column":19},"end":{"line":5,"column":48}},"5":{"start":{"line":6,"column":21},"end":{"line":6,"column":46}},"6":{"start":{"line":7,"column":23},"end":{"line":7,"column":62}},"7":{"start":{"line":8,"column":27},"end":{"line":8,"column":67}},"8":{"start":{"line":9,"column":25},"end":{"line":9,"column":63}},"9":{"start":{"line":12,"column":0},"end":{"line":12,"column":46}},"10":{"start":{"line":13,"column":0},"end":{"line":13,"column":58}},"11":{"start":{"line":16,"column":0},"end":{"line":16,"column":30}},"12":{"start":{"line":19,"column":0},"end":{"line":19,"column":32}},"13":{"start":{"line":20,"column":0},"end":{"line":20,"column":40}},"14":{"start":{"line":21,"column":0},"end":{"line":21,"column":38}},"15":{"start":{"line":22,"column":0},"end":{"line":22,"column":33}},"16":{"start":{"line":23,"column":0},"end":{"line":23,"column":36}},"17":{"start":{"line":25,"column":0},"end":{"line":25,"column":24}},"18":{"start":{"line":28,"column":0},"end":{"line":28,"column":23}}},"fnMap":{},"branchMap":{},"s":{"0":4,"1":4,"2":4,"3":4,"4":4,"5":4,"6":4,"7":4,"8":4,"9":4,"10":4,"11":4,"12":4,"13":4,"14":4,"15":4,"16":4,"17":4,"18":4},"f":{},"b":{},"_coverageSchema":"1a1c01bbd47fc00a2c39e90264f33305004495a9","hash":"0156fbd0029684138850fd26d862b324aaab2155"}
,"C:\\Hacktiv8\\fase3\\MyRecipes\\server\\router\\ingredientsRouter.js": {"path":"C:\\Hacktiv8\\fase3\\MyRecipes\\server\\router\\ingredientsRouter.js","statementMap":{"0":{"start":{"line":1,"column":15},"end":{"line":1,"column":42}},"1":{"start":{"line":2,"column":19},"end":{"line":2,"column":64}},"2":{"start":{"line":4,"column":0},"end":{"line":4,"column":43}},"3":{"start":{"line":5,"column":0},"end":{"line":5,"column":43}},"4":{"start":{"line":6,"column":0},"end":{"line":6,"column":60}},"5":{"start":{"line":7,"column":0},"end":{"line":7,"column":56}},"6":{"start":{"line":8,"column":0},"end":{"line":8,"column":61}},"7":{"start":{"line":10,"column":0},"end":{"line":10,"column":24}}},"fnMap":{},"branchMap":{},"s":{"0":4,"1":4,"2":4,"3":4,"4":4,"5":4,"6":4,"7":4},"f":{},"b":{},"_coverageSchema":"1a1c01bbd47fc00a2c39e90264f33305004495a9","hash":"309b53d842f68a0501928cde1363f6b3c40a7fa2"}
,"C:\\Hacktiv8\\fase3\\MyRecipes\\server\\router\\recipeRouter.js": {"path":"C:\\Hacktiv8\\fase3\\MyRecipes\\server\\router\\recipeRouter.js","statementMap":{"0":{"start":{"line":1,"column":15},"end":{"line":1,"column":42}},"1":{"start":{"line":2,"column":23},"end":{"line":2,"column":55}},"2":{"start":{"line":3,"column":23},"end":{"line":3,"column":57}},"3":{"start":{"line":4,"column":26},"end":{"line":4,"column":65}},"4":{"start":{"line":14,"column":4},"end":{"line":14,"column":45}},"5":{"start":{"line":17,"column":0},"end":{"line":17,"column":28}},"6":{"start":{"line":19,"column":0},"end":{"line":19,"column":51}},"7":{"start":{"line":21,"column":0},"end":{"line":21,"column":43}},"8":{"start":{"line":23,"column":0},"end":{"line":23,"column":36}},"9":{"start":{"line":25,"column":0},"end":{"line":30,"column":2}},"10":{"start":{"line":32,"column":0},"end":{"line":32,"column":80}},"11":{"start":{"line":35,"column":0},"end":{"line":35,"column":36}},"12":{"start":{"line":37,"column":0},"end":{"line":37,"column":42}},"13":{"start":{"line":38,"column":0},"end":{"line":38,"column":24}}},"fnMap":{},"branchMap":{},"s":{"0":4,"1":4,"2":4,"3":4,"4":4,"5":4,"6":4,"7":4,"8":4,"9":4,"10":4,"11":4,"12":4,"13":4},"f":{},"b":{},"_coverageSchema":"1a1c01bbd47fc00a2c39e90264f33305004495a9","hash":"d2f930078a455ebced7c86c2ae3bb4b969c4ec47"}
,"C:\\Hacktiv8\\fase3\\MyRecipes\\server\\router\\userRouter.js": {"path":"C:\\Hacktiv8\\fase3\\MyRecipes\\server\\router\\userRouter.js","statementMap":{"0":{"start":{"line":1,"column":15},"end":{"line":1,"column":42}},"1":{"start":{"line":2,"column":23},"end":{"line":2,"column":62}},"2":{"start":{"line":3,"column":63},"end":{"line":3,"column":102}},"3":{"start":{"line":4,"column":23},"end":{"line":4,"column":55}},"4":{"start":{"line":5,"column":23},"end":{"line":5,"column":57}},"5":{"start":{"line":8,"column":0},"end":{"line":8,"column":50}},"6":{"start":{"line":9,"column":0},"end":{"line":9,"column":88}},"7":{"start":{"line":10,"column":0},"end":{"line":10,"column":50}},"8":{"start":{"line":12,"column":0},"end":{"line":12,"column":49}},"9":{"start":{"line":14,"column":0},"end":{"line":20,"column":2}},"10":{"start":{"line":22,"column":0},"end":{"line":22,"column":24}}},"fnMap":{},"branchMap":{},"s":{"0":4,"1":4,"2":4,"3":4,"4":4,"5":4,"6":4,"7":4,"8":4,"9":4,"10":4},"f":{},"b":{},"_coverageSchema":"1a1c01bbd47fc00a2c39e90264f33305004495a9","hash":"4186cfe4fa80c3e89ed114674759735dc747cc8e"}
}
