TN:
SF:app.js
FNF:0
FNH:0
DA:1,2
DA:2,2
DA:3,2
DA:4,2
DA:5,2
DA:11,2
DA:12,2
DA:13,2
DA:15,2
DA:47,2
LF:10
LH:10
BRF:0
BRH:0
end_of_record
TN:
SF:apis\imagekitAxios.js
FNF:0
FNH:0
DA:1,2
DA:3,2
DA:11,2
LF:3
LH:3
BRF:0
BRH:0
end_of_record
TN:
SF:controller\categoryController.js
FN:4,(anonymous_0)
FN:13,(anonymous_1)
FN:27,(anonymous_2)
FN:38,(anonymous_3)
FN:64,(anonymous_4)
FNF:5
FNH:0
FNDA:0,(anonymous_0)
FNDA:0,(anonymous_1)
FNDA:0,(anonymous_2)
FNDA:0,(anonymous_3)
FNDA:0,(anonymous_4)
DA:1,2
DA:5,0
DA:6,0
DA:7,0
DA:9,0
DA:14,0
DA:15,0
DA:19,0
DA:20,0
DA:22,0
DA:23,0
DA:28,0
DA:29,0
DA:30,0
DA:31,0
DA:33,0
DA:34,0
DA:39,0
DA:40,0
DA:41,0
DA:42,0
DA:43,0
DA:46,0
DA:51,0
DA:57,0
DA:59,0
DA:60,0
DA:65,0
DA:66,0
DA:67,0
DA:68,0
DA:69,0
DA:72,0
DA:77,0
DA:81,0
DA:82,0
DA:87,2
LF:37
LH:2
BRDA:42,0,0,0
BRDA:42,0,1,0
BRDA:68,1,0,0
BRDA:68,1,1,0
BRF:4
BRH:0
end_of_record
TN:
SF:controller\classController.js
FN:5,(anonymous_0)
FN:14,(anonymous_1)
FN:24,(anonymous_2)
FN:36,(anonymous_3)
FN:61,(anonymous_4)
FN:73,(anonymous_5)
FN:105,(anonymous_6)
FN:120,(anonymous_7)
FNF:8
FNH:0
FNDA:0,(anonymous_0)
FNDA:0,(anonymous_1)
FNDA:0,(anonymous_2)
FNDA:0,(anonymous_3)
FNDA:0,(anonymous_4)
FNDA:0,(anonymous_5)
FNDA:0,(anonymous_6)
FNDA:0,(anonymous_7)
DA:1,2
DA:6,0
DA:7,0
DA:8,0
DA:10,0
DA:15,0
DA:16,0
DA:17,0
DA:18,0
DA:20,0
DA:25,0
DA:26,0
DA:27,0
DA:28,0
DA:29,0
DA:30,0
DA:32,0
DA:37,0
DA:38,0
DA:39,0
DA:40,0
DA:41,0
DA:42,0
DA:43,0
DA:49,0
DA:55,0
DA:57,0
DA:62,0
DA:63,0
DA:64,0
DA:65,0
DA:67,0
DA:74,0
DA:75,0
DA:76,0
DA:77,0
DA:78,0
DA:79,0
DA:80,0
DA:81,0
DA:82,0
DA:83,0
DA:85,0
DA:89,0
DA:90,0
DA:92,0
DA:97,0
DA:98,0
DA:99,0
DA:101,0
DA:106,0
DA:107,0
DA:108,0
DA:109,0
DA:110,0
DA:111,0
DA:113,0
DA:114,0
DA:116,0
DA:121,0
DA:122,0
DA:123,0
DA:141,0
DA:143,0
DA:148,2
LF:65
LH:2
BRDA:42,0,0,0
BRDA:42,0,1,0
BRDA:82,1,0,0
BRDA:82,1,1,0
BRDA:82,2,0,0
BRDA:82,2,1,0
BRDA:89,3,0,0
BRDA:89,3,1,0
BRDA:110,4,0,0
BRDA:110,4,1,0
BRF:10
BRH:0
end_of_record
TN:
SF:controller\ingridientController.js
FN:4,(anonymous_0)
FN:14,(anonymous_1)
FN:30,(anonymous_2)
FN:44,(anonymous_3)
FN:71,(anonymous_4)
FNF:5
FNH:0
FNDA:0,(anonymous_0)
FNDA:0,(anonymous_1)
FNDA:0,(anonymous_2)
FNDA:0,(anonymous_3)
FNDA:0,(anonymous_4)
DA:1,2
DA:5,0
DA:6,0
DA:7,0
DA:9,0
DA:10,0
DA:15,0
DA:16,0
DA:21,0
DA:23,0
DA:25,0
DA:26,0
DA:31,0
DA:32,0
DA:34,0
DA:37,0
DA:39,0
DA:40,0
DA:45,0
DA:46,0
DA:47,0
DA:52,0
DA:53,0
DA:54,0
DA:57,0
DA:64,0
DA:66,0
DA:67,0
DA:72,0
DA:73,0
DA:75,0
DA:76,0
DA:77,0
DA:80,0
DA:86,0
DA:88,0
DA:89,0
DA:94,2
LF:38
LH:2
BRDA:53,0,0,0
BRDA:53,0,1,0
BRDA:76,1,0,0
BRDA:76,1,1,0
BRF:4
BRH:0
end_of_record
TN:
SF:controller\recipeController.js
FN:3,(anonymous_0)
FN:15,(anonymous_1)
FN:24,(anonymous_2)
FN:33,(anonymous_3)
FN:44,(anonymous_4)
FN:55,(anonymous_5)
FN:60,(anonymous_6)
FN:81,(anonymous_7)
FN:85,(anonymous_8)
FN:107,(anonymous_9)
FN:120,(anonymous_10)
FNF:11
FNH:11
FNDA:2,(anonymous_0)
FNDA:2,(anonymous_1)
FNDA:1,(anonymous_2)
FNDA:2,(anonymous_3)
FNDA:2,(anonymous_4)
FNDA:2,(anonymous_5)
FNDA:7,(anonymous_6)
FNDA:2,(anonymous_7)
FNDA:14,(anonymous_8)
FNDA:3,(anonymous_9)
FNDA:2,(anonymous_10)
DA:1,2
DA:3,2
DA:4,2
DA:7,2
DA:8,1
DA:9,1
DA:11,1
DA:15,2
DA:16,2
DA:18,2
DA:19,2
DA:23,1
DA:24,1
DA:25,1
DA:27,1
DA:29,1
DA:33,2
DA:34,2
DA:35,2
DA:36,2
DA:37,1
DA:38,1
DA:40,1
DA:44,2
DA:45,2
DA:46,2
DA:47,2
DA:48,1
DA:49,1
DA:51,1
DA:55,2
DA:56,2
DA:58,2
DA:59,2
DA:60,1
DA:61,7
DA:63,1
DA:64,1
DA:66,1
DA:73,1
DA:75,1
DA:77,1
DA:81,2
DA:82,2
DA:84,2
DA:85,2
DA:86,14
DA:88,2
DA:89,2
DA:90,2
DA:92,2
DA:93,2
DA:95,1
DA:99,1
DA:101,1
DA:103,1
DA:107,2
DA:108,3
DA:109,3
DA:110,3
DA:111,3
DA:112,2
DA:113,1
DA:114,1
DA:116,2
DA:120,2
DA:121,2
DA:122,2
DA:123,2
DA:124,2
DA:125,2
DA:128,2
DA:129,2
DA:131,1
DA:137,1
DA:139,1
DA:143,2
LF:77
LH:77
BRDA:8,0,0,0
BRDA:8,0,1,1
BRDA:23,1,0,0
BRDA:23,1,1,1
BRDA:37,2,0,0
BRDA:37,2,1,1
BRDA:48,3,0,0
BRDA:48,3,1,1
BRDA:59,4,0,1
BRDA:59,4,1,1
BRDA:59,5,0,2
BRDA:59,5,1,1
BRDA:59,5,2,1
BRDA:73,6,0,0
BRDA:73,6,1,1
BRDA:93,7,0,1
BRDA:93,7,1,1
BRDA:99,8,0,0
BRDA:99,8,1,1
BRDA:111,9,0,1
BRDA:111,9,1,2
BRDA:113,10,0,0
BRDA:113,10,1,1
BRDA:125,11,0,0
BRDA:125,11,1,2
BRDA:125,12,0,2
BRDA:125,12,1,2
BRDA:129,13,0,1
BRDA:129,13,1,1
BRF:29
BRH:21
end_of_record
TN:
SF:controller\userController.js
FN:7,(anonymous_0)
FN:25,(anonymous_1)
FN:42,(anonymous_2)
FN:79,(anonymous_3)
FN:134,(anonymous_4)
FN:160,(anonymous_5)
FN:172,(anonymous_6)
FNF:7
FNH:5
FNDA:7,(anonymous_0)
FNDA:1,(anonymous_1)
FNDA:8,(anonymous_2)
FNDA:1,(anonymous_3)
FNDA:3,(anonymous_4)
FNDA:0,(anonymous_5)
FNDA:0,(anonymous_6)
DA:1,2
DA:2,2
DA:3,2
DA:4,2
DA:5,2
DA:7,2
DA:9,7
DA:10,7
DA:12,7
DA:19,1
DA:21,6
DA:25,2
DA:26,1
DA:27,1
DA:29,1
DA:36,1
DA:38,0
DA:42,2
DA:43,8
DA:44,8
DA:46,8
DA:47,0
DA:50,8
DA:58,8
DA:59,1
DA:62,7
DA:63,7
DA:64,1
DA:67,6
DA:72,6
DA:73,6
DA:75,2
DA:79,2
DA:80,1
DA:81,1
DA:82,1
DA:83,1
DA:84,1
DA:86,1
DA:87,1
DA:88,1
DA:89,1
DA:94,1
DA:95,1
DA:108,0
DA:121,1
DA:123,1
DA:130,0
DA:134,2
DA:135,3
DA:136,3
DA:137,3
DA:139,3
DA:140,1
DA:142,2
DA:148,2
DA:149,1
DA:151,1
DA:155,1
DA:157,2
DA:160,2
DA:161,0
DA:162,0
DA:163,0
DA:164,0
DA:165,0
DA:166,0
DA:168,0
DA:172,2
DA:173,0
DA:174,0
DA:175,0
DA:178,0
DA:179,0
DA:185,0
DA:189,2
LF:76
LH:59
BRDA:46,0,0,0
BRDA:46,0,1,8
BRDA:46,1,0,8
BRDA:46,1,1,8
BRDA:58,2,0,1
BRDA:58,2,1,7
BRDA:63,3,0,1
BRDA:63,3,1,6
BRDA:86,4,0,1
BRDA:86,4,1,0
BRDA:87,5,0,1
BRDA:87,5,1,0
BRDA:94,6,0,1
BRDA:94,6,1,0
BRDA:139,7,0,1
BRDA:139,7,1,2
BRDA:148,8,0,1
BRDA:148,8,1,1
BRF:18
BRH:14
end_of_record
TN:
SF:helpers\bcrypt.js
FN:4,(anonymous_0)
FN:8,(anonymous_1)
FNF:2
FNH:2
FNDA:10,(anonymous_0)
FNDA:7,(anonymous_1)
DA:1,2
DA:2,2
DA:4,2
DA:5,10
DA:8,2
DA:9,7
DA:12,2
LF:7
LH:7
BRF:0
BRH:0
end_of_record
TN:
SF:helpers\jwt.js
FN:4,(anonymous_0)
FN:8,(anonymous_1)
FNF:2
FNH:2
FNDA:6,(anonymous_0)
FNDA:25,(anonymous_1)
DA:1,2
DA:2,2
DA:4,2
DA:5,6
DA:8,2
DA:9,25
DA:12,2
LF:7
LH:7
BRF:0
BRH:0
end_of_record
TN:
SF:helpers\midtrans.js
FN:3,midtrans
FNF:1
FNH:0
FNDA:0,midtrans
DA:1,2
DA:4,0
DA:5,0
DA:23,0
DA:26,2
LF:5
LH:2
BRF:0
BRH:0
end_of_record
TN:
SF:middlewares\authentication.js
FN:4,(anonymous_0)
FNF:1
FNH:1
FNDA:25,(anonymous_0)
DA:1,2
DA:2,2
DA:4,2
DA:5,25
DA:6,25
DA:7,25
DA:8,25
DA:14,25
DA:15,0
DA:18,25
DA:23,25
DA:25,0
DA:26,0
DA:30,2
LF:14
LH:11
BRDA:14,0,0,0
BRDA:14,0,1,25
BRF:2
BRH:1
end_of_record
TN:
SF:middlewares\authorization.js
FN:3,(anonymous_0)
FN:28,(anonymous_1)
FNF:2
FNH:2
FNDA:3,(anonymous_0)
FNDA:2,(anonymous_1)
DA:1,2
DA:3,2
DA:4,3
DA:5,3
DA:6,3
DA:7,3
DA:11,3
DA:12,3
DA:13,1
DA:16,2
DA:17,2
DA:18,1
DA:22,1
DA:24,2
DA:28,2
DA:29,2
DA:30,2
DA:32,2
DA:33,1
DA:36,1
DA:38,1
DA:42,2
LF:22
LH:22
BRDA:12,0,0,1
BRDA:12,0,1,2
BRDA:16,1,0,2
BRDA:16,1,1,0
BRDA:17,2,0,1
BRDA:17,2,1,1
BRDA:32,3,0,1
BRDA:32,3,1,1
BRF:8
BRH:7
end_of_record
TN:
SF:middlewares\errorHandler.js
FN:1,(anonymous_0)
FNF:1
FNH:1
FNDA:22,(anonymous_0)
DA:1,2
DA:2,22
DA:3,22
DA:5,0
DA:6,0
DA:8,0
DA:9,0
DA:12,0
DA:13,0
DA:16,1
DA:17,1
DA:19,1
DA:20,1
DA:22,3
DA:23,3
DA:26,0
DA:27,0
DA:30,0
DA:33,0
DA:36,1
DA:39,1
DA:42,1
DA:45,1
DA:48,2
DA:49,2
DA:52,2
DA:53,2
DA:56,4
DA:57,4
DA:60,2
DA:61,2
DA:64,5
DA:65,5
DA:69,2
LF:34
LH:24
BRDA:3,0,0,0
BRDA:3,0,1,0
BRDA:3,0,2,0
BRDA:3,0,3,1
BRDA:3,0,4,1
BRDA:3,0,5,3
BRDA:3,0,6,0
BRDA:3,0,7,0
BRDA:3,0,8,1
BRDA:3,0,9,1
BRDA:3,0,10,2
BRDA:3,0,11,2
BRDA:3,0,12,4
BRDA:3,0,13,2
BRDA:3,0,14,5
BRF:15
BRH:10
end_of_record
TN:
SF:middlewares\imageKit.js
FN:66,(anonymous_0)
FNF:1
FNH:1
FNDA:5,(anonymous_0)
DA:63,2
DA:64,2
DA:65,2
DA:66,2
DA:67,5
DA:68,1
DA:70,4
DA:71,4
DA:72,4
DA:73,0
DA:75,4
DA:76,0
DA:79,4
DA:81,4
DA:82,4
DA:83,4
DA:84,4
DA:85,4
DA:86,4
DA:93,4
DA:95,4
DA:98,0
DA:104,2
LF:23
LH:20
BRDA:67,0,0,1
BRDA:67,0,1,4
BRDA:72,1,0,0
BRDA:72,1,1,4
BRDA:75,2,0,0
BRDA:75,2,1,4
BRF:6
BRH:4
end_of_record
TN:
SF:middlewares\multer.js
FNF:0
FNH:0
DA:1,2
DA:2,2
DA:4,2
LF:3
LH:3
BRF:0
BRH:0
end_of_record
TN:
SF:models\balancehistory.js
FN:5,(anonymous_0)
FN:12,(anonymous_1)
FNF:2
FNH:2
FNDA:2,(anonymous_0)
FNDA:2,(anonymous_1)
DA:4,2
DA:5,2
DA:16,2
DA:45,2
LF:4
LH:4
BRF:0
BRH:0
end_of_record
TN:
SF:models\category.js
FN:5,(anonymous_0)
FN:12,(anonymous_1)
FNF:2
FNH:2
FNDA:2,(anonymous_0)
FNDA:2,(anonymous_1)
DA:4,2
DA:5,2
DA:16,2
DA:39,2
LF:4
LH:4
BRF:0
BRH:0
end_of_record
TN:
SF:models\class.js
FN:5,(anonymous_0)
FN:12,(anonymous_1)
FNF:2
FNH:2
FNDA:2,(anonymous_0)
FNDA:2,(anonymous_1)
DA:4,2
DA:5,2
DA:13,2
DA:17,2
DA:62,2
LF:5
LH:5
BRF:0
BRH:0
end_of_record
TN:
SF:models\index.js
FN:20,(anonymous_0)
FN:23,(anonymous_1)
FN:28,(anonymous_2)
FNF:3
FNH:3
FNDA:30,(anonymous_0)
FNDA:28,(anonymous_1)
FNDA:28,(anonymous_2)
DA:3,2
DA:4,2
DA:5,2
DA:6,2
DA:7,2
DA:8,2
DA:9,2
DA:12,2
DA:13,0
DA:15,2
DA:18,2
DA:21,30
DA:24,28
DA:25,28
DA:28,2
DA:29,28
DA:30,28
DA:34,2
DA:35,2
DA:37,2
LF:20
LH:19
BRDA:7,0,0,2
BRDA:7,0,1,0
BRDA:12,1,0,0
BRDA:12,1,1,2
BRDA:21,2,0,30
BRDA:21,2,1,30
BRDA:21,2,2,28
BRDA:29,3,0,28
BRDA:29,3,1,0
BRF:9
BRH:6
end_of_record
TN:
SF:models\ingredient.js
FN:5,(anonymous_0)
FN:12,(anonymous_1)
FNF:2
FNH:2
FNDA:2,(anonymous_0)
FNDA:2,(anonymous_1)
DA:4,2
DA:5,2
DA:16,2
DA:38,2
LF:4
LH:4
BRF:0
BRH:0
end_of_record
TN:
SF:models\recipe.js
FN:5,(anonymous_0)
FN:12,(anonymous_1)
FNF:2
FNH:2
FNDA:2,(anonymous_0)
FNDA:2,(anonymous_1)
DA:4,2
DA:5,2
DA:13,2
DA:16,2
DA:58,2
LF:5
LH:5
BRF:0
BRH:0
end_of_record
TN:
SF:models\recipecategories.js
FN:5,(anonymous_0)
FN:12,(anonymous_1)
FNF:2
FNH:2
FNDA:2,(anonymous_0)
FNDA:2,(anonymous_1)
DA:4,2
DA:5,2
DA:16,2
DA:37,2
LF:4
LH:4
BRF:0
BRH:0
end_of_record
TN:
SF:models\recipecomment.js
FN:5,(anonymous_0)
FN:12,(anonymous_1)
FNF:2
FNH:2
FNDA:2,(anonymous_0)
FNDA:2,(anonymous_1)
DA:4,2
DA:5,2
DA:16,2
DA:45,2
LF:4
LH:4
BRF:0
BRH:0
end_of_record
TN:
SF:models\recipeingredients.js
FN:5,(anonymous_0)
FN:12,(anonymous_1)
FNF:2
FNH:2
FNDA:2,(anonymous_0)
FNDA:2,(anonymous_1)
DA:4,2
DA:5,2
DA:16,2
DA:45,2
LF:4
LH:4
BRF:0
BRH:0
end_of_record
TN:
SF:models\reciperating.js
FN:5,(anonymous_0)
FN:12,(anonymous_1)
FNF:2
FNH:2
FNDA:2,(anonymous_0)
FNDA:2,(anonymous_1)
DA:4,2
DA:5,2
DA:16,2
DA:53,2
LF:4
LH:4
BRF:0
BRH:0
end_of_record
TN:
SF:models\user.js
FN:6,(anonymous_0)
FN:13,(anonymous_1)
FN:76,(anonymous_2)
FNF:3
FNH:3
FNDA:2,(anonymous_0)
FNDA:2,(anonymous_1)
FNDA:9,(anonymous_2)
DA:2,2
DA:5,2
DA:6,2
DA:14,2
DA:18,2
DA:76,2
DA:77,9
DA:78,9
DA:81,2
LF:9
LH:9
BRF:0
BRH:0
end_of_record
TN:
SF:models\userclass.js
FN:5,(anonymous_0)
FN:12,(anonymous_1)
FNF:2
FNH:2
FNDA:2,(anonymous_0)
FNDA:2,(anonymous_1)
DA:4,2
DA:5,2
DA:13,2
DA:14,2
DA:18,2
DA:47,2
LF:6
LH:6
BRF:0
BRH:0
end_of_record
TN:
SF:models\userfavoritedrecipe.js
FN:5,(anonymous_0)
FN:12,(anonymous_1)
FNF:2
FNH:2
FNDA:2,(anonymous_0)
FNDA:2,(anonymous_1)
DA:4,2
DA:5,2
DA:13,2
DA:17,2
DA:38,2
LF:5
LH:5
BRF:0
BRH:0
end_of_record
TN:
SF:models\userfollow.js
FN:5,(anonymous_0)
FN:12,(anonymous_1)
FNF:2
FNH:2
FNDA:2,(anonymous_0)
FNDA:2,(anonymous_1)
DA:4,2
DA:5,2
DA:16,2
DA:37,2
LF:4
LH:4
BRF:0
BRH:0
end_of_record
TN:
SF:models\usernotification.js
FN:5,(anonymous_0)
FN:12,(anonymous_1)
FNF:2
FNH:2
FNDA:2,(anonymous_0)
FNDA:2,(anonymous_1)
DA:4,2
DA:5,2
DA:16,2
DA:45,2
LF:4
LH:4
BRF:0
BRH:0
end_of_record
TN:
SF:router\categoriesRouter.js
FNF:0
FNH:0
DA:1,2
DA:2,2
DA:3,2
DA:4,2
DA:6,2
DA:7,2
DA:8,2
DA:9,2
DA:10,2
DA:12,2
LF:10
LH:10
BRF:0
BRH:0
end_of_record
TN:
SF:router\classRouter.js
FNF:0
FNH:0
DA:1,2
DA:2,2
DA:4,2
DA:5,2
DA:7,2
DA:8,2
DA:9,2
DA:10,2
DA:13,2
DA:14,2
DA:15,2
DA:16,2
DA:18,2
LF:13
LH:13
BRF:0
BRH:0
end_of_record
TN:
SF:router\index.js
FNF:0
FNH:0
DA:1,2
DA:2,2
DA:3,2
DA:4,2
DA:5,2
DA:6,2
DA:7,2
DA:8,2
DA:9,2
DA:12,2
DA:13,2
DA:16,2
DA:19,2
DA:20,2
DA:21,2
DA:22,2
DA:23,2
DA:25,2
DA:28,2
LF:19
LH:19
BRF:0
BRH:0
end_of_record
TN:
SF:router\ingredientsRouter.js
FNF:0
FNH:0
DA:1,2
DA:2,2
DA:4,2
DA:5,2
DA:6,2
DA:7,2
DA:8,2
DA:10,2
LF:8
LH:8
BRF:0
BRH:0
end_of_record
TN:
SF:router\recipeRouter.js
FNF:0
FNH:0
DA:1,2
DA:2,2
DA:3,2
DA:4,2
DA:14,2
DA:17,2
DA:19,2
DA:21,2
DA:23,2
DA:25,2
DA:32,2
DA:35,2
DA:37,2
DA:38,2
LF:14
LH:14
BRF:0
BRH:0
end_of_record
TN:
SF:router\userRouter.js
FNF:0
FNH:0
DA:1,2
DA:2,2
DA:3,2
DA:4,2
DA:5,2
DA:8,2
DA:9,2
DA:10,2
DA:12,2
DA:20,2
LF:10
LH:10
BRF:0
BRH:0
end_of_record
